<?xml version="1.0" encoding="UTF-8"?>
<testsuite name="karate.booking.BookingRunner" tests="21" skipped="0" failures="0" errors="0" timestamp="2023-03-18T01:36:41" hostname="DESKTOP-MGGS3TP" time="17.442">
  <properties/>
  <testcase name="[1.1:50] Successfully create a reservation for a user" classname="karate.booking.BookingRunner" time="5.62"/>
  <testcase name="[1.2:51] Successfully create a reservation for a user" classname="karate.booking.BookingRunner" time="0.384"/>
  <testcase name="[2.1:67] Alternative Scenary to create a reservation for a user" classname="karate.booking.BookingRunner" time="0.36"/>
  <testcase name="[2.2:68] Alternative Scenary to create a reservation for a user" classname="karate.booking.BookingRunner" time="0.356"/>
  <testcase name="[2.3:69] Alternative Scenary to create a reservation for a user" classname="karate.booking.BookingRunner" time="0.369"/>
  <testcase name="[3.1:99] Alternate scenario where headers are sent incorrectly" classname="karate.booking.BookingRunner" time="0.333"/>
  <testcase name="[3.2:100] Alternate scenario where headers are sent incorrectly" classname="karate.booking.BookingRunner" time="0.373"/>
  <testcase name="[3.3:101] Alternate scenario where headers are sent incorrectly" classname="karate.booking.BookingRunner" time="0.358"/>
  <testcase name="[3.4:102] Alternate scenario where headers are sent incorrectly" classname="karate.booking.BookingRunner" time="0.35"/>
  <testcase name="[3.5:103] Alternate scenario where headers are sent incorrectly" classname="karate.booking.BookingRunner" time="0.342"/>
  <testcase name="[4.1:133] Alternative scenario where no value is sent to checkin and checkout" classname="karate.booking.BookingRunner" time="0.336"/>
  <testcase name="[4.2:134] Alternative scenario where no value is sent to checkin and checkout" classname="karate.booking.BookingRunner" time="0.349"/>
  <testcase name="[5.1:151] Validate by obtaining an existing booking ID and validate that the correct booking information is returned." classname="karate.booking.BookingRunner" time="0.387"/>
  <testcase name="[5.2:152] Validate by obtaining an existing booking ID and validate that the correct booking information is returned." classname="karate.booking.BookingRunner" time="0.351"/>
  <testcase name="[5.3:153] Validate by obtaining an existing booking ID and validate that the correct booking information is returned." classname="karate.booking.BookingRunner" time="0.363"/>
  <testcase name="[6.1:167] Validate a booking ID that does not exist and validate that a 404 error is returned" classname="karate.booking.BookingRunner" time="0.332"/>
  <testcase name="[6.2:168] Validate a booking ID that does not exist and validate that a 404 error is returned" classname="karate.booking.BookingRunner" time="0.356"/>
  <testcase name="[6.3:169] Validate a booking ID that does not exist and validate that a 404 error is returned" classname="karate.booking.BookingRunner" time="0.338"/>
  <testcase name="[6.4:170] Validate a booking ID that does not exist and validate that a 404 error is returned" classname="karate.booking.BookingRunner" time="0.343"/>
  <testcase name="[7.1:216] Validate booking update successfully" classname="karate.booking.BookingRunner" time="0.675"/>
  <testcase name="[8.1:247] Validate booking update failed" classname="karate.booking.BookingRunner" time="4.731"/>
  <system-out><![CDATA[20:36:41.059 [Test worker] DEBUG com.intuit.karate.Suite - [config] classpath:karate-config.js
20:36:45.393 [Test worker] DEBUG com.jayway.jsonpath.internal.path.CompiledPath - Evaluating path: $
20:36:45.506 [Test worker] DEBUG io.netty.util.internal.logging.InternalLoggerFactory - Using SLF4J as the default logging framework
20:36:45.513 [Test worker] DEBUG io.netty.util.internal.PlatformDependent0 - -Dio.netty.noUnsafe: false
20:36:45.514 [Test worker] DEBUG io.netty.util.internal.PlatformDependent0 - Java version: 11
20:36:45.516 [Test worker] DEBUG io.netty.util.internal.PlatformDependent0 - sun.misc.Unsafe.theUnsafe: available
20:36:45.518 [Test worker] DEBUG io.netty.util.internal.PlatformDependent0 - sun.misc.Unsafe.copyMemory: available
20:36:45.519 [Test worker] DEBUG io.netty.util.internal.PlatformDependent0 - java.nio.Buffer.address: available
20:36:45.521 [Test worker] DEBUG io.netty.util.internal.PlatformDependent0 - direct buffer constructor: unavailable: Reflective setAccessible(true) disabled
20:36:45.523 [Test worker] DEBUG io.netty.util.internal.PlatformDependent0 - java.nio.Bits.unaligned: available, true
20:36:45.525 [Test worker] DEBUG io.netty.util.internal.PlatformDependent0 - jdk.internal.misc.Unsafe.allocateUninitializedArray(int): unavailable: class io.netty.util.internal.PlatformDependent0$6 cannot access class jdk.internal.misc.Unsafe (in module java.base) because module java.base does not export jdk.internal.misc to unnamed module @eb6ec6
20:36:45.529 [Test worker] DEBUG io.netty.util.internal.PlatformDependent0 - java.nio.DirectByteBuffer.<init>(long, int): unavailable
20:36:45.530 [Test worker] DEBUG io.netty.util.internal.PlatformDependent - sun.misc.Unsafe: available
20:36:45.530 [Test worker] DEBUG io.netty.util.internal.PlatformDependent - maxDirectMemory: 536870912 bytes (maybe)
20:36:45.531 [Test worker] DEBUG io.netty.util.internal.PlatformDependent - -Dio.netty.tmpdir: C:\Users\DYLAN\AppData\Local\Temp (java.io.tmpdir)
20:36:45.531 [Test worker] DEBUG io.netty.util.internal.PlatformDependent - -Dio.netty.bitMode: 64 (sun.arch.data.model)
20:36:45.532 [Test worker] DEBUG io.netty.util.internal.PlatformDependent - Platform: Windows
20:36:45.534 [Test worker] DEBUG io.netty.util.internal.PlatformDependent - -Dio.netty.maxDirectMemory: -1 bytes
20:36:45.534 [Test worker] DEBUG io.netty.util.internal.PlatformDependent - -Dio.netty.uninitializedArrayAllocationThreshold: -1
20:36:45.537 [Test worker] DEBUG io.netty.util.internal.CleanerJava9 - java.nio.ByteBuffer.cleaner(): available
20:36:45.538 [Test worker] DEBUG io.netty.util.internal.PlatformDependent - -Dio.netty.noPreferDirect: false
20:36:45.788 [Test worker] DEBUG org.apache.http.client.protocol.RequestAddCookies - CookieSpec selected: karate
20:36:45.812 [Test worker] DEBUG org.apache.http.client.protocol.RequestAuthCache - Auth cache not set in the context
20:36:45.818 [Test worker] DEBUG com.intuit.karate - request:
1 > POST https://restful-booker.herokuapp.com/booking
1 > Content-Type: application/json; charset=UTF-8
1 > Accept: application/json
1 > Content-Length: 170
1 > Host: restful-booker.herokuapp.com
1 > Connection: Keep-Alive
1 > User-Agent: Apache-HttpClient/4.5.13 (Java/11.0.8)
1 > Accept-Encoding: gzip,deflate
{"firstname":"Jim","lastname":"Brown","totalprice":111,"depositpaid":"true","bookingdates":{"checkin":"2019-01-01","checkout":"2019-01-01"},"additionalneeds":"Breakfast"}

20:36:45.821 [Test worker] DEBUG org.apache.http.impl.conn.PoolingHttpClientConnectionManager - Connection request: [route: {s}->https://restful-booker.herokuapp.com:443][total available: 0; route allocated: 0 of 5; total allocated: 0 of 10]
20:36:45.848 [Test worker] DEBUG org.apache.http.impl.conn.PoolingHttpClientConnectionManager - Connection leased: [id: 0][route: {s}->https://restful-booker.herokuapp.com:443][total available: 0; route allocated: 1 of 5; total allocated: 1 of 10]
20:36:45.851 [Test worker] DEBUG org.apache.http.impl.execchain.MainClientExec - Opening connection {s}->https://restful-booker.herokuapp.com:443
20:36:45.915 [Test worker] DEBUG org.apache.http.impl.conn.DefaultHttpClientConnectionOperator - Connecting to restful-booker.herokuapp.com/107.22.57.98:443
20:36:45.916 [Test worker] DEBUG org.apache.http.conn.ssl.LenientSslConnectionSocketFactory - Connecting socket to restful-booker.herokuapp.com/107.22.57.98:443 with timeout 15000
20:36:46.063 [Test worker] DEBUG org.apache.http.conn.ssl.LenientSslConnectionSocketFactory - Enabled protocols: [TLSv1.3, TLSv1.2, TLSv1.1, TLSv1]
20:36:46.063 [Test worker] DEBUG org.apache.http.conn.ssl.LenientSslConnectionSocketFactory - Enabled cipher suites:[TLS_AES_128_GCM_SHA256, TLS_AES_256_GCM_SHA384, TLS_ECDHE_ECDSA_WITH_AES_256_GCM_SHA384, TLS_ECDHE_ECDSA_WITH_AES_128_GCM_SHA256, TLS_ECDHE_RSA_WITH_AES_256_GCM_SHA384, TLS_RSA_WITH_AES_256_GCM_SHA384, TLS_ECDH_ECDSA_WITH_AES_256_GCM_SHA384, TLS_ECDH_RSA_WITH_AES_256_GCM_SHA384, TLS_DHE_RSA_WITH_AES_256_GCM_SHA384, TLS_DHE_DSS_WITH_AES_256_GCM_SHA384, TLS_ECDHE_RSA_WITH_AES_128_GCM_SHA256, TLS_RSA_WITH_AES_128_GCM_SHA256, TLS_ECDH_ECDSA_WITH_AES_128_GCM_SHA256, TLS_ECDH_RSA_WITH_AES_128_GCM_SHA256, TLS_DHE_RSA_WITH_AES_128_GCM_SHA256, TLS_DHE_DSS_WITH_AES_128_GCM_SHA256, TLS_ECDHE_ECDSA_WITH_AES_256_CBC_SHA384, TLS_ECDHE_RSA_WITH_AES_256_CBC_SHA384, TLS_RSA_WITH_AES_256_CBC_SHA256, TLS_ECDH_ECDSA_WITH_AES_256_CBC_SHA384, TLS_ECDH_RSA_WITH_AES_256_CBC_SHA384, TLS_DHE_RSA_WITH_AES_256_CBC_SHA256, TLS_DHE_DSS_WITH_AES_256_CBC_SHA256, TLS_ECDHE_ECDSA_WITH_AES_256_CBC_SHA, TLS_ECDHE_RSA_WITH_AES_256_CBC_SHA, TLS_RSA_WITH_AES_256_CBC_SHA, TLS_ECDH_ECDSA_WITH_AES_256_CBC_SHA, TLS_ECDH_RSA_WITH_AES_256_CBC_SHA, TLS_DHE_RSA_WITH_AES_256_CBC_SHA, TLS_DHE_DSS_WITH_AES_256_CBC_SHA, TLS_ECDHE_ECDSA_WITH_AES_128_CBC_SHA256, TLS_ECDHE_RSA_WITH_AES_128_CBC_SHA256, TLS_RSA_WITH_AES_128_CBC_SHA256, TLS_ECDH_ECDSA_WITH_AES_128_CBC_SHA256, TLS_ECDH_RSA_WITH_AES_128_CBC_SHA256, TLS_DHE_RSA_WITH_AES_128_CBC_SHA256, TLS_DHE_DSS_WITH_AES_128_CBC_SHA256, TLS_ECDHE_ECDSA_WITH_AES_128_CBC_SHA, TLS_ECDHE_RSA_WITH_AES_128_CBC_SHA, TLS_RSA_WITH_AES_128_CBC_SHA, TLS_ECDH_ECDSA_WITH_AES_128_CBC_SHA, TLS_ECDH_RSA_WITH_AES_128_CBC_SHA, TLS_DHE_RSA_WITH_AES_128_CBC_SHA, TLS_DHE_DSS_WITH_AES_128_CBC_SHA, TLS_EMPTY_RENEGOTIATION_INFO_SCSV]
20:36:46.063 [Test worker] DEBUG org.apache.http.conn.ssl.LenientSslConnectionSocketFactory - Starting handshake
20:36:46.617 [Test worker] DEBUG org.apache.http.conn.ssl.LenientSslConnectionSocketFactory - Secure session established
20:36:46.617 [Test worker] DEBUG org.apache.http.conn.ssl.LenientSslConnectionSocketFactory -  negotiated protocol: TLSv1.2
20:36:46.617 [Test worker] DEBUG org.apache.http.conn.ssl.LenientSslConnectionSocketFactory -  negotiated cipher suite: TLS_ECDHE_RSA_WITH_AES_128_GCM_SHA256
20:36:46.619 [Test worker] DEBUG org.apache.http.conn.ssl.LenientSslConnectionSocketFactory -  peer principal: CN=*.herokuapp.com
20:36:46.621 [Test worker] DEBUG org.apache.http.conn.ssl.LenientSslConnectionSocketFactory -  peer alternative names: [*.herokuapp.com]
20:36:46.622 [Test worker] DEBUG org.apache.http.conn.ssl.LenientSslConnectionSocketFactory -  issuer principal: CN=Amazon RSA 2048 M02, O=Amazon, C=US
20:36:46.623 [Test worker] DEBUG org.apache.http.impl.conn.DefaultHttpClientConnectionOperator - Connection established 192.168.20.32:55590<->107.22.57.98:443
20:36:46.624 [Test worker] DEBUG org.apache.http.impl.conn.DefaultManagedHttpClientConnection - http-outgoing-0: set socket timeout to 15000
20:36:46.624 [Test worker] DEBUG org.apache.http.impl.execchain.MainClientExec - Executing request POST /booking HTTP/1.1
20:36:46.624 [Test worker] DEBUG org.apache.http.impl.execchain.MainClientExec - Target auth state: UNCHALLENGED
20:36:46.625 [Test worker] DEBUG org.apache.http.impl.execchain.MainClientExec - Proxy auth state: UNCHALLENGED
20:36:46.628 [Test worker] DEBUG org.apache.http.headers - http-outgoing-0 >> POST /booking HTTP/1.1
20:36:46.628 [Test worker] DEBUG org.apache.http.headers - http-outgoing-0 >> Content-Type: application/json; charset=UTF-8
20:36:46.628 [Test worker] DEBUG org.apache.http.headers - http-outgoing-0 >> Accept: application/json
20:36:46.628 [Test worker] DEBUG org.apache.http.headers - http-outgoing-0 >> Content-Length: 170
20:36:46.628 [Test worker] DEBUG org.apache.http.headers - http-outgoing-0 >> Host: restful-booker.herokuapp.com
20:36:46.628 [Test worker] DEBUG org.apache.http.headers - http-outgoing-0 >> Connection: Keep-Alive
20:36:46.628 [Test worker] DEBUG org.apache.http.headers - http-outgoing-0 >> User-Agent: Apache-HttpClient/4.5.13 (Java/11.0.8)
20:36:46.629 [Test worker] DEBUG org.apache.http.headers - http-outgoing-0 >> Accept-Encoding: gzip,deflate
20:36:46.629 [Test worker] DEBUG org.apache.http.wire - http-outgoing-0 >> "POST /booking HTTP/1.1[\r][\n]"
20:36:46.629 [Test worker] DEBUG org.apache.http.wire - http-outgoing-0 >> "Content-Type: application/json; charset=UTF-8[\r][\n]"
20:36:46.629 [Test worker] DEBUG org.apache.http.wire - http-outgoing-0 >> "Accept: application/json[\r][\n]"
20:36:46.630 [Test worker] DEBUG org.apache.http.wire - http-outgoing-0 >> "Content-Length: 170[\r][\n]"
20:36:46.630 [Test worker] DEBUG org.apache.http.wire - http-outgoing-0 >> "Host: restful-booker.herokuapp.com[\r][\n]"
20:36:46.630 [Test worker] DEBUG org.apache.http.wire - http-outgoing-0 >> "Connection: Keep-Alive[\r][\n]"
20:36:46.630 [Test worker] DEBUG org.apache.http.wire - http-outgoing-0 >> "User-Agent: Apache-HttpClient/4.5.13 (Java/11.0.8)[\r][\n]"
20:36:46.630 [Test worker] DEBUG org.apache.http.wire - http-outgoing-0 >> "Accept-Encoding: gzip,deflate[\r][\n]"
20:36:46.630 [Test worker] DEBUG org.apache.http.wire - http-outgoing-0 >> "[\r][\n]"
20:36:46.631 [Test worker] DEBUG org.apache.http.wire - http-outgoing-0 >> "{"firstname":"Jim","lastname":"Brown","totalprice":111,"depositpaid":"true","bookingdates":{"checkin":"2019-01-01","checkout":"2019-01-01"},"additionalneeds":"Breakfast"}"
20:36:46.710 [Test worker] DEBUG org.apache.http.wire - http-outgoing-0 << "HTTP/1.1 200 OK[\r][\n]"
20:36:46.710 [Test worker] DEBUG org.apache.http.wire - http-outgoing-0 << "Server: Cowboy[\r][\n]"
20:36:46.711 [Test worker] DEBUG org.apache.http.wire - http-outgoing-0 << "Connection: keep-alive[\r][\n]"
20:36:46.711 [Test worker] DEBUG org.apache.http.wire - http-outgoing-0 << "X-Powered-By: Express[\r][\n]"
20:36:46.711 [Test worker] DEBUG org.apache.http.wire - http-outgoing-0 << "Content-Type: application/json; charset=utf-8[\r][\n]"
20:36:46.711 [Test worker] DEBUG org.apache.http.wire - http-outgoing-0 << "Content-Length: 197[\r][\n]"
20:36:46.711 [Test worker] DEBUG org.apache.http.wire - http-outgoing-0 << "Etag: W/"c5-1EzEG82pRCDLYIgzooWc83Nwg40"[\r][\n]"
20:36:46.711 [Test worker] DEBUG org.apache.http.wire - http-outgoing-0 << "Date: Sat, 18 Mar 2023 01:36:46 GMT[\r][\n]"
20:36:46.711 [Test worker] DEBUG org.apache.http.wire - http-outgoing-0 << "Via: 1.1 vegur[\r][\n]"
20:36:46.711 [Test worker] DEBUG org.apache.http.wire - http-outgoing-0 << "[\r][\n]"
20:36:46.711 [Test worker] DEBUG org.apache.http.wire - http-outgoing-0 << "{"bookingid":3600,"booking":{"firstname":"Jim","lastname":"Brown","totalprice":111,"depositpaid":true,"bookingdates":{"checkin":"2019-01-01","checkout":"2019-01-01"},"additionalneeds":"Breakfast"}}"
20:36:46.715 [Test worker] DEBUG org.apache.http.headers - http-outgoing-0 << HTTP/1.1 200 OK
20:36:46.715 [Test worker] DEBUG org.apache.http.headers - http-outgoing-0 << Server: Cowboy
20:36:46.715 [Test worker] DEBUG org.apache.http.headers - http-outgoing-0 << Connection: keep-alive
20:36:46.715 [Test worker] DEBUG org.apache.http.headers - http-outgoing-0 << X-Powered-By: Express
20:36:46.715 [Test worker] DEBUG org.apache.http.headers - http-outgoing-0 << Content-Type: application/json; charset=utf-8
20:36:46.715 [Test worker] DEBUG org.apache.http.headers - http-outgoing-0 << Content-Length: 197
20:36:46.716 [Test worker] DEBUG org.apache.http.headers - http-outgoing-0 << Etag: W/"c5-1EzEG82pRCDLYIgzooWc83Nwg40"
20:36:46.716 [Test worker] DEBUG org.apache.http.headers - http-outgoing-0 << Date: Sat, 18 Mar 2023 01:36:46 GMT
20:36:46.716 [Test worker] DEBUG org.apache.http.headers - http-outgoing-0 << Via: 1.1 vegur
20:36:46.722 [Test worker] DEBUG org.apache.http.impl.execchain.MainClientExec - Connection can be kept alive indefinitely
20:36:46.729 [Test worker] DEBUG org.apache.http.impl.conn.PoolingHttpClientConnectionManager - Connection [id: 0][route: {s}->https://restful-booker.herokuapp.com:443] can be kept alive indefinitely
20:36:46.729 [Test worker] DEBUG org.apache.http.impl.conn.DefaultManagedHttpClientConnection - http-outgoing-0: set socket timeout to 0
20:36:46.729 [Test worker] DEBUG org.apache.http.impl.conn.PoolingHttpClientConnectionManager - Connection released: [id: 0][route: {s}->https://restful-booker.herokuapp.com:443][total available: 1; route allocated: 1 of 5; total allocated: 1 of 10]
20:36:46.736 [Test worker] DEBUG com.intuit.karate - response time in milliseconds: 912
1 < 200
1 < Server: Cowboy
1 < Connection: keep-alive
1 < X-Powered-By: Express
1 < Content-Type: application/json; charset=utf-8
1 < Content-Length: 197
1 < Etag: W/"c5-1EzEG82pRCDLYIgzooWc83Nwg40"
1 < Date: Sat, 18 Mar 2023 01:36:46 GMT
1 < Via: 1.1 vegur
{"bookingid":3600,"booking":{"firstname":"Jim","lastname":"Brown","totalprice":111,"depositpaid":true,"bookingdates":{"checkin":"2019-01-01","checkout":"2019-01-01"},"additionalneeds":"Breakfast"}}

20:36:46.746 [Test worker] INFO com.intuit.karate - [print] {
  "bookingid": 3600,
  "booking": {
    "firstname": "Jim",
    "lastname": "Brown",
    "totalprice": 111,
    "depositpaid": true,
    "bookingdates": {
      "checkin": "2019-01-01",
      "checkout": "2019-01-01"
    },
    "additionalneeds": "Breakfast"
  }
}
 
20:36:46.754 [Test worker] DEBUG com.jayway.jsonpath.internal.path.CompiledPath - Evaluating path: $
20:36:46.801 [Test worker] DEBUG com.jayway.jsonpath.internal.path.CompiledPath - Evaluating path: $
20:36:46.805 [Test worker] DEBUG org.apache.http.client.protocol.RequestAddCookies - CookieSpec selected: karate
20:36:46.805 [Test worker] DEBUG org.apache.http.client.protocol.RequestAuthCache - Auth cache not set in the context
20:36:46.806 [Test worker] DEBUG com.intuit.karate - request:
1 > POST https://restful-booker.herokuapp.com/booking
1 > Content-Type: application/json; charset=UTF-8
1 > Accept: application/json
1 > Content-Length: 172
1 > Host: restful-booker.herokuapp.com
1 > Connection: Keep-Alive
1 > User-Agent: Apache-HttpClient/4.5.13 (Java/11.0.8)
1 > Accept-Encoding: gzip,deflate
{"firstname":"Dylan","lastname":"Llano","totalprice":111,"depositpaid":"true","bookingdates":{"checkin":"2019-01-01","checkout":"2019-01-01"},"additionalneeds":"Breakfast"}

20:36:46.806 [Test worker] DEBUG org.apache.http.impl.conn.PoolingHttpClientConnectionManager - Connection request: [route: {s}->https://restful-booker.herokuapp.com:443][total available: 0; route allocated: 0 of 5; total allocated: 0 of 10]
20:36:46.806 [Test worker] DEBUG org.apache.http.impl.conn.PoolingHttpClientConnectionManager - Connection leased: [id: 1][route: {s}->https://restful-booker.herokuapp.com:443][total available: 0; route allocated: 1 of 5; total allocated: 1 of 10]
20:36:46.806 [Test worker] DEBUG org.apache.http.impl.execchain.MainClientExec - Opening connection {s}->https://restful-booker.herokuapp.com:443
20:36:46.807 [Test worker] DEBUG org.apache.http.impl.conn.DefaultHttpClientConnectionOperator - Connecting to restful-booker.herokuapp.com/107.22.57.98:443
20:36:46.807 [Test worker] DEBUG org.apache.http.conn.ssl.LenientSslConnectionSocketFactory - Connecting socket to restful-booker.herokuapp.com/107.22.57.98:443 with timeout 15000
20:36:46.883 [Test worker] DEBUG org.apache.http.conn.ssl.LenientSslConnectionSocketFactory - Enabled protocols: [TLSv1.3, TLSv1.2, TLSv1.1, TLSv1]
20:36:46.883 [Test worker] DEBUG org.apache.http.conn.ssl.LenientSslConnectionSocketFactory - Enabled cipher suites:[TLS_AES_128_GCM_SHA256, TLS_AES_256_GCM_SHA384, TLS_ECDHE_ECDSA_WITH_AES_256_GCM_SHA384, TLS_ECDHE_ECDSA_WITH_AES_128_GCM_SHA256, TLS_ECDHE_RSA_WITH_AES_256_GCM_SHA384, TLS_RSA_WITH_AES_256_GCM_SHA384, TLS_ECDH_ECDSA_WITH_AES_256_GCM_SHA384, TLS_ECDH_RSA_WITH_AES_256_GCM_SHA384, TLS_DHE_RSA_WITH_AES_256_GCM_SHA384, TLS_DHE_DSS_WITH_AES_256_GCM_SHA384, TLS_ECDHE_RSA_WITH_AES_128_GCM_SHA256, TLS_RSA_WITH_AES_128_GCM_SHA256, TLS_ECDH_ECDSA_WITH_AES_128_GCM_SHA256, TLS_ECDH_RSA_WITH_AES_128_GCM_SHA256, TLS_DHE_RSA_WITH_AES_128_GCM_SHA256, TLS_DHE_DSS_WITH_AES_128_GCM_SHA256, TLS_ECDHE_ECDSA_WITH_AES_256_CBC_SHA384, TLS_ECDHE_RSA_WITH_AES_256_CBC_SHA384, TLS_RSA_WITH_AES_256_CBC_SHA256, TLS_ECDH_ECDSA_WITH_AES_256_CBC_SHA384, TLS_ECDH_RSA_WITH_AES_256_CBC_SHA384, TLS_DHE_RSA_WITH_AES_256_CBC_SHA256, TLS_DHE_DSS_WITH_AES_256_CBC_SHA256, TLS_ECDHE_ECDSA_WITH_AES_256_CBC_SHA, TLS_ECDHE_RSA_WITH_AES_256_CBC_SHA, TLS_RSA_WITH_AES_256_CBC_SHA, TLS_ECDH_ECDSA_WITH_AES_256_CBC_SHA, TLS_ECDH_RSA_WITH_AES_256_CBC_SHA, TLS_DHE_RSA_WITH_AES_256_CBC_SHA, TLS_DHE_DSS_WITH_AES_256_CBC_SHA, TLS_ECDHE_ECDSA_WITH_AES_128_CBC_SHA256, TLS_ECDHE_RSA_WITH_AES_128_CBC_SHA256, TLS_RSA_WITH_AES_128_CBC_SHA256, TLS_ECDH_ECDSA_WITH_AES_128_CBC_SHA256, TLS_ECDH_RSA_WITH_AES_128_CBC_SHA256, TLS_DHE_RSA_WITH_AES_128_CBC_SHA256, TLS_DHE_DSS_WITH_AES_128_CBC_SHA256, TLS_ECDHE_ECDSA_WITH_AES_128_CBC_SHA, TLS_ECDHE_RSA_WITH_AES_128_CBC_SHA, TLS_RSA_WITH_AES_128_CBC_SHA, TLS_ECDH_ECDSA_WITH_AES_128_CBC_SHA, TLS_ECDH_RSA_WITH_AES_128_CBC_SHA, TLS_DHE_RSA_WITH_AES_128_CBC_SHA, TLS_DHE_DSS_WITH_AES_128_CBC_SHA, TLS_EMPTY_RENEGOTIATION_INFO_SCSV]
20:36:46.883 [Test worker] DEBUG org.apache.http.conn.ssl.LenientSslConnectionSocketFactory - Starting handshake
20:36:47.069 [Test worker] DEBUG org.apache.http.conn.ssl.LenientSslConnectionSocketFactory - Secure session established
20:36:47.069 [Test worker] DEBUG org.apache.http.conn.ssl.LenientSslConnectionSocketFactory -  negotiated protocol: TLSv1.2
20:36:47.069 [Test worker] DEBUG org.apache.http.conn.ssl.LenientSslConnectionSocketFactory -  negotiated cipher suite: TLS_ECDHE_RSA_WITH_AES_128_GCM_SHA256
20:36:47.069 [Test worker] DEBUG org.apache.http.conn.ssl.LenientSslConnectionSocketFactory -  peer principal: CN=*.herokuapp.com
20:36:47.070 [Test worker] DEBUG org.apache.http.conn.ssl.LenientSslConnectionSocketFactory -  peer alternative names: [*.herokuapp.com]
20:36:47.070 [Test worker] DEBUG org.apache.http.conn.ssl.LenientSslConnectionSocketFactory -  issuer principal: CN=Amazon RSA 2048 M02, O=Amazon, C=US
20:36:47.070 [Test worker] DEBUG org.apache.http.impl.conn.DefaultHttpClientConnectionOperator - Connection established 192.168.20.32:55591<->107.22.57.98:443
20:36:47.070 [Test worker] DEBUG org.apache.http.impl.conn.DefaultManagedHttpClientConnection - http-outgoing-1: set socket timeout to 15000
20:36:47.070 [Test worker] DEBUG org.apache.http.impl.execchain.MainClientExec - Executing request POST /booking HTTP/1.1
20:36:47.070 [Test worker] DEBUG org.apache.http.impl.execchain.MainClientExec - Target auth state: UNCHALLENGED
20:36:47.070 [Test worker] DEBUG org.apache.http.impl.execchain.MainClientExec - Proxy auth state: UNCHALLENGED
20:36:47.070 [Test worker] DEBUG org.apache.http.headers - http-outgoing-1 >> POST /booking HTTP/1.1
20:36:47.071 [Test worker] DEBUG org.apache.http.headers - http-outgoing-1 >> Content-Type: application/json; charset=UTF-8
20:36:47.071 [Test worker] DEBUG org.apache.http.headers - http-outgoing-1 >> Accept: application/json
20:36:47.071 [Test worker] DEBUG org.apache.http.headers - http-outgoing-1 >> Content-Length: 172
20:36:47.071 [Test worker] DEBUG org.apache.http.headers - http-outgoing-1 >> Host: restful-booker.herokuapp.com
20:36:47.071 [Test worker] DEBUG org.apache.http.headers - http-outgoing-1 >> Connection: Keep-Alive
20:36:47.071 [Test worker] DEBUG org.apache.http.headers - http-outgoing-1 >> User-Agent: Apache-HttpClient/4.5.13 (Java/11.0.8)
20:36:47.071 [Test worker] DEBUG org.apache.http.headers - http-outgoing-1 >> Accept-Encoding: gzip,deflate
20:36:47.071 [Test worker] DEBUG org.apache.http.wire - http-outgoing-1 >> "POST /booking HTTP/1.1[\r][\n]"
20:36:47.071 [Test worker] DEBUG org.apache.http.wire - http-outgoing-1 >> "Content-Type: application/json; charset=UTF-8[\r][\n]"
20:36:47.071 [Test worker] DEBUG org.apache.http.wire - http-outgoing-1 >> "Accept: application/json[\r][\n]"
20:36:47.071 [Test worker] DEBUG org.apache.http.wire - http-outgoing-1 >> "Content-Length: 172[\r][\n]"
20:36:47.072 [Test worker] DEBUG org.apache.http.wire - http-outgoing-1 >> "Host: restful-booker.herokuapp.com[\r][\n]"
20:36:47.072 [Test worker] DEBUG org.apache.http.wire - http-outgoing-1 >> "Connection: Keep-Alive[\r][\n]"
20:36:47.072 [Test worker] DEBUG org.apache.http.wire - http-outgoing-1 >> "User-Agent: Apache-HttpClient/4.5.13 (Java/11.0.8)[\r][\n]"
20:36:47.072 [Test worker] DEBUG org.apache.http.wire - http-outgoing-1 >> "Accept-Encoding: gzip,deflate[\r][\n]"
20:36:47.072 [Test worker] DEBUG org.apache.http.wire - http-outgoing-1 >> "[\r][\n]"
20:36:47.072 [Test worker] DEBUG org.apache.http.wire - http-outgoing-1 >> "{"firstname":"Dylan","lastname":"Llano","totalprice":111,"depositpaid":"true","bookingdates":{"checkin":"2019-01-01","checkout":"2019-01-01"},"additionalneeds":"Breakfast"}"
20:36:47.149 [Test worker] DEBUG org.apache.http.wire - http-outgoing-1 << "HTTP/1.1 200 OK[\r][\n]"
20:36:47.150 [Test worker] DEBUG org.apache.http.wire - http-outgoing-1 << "Server: Cowboy[\r][\n]"
20:36:47.150 [Test worker] DEBUG org.apache.http.wire - http-outgoing-1 << "Connection: keep-alive[\r][\n]"
20:36:47.150 [Test worker] DEBUG org.apache.http.wire - http-outgoing-1 << "X-Powered-By: Express[\r][\n]"
20:36:47.150 [Test worker] DEBUG org.apache.http.wire - http-outgoing-1 << "Content-Type: application/json; charset=utf-8[\r][\n]"
20:36:47.150 [Test worker] DEBUG org.apache.http.wire - http-outgoing-1 << "Content-Length: 199[\r][\n]"
20:36:47.150 [Test worker] DEBUG org.apache.http.wire - http-outgoing-1 << "Etag: W/"c7-hiSZKdTtYeE1EM/wBm6Bzvn8BRI"[\r][\n]"
20:36:47.150 [Test worker] DEBUG org.apache.http.wire - http-outgoing-1 << "Date: Sat, 18 Mar 2023 01:36:47 GMT[\r][\n]"
20:36:47.150 [Test worker] DEBUG org.apache.http.wire - http-outgoing-1 << "Via: 1.1 vegur[\r][\n]"
20:36:47.150 [Test worker] DEBUG org.apache.http.wire - http-outgoing-1 << "[\r][\n]"
20:36:47.150 [Test worker] DEBUG org.apache.http.wire - http-outgoing-1 << "{"bookingid":3618,"booking":{"firstname":"Dylan","lastname":"Llano","totalprice":111,"depositpaid":true,"bookingdates":{"checkin":"2019-01-01","checkout":"2019-01-01"},"additionalneeds":"Breakfast"}}"
20:36:47.151 [Test worker] DEBUG org.apache.http.headers - http-outgoing-1 << HTTP/1.1 200 OK
20:36:47.151 [Test worker] DEBUG org.apache.http.headers - http-outgoing-1 << Server: Cowboy
20:36:47.151 [Test worker] DEBUG org.apache.http.headers - http-outgoing-1 << Connection: keep-alive
20:36:47.151 [Test worker] DEBUG org.apache.http.headers - http-outgoing-1 << X-Powered-By: Express
20:36:47.151 [Test worker] DEBUG org.apache.http.headers - http-outgoing-1 << Content-Type: application/json; charset=utf-8
20:36:47.151 [Test worker] DEBUG org.apache.http.headers - http-outgoing-1 << Content-Length: 199
20:36:47.151 [Test worker] DEBUG org.apache.http.headers - http-outgoing-1 << Etag: W/"c7-hiSZKdTtYeE1EM/wBm6Bzvn8BRI"
20:36:47.151 [Test worker] DEBUG org.apache.http.headers - http-outgoing-1 << Date: Sat, 18 Mar 2023 01:36:47 GMT
20:36:47.151 [Test worker] DEBUG org.apache.http.headers - http-outgoing-1 << Via: 1.1 vegur
20:36:47.151 [Test worker] DEBUG org.apache.http.impl.execchain.MainClientExec - Connection can be kept alive indefinitely
20:36:47.152 [Test worker] DEBUG org.apache.http.impl.conn.PoolingHttpClientConnectionManager - Connection [id: 1][route: {s}->https://restful-booker.herokuapp.com:443] can be kept alive indefinitely
20:36:47.152 [Test worker] DEBUG org.apache.http.impl.conn.DefaultManagedHttpClientConnection - http-outgoing-1: set socket timeout to 0
20:36:47.152 [Test worker] DEBUG org.apache.http.impl.conn.PoolingHttpClientConnectionManager - Connection released: [id: 1][route: {s}->https://restful-booker.herokuapp.com:443][total available: 1; route allocated: 1 of 5; total allocated: 1 of 10]
20:36:47.152 [Test worker] DEBUG com.intuit.karate - response time in milliseconds: 346
1 < 200
1 < Server: Cowboy
1 < Connection: keep-alive
1 < X-Powered-By: Express
1 < Content-Type: application/json; charset=utf-8
1 < Content-Length: 199
1 < Etag: W/"c7-hiSZKdTtYeE1EM/wBm6Bzvn8BRI"
1 < Date: Sat, 18 Mar 2023 01:36:47 GMT
1 < Via: 1.1 vegur
{"bookingid":3618,"booking":{"firstname":"Dylan","lastname":"Llano","totalprice":111,"depositpaid":true,"bookingdates":{"checkin":"2019-01-01","checkout":"2019-01-01"},"additionalneeds":"Breakfast"}}

20:36:47.155 [Test worker] INFO com.intuit.karate - [print] {
  "bookingid": 3618,
  "booking": {
    "firstname": "Dylan",
    "lastname": "Llano",
    "totalprice": 111,
    "depositpaid": true,
    "bookingdates": {
      "checkin": "2019-01-01",
      "checkout": "2019-01-01"
    },
    "additionalneeds": "Breakfast"
  }
}
 
20:36:47.158 [Test worker] DEBUG com.jayway.jsonpath.internal.path.CompiledPath - Evaluating path: $
20:36:47.184 [Test worker] DEBUG com.jayway.jsonpath.internal.path.CompiledPath - Evaluating path: $
20:36:47.189 [Test worker] DEBUG org.apache.http.client.protocol.RequestAddCookies - CookieSpec selected: karate
20:36:47.189 [Test worker] DEBUG org.apache.http.client.protocol.RequestAuthCache - Auth cache not set in the context
20:36:47.190 [Test worker] DEBUG com.intuit.karate - request:
1 > POST https://restful-booker.herokuapp.com/booking
1 > Content-Type: application/json; charset=UTF-8
1 > Accept: application/json
1 > Content-Length: 163
1 > Host: restful-booker.herokuapp.com
1 > Connection: Keep-Alive
1 > User-Agent: Apache-HttpClient/4.5.13 (Java/11.0.8)
1 > Accept-Encoding: gzip,deflate
{"firstname":"Jim","lastname":"","totalprice":111,"depositpaid":true,"bookingdates":{"checkin":"2019-01-01","checkout":"2019-01-01"},"additionalneeds":"Breakfast"}

20:36:47.190 [Test worker] DEBUG org.apache.http.impl.conn.PoolingHttpClientConnectionManager - Connection request: [route: {s}->https://restful-booker.herokuapp.com:443][total available: 0; route allocated: 0 of 5; total allocated: 0 of 10]
20:36:47.191 [Test worker] DEBUG org.apache.http.impl.conn.PoolingHttpClientConnectionManager - Connection leased: [id: 2][route: {s}->https://restful-booker.herokuapp.com:443][total available: 0; route allocated: 1 of 5; total allocated: 1 of 10]
20:36:47.191 [Test worker] DEBUG org.apache.http.impl.execchain.MainClientExec - Opening connection {s}->https://restful-booker.herokuapp.com:443
20:36:47.192 [Test worker] DEBUG org.apache.http.impl.conn.DefaultHttpClientConnectionOperator - Connecting to restful-booker.herokuapp.com/107.22.57.98:443
20:36:47.192 [Test worker] DEBUG org.apache.http.conn.ssl.LenientSslConnectionSocketFactory - Connecting socket to restful-booker.herokuapp.com/107.22.57.98:443 with timeout 15000
20:36:47.268 [Test worker] DEBUG org.apache.http.conn.ssl.LenientSslConnectionSocketFactory - Enabled protocols: [TLSv1.3, TLSv1.2, TLSv1.1, TLSv1]
20:36:47.268 [Test worker] DEBUG org.apache.http.conn.ssl.LenientSslConnectionSocketFactory - Enabled cipher suites:[TLS_AES_128_GCM_SHA256, TLS_AES_256_GCM_SHA384, TLS_ECDHE_ECDSA_WITH_AES_256_GCM_SHA384, TLS_ECDHE_ECDSA_WITH_AES_128_GCM_SHA256, TLS_ECDHE_RSA_WITH_AES_256_GCM_SHA384, TLS_RSA_WITH_AES_256_GCM_SHA384, TLS_ECDH_ECDSA_WITH_AES_256_GCM_SHA384, TLS_ECDH_RSA_WITH_AES_256_GCM_SHA384, TLS_DHE_RSA_WITH_AES_256_GCM_SHA384, TLS_DHE_DSS_WITH_AES_256_GCM_SHA384, TLS_ECDHE_RSA_WITH_AES_128_GCM_SHA256, TLS_RSA_WITH_AES_128_GCM_SHA256, TLS_ECDH_ECDSA_WITH_AES_128_GCM_SHA256, TLS_ECDH_RSA_WITH_AES_128_GCM_SHA256, TLS_DHE_RSA_WITH_AES_128_GCM_SHA256, TLS_DHE_DSS_WITH_AES_128_GCM_SHA256, TLS_ECDHE_ECDSA_WITH_AES_256_CBC_SHA384, TLS_ECDHE_RSA_WITH_AES_256_CBC_SHA384, TLS_RSA_WITH_AES_256_CBC_SHA256, TLS_ECDH_ECDSA_WITH_AES_256_CBC_SHA384, TLS_ECDH_RSA_WITH_AES_256_CBC_SHA384, TLS_DHE_RSA_WITH_AES_256_CBC_SHA256, TLS_DHE_DSS_WITH_AES_256_CBC_SHA256, TLS_ECDHE_ECDSA_WITH_AES_256_CBC_SHA, TLS_ECDHE_RSA_WITH_AES_256_CBC_SHA, TLS_RSA_WITH_AES_256_CBC_SHA, TLS_ECDH_ECDSA_WITH_AES_256_CBC_SHA, TLS_ECDH_RSA_WITH_AES_256_CBC_SHA, TLS_DHE_RSA_WITH_AES_256_CBC_SHA, TLS_DHE_DSS_WITH_AES_256_CBC_SHA, TLS_ECDHE_ECDSA_WITH_AES_128_CBC_SHA256, TLS_ECDHE_RSA_WITH_AES_128_CBC_SHA256, TLS_RSA_WITH_AES_128_CBC_SHA256, TLS_ECDH_ECDSA_WITH_AES_128_CBC_SHA256, TLS_ECDH_RSA_WITH_AES_128_CBC_SHA256, TLS_DHE_RSA_WITH_AES_128_CBC_SHA256, TLS_DHE_DSS_WITH_AES_128_CBC_SHA256, TLS_ECDHE_ECDSA_WITH_AES_128_CBC_SHA, TLS_ECDHE_RSA_WITH_AES_128_CBC_SHA, TLS_RSA_WITH_AES_128_CBC_SHA, TLS_ECDH_ECDSA_WITH_AES_128_CBC_SHA, TLS_ECDH_RSA_WITH_AES_128_CBC_SHA, TLS_DHE_RSA_WITH_AES_128_CBC_SHA, TLS_DHE_DSS_WITH_AES_128_CBC_SHA, TLS_EMPTY_RENEGOTIATION_INFO_SCSV]
20:36:47.269 [Test worker] DEBUG org.apache.http.conn.ssl.LenientSslConnectionSocketFactory - Starting handshake
20:36:47.441 [Test worker] DEBUG org.apache.http.conn.ssl.LenientSslConnectionSocketFactory - Secure session established
20:36:47.442 [Test worker] DEBUG org.apache.http.conn.ssl.LenientSslConnectionSocketFactory -  negotiated protocol: TLSv1.2
20:36:47.442 [Test worker] DEBUG org.apache.http.conn.ssl.LenientSslConnectionSocketFactory -  negotiated cipher suite: TLS_ECDHE_RSA_WITH_AES_128_GCM_SHA256
20:36:47.442 [Test worker] DEBUG org.apache.http.conn.ssl.LenientSslConnectionSocketFactory -  peer principal: CN=*.herokuapp.com
20:36:47.442 [Test worker] DEBUG org.apache.http.conn.ssl.LenientSslConnectionSocketFactory -  peer alternative names: [*.herokuapp.com]
20:36:47.442 [Test worker] DEBUG org.apache.http.conn.ssl.LenientSslConnectionSocketFactory -  issuer principal: CN=Amazon RSA 2048 M02, O=Amazon, C=US
20:36:47.442 [Test worker] DEBUG org.apache.http.impl.conn.DefaultHttpClientConnectionOperator - Connection established 192.168.20.32:55592<->107.22.57.98:443
20:36:47.443 [Test worker] DEBUG org.apache.http.impl.conn.DefaultManagedHttpClientConnection - http-outgoing-2: set socket timeout to 15000
20:36:47.443 [Test worker] DEBUG org.apache.http.impl.execchain.MainClientExec - Executing request POST /booking HTTP/1.1
20:36:47.443 [Test worker] DEBUG org.apache.http.impl.execchain.MainClientExec - Target auth state: UNCHALLENGED
20:36:47.443 [Test worker] DEBUG org.apache.http.impl.execchain.MainClientExec - Proxy auth state: UNCHALLENGED
20:36:47.443 [Test worker] DEBUG org.apache.http.headers - http-outgoing-2 >> POST /booking HTTP/1.1
20:36:47.443 [Test worker] DEBUG org.apache.http.headers - http-outgoing-2 >> Content-Type: application/json; charset=UTF-8
20:36:47.443 [Test worker] DEBUG org.apache.http.headers - http-outgoing-2 >> Accept: application/json
20:36:47.443 [Test worker] DEBUG org.apache.http.headers - http-outgoing-2 >> Content-Length: 163
20:36:47.444 [Test worker] DEBUG org.apache.http.headers - http-outgoing-2 >> Host: restful-booker.herokuapp.com
20:36:47.444 [Test worker] DEBUG org.apache.http.headers - http-outgoing-2 >> Connection: Keep-Alive
20:36:47.444 [Test worker] DEBUG org.apache.http.headers - http-outgoing-2 >> User-Agent: Apache-HttpClient/4.5.13 (Java/11.0.8)
20:36:47.444 [Test worker] DEBUG org.apache.http.headers - http-outgoing-2 >> Accept-Encoding: gzip,deflate
20:36:47.444 [Test worker] DEBUG org.apache.http.wire - http-outgoing-2 >> "POST /booking HTTP/1.1[\r][\n]"
20:36:47.444 [Test worker] DEBUG org.apache.http.wire - http-outgoing-2 >> "Content-Type: application/json; charset=UTF-8[\r][\n]"
20:36:47.444 [Test worker] DEBUG org.apache.http.wire - http-outgoing-2 >> "Accept: application/json[\r][\n]"
20:36:47.444 [Test worker] DEBUG org.apache.http.wire - http-outgoing-2 >> "Content-Length: 163[\r][\n]"
20:36:47.444 [Test worker] DEBUG org.apache.http.wire - http-outgoing-2 >> "Host: restful-booker.herokuapp.com[\r][\n]"
20:36:47.444 [Test worker] DEBUG org.apache.http.wire - http-outgoing-2 >> "Connection: Keep-Alive[\r][\n]"
20:36:47.444 [Test worker] DEBUG org.apache.http.wire - http-outgoing-2 >> "User-Agent: Apache-HttpClient/4.5.13 (Java/11.0.8)[\r][\n]"
20:36:47.444 [Test worker] DEBUG org.apache.http.wire - http-outgoing-2 >> "Accept-Encoding: gzip,deflate[\r][\n]"
20:36:47.444 [Test worker] DEBUG org.apache.http.wire - http-outgoing-2 >> "[\r][\n]"
20:36:47.444 [Test worker] DEBUG org.apache.http.wire - http-outgoing-2 >> "{"firstname":"Jim","lastname":"","totalprice":111,"depositpaid":true,"bookingdates":{"checkin":"2019-01-01","checkout":"2019-01-01"},"additionalneeds":"Breakfast"}"
20:36:47.516 [Test worker] DEBUG org.apache.http.wire - http-outgoing-2 << "HTTP/1.1 200 OK[\r][\n]"
20:36:47.516 [Test worker] DEBUG org.apache.http.wire - http-outgoing-2 << "Server: Cowboy[\r][\n]"
20:36:47.516 [Test worker] DEBUG org.apache.http.wire - http-outgoing-2 << "Connection: keep-alive[\r][\n]"
20:36:47.516 [Test worker] DEBUG org.apache.http.wire - http-outgoing-2 << "X-Powered-By: Express[\r][\n]"
20:36:47.516 [Test worker] DEBUG org.apache.http.wire - http-outgoing-2 << "Content-Type: application/json; charset=utf-8[\r][\n]"
20:36:47.516 [Test worker] DEBUG org.apache.http.wire - http-outgoing-2 << "Content-Length: 192[\r][\n]"
20:36:47.517 [Test worker] DEBUG org.apache.http.wire - http-outgoing-2 << "Etag: W/"c0-slOwYVhtubt66Ic3rT1Je4m0fjA"[\r][\n]"
20:36:47.517 [Test worker] DEBUG org.apache.http.wire - http-outgoing-2 << "Date: Sat, 18 Mar 2023 01:36:47 GMT[\r][\n]"
20:36:47.517 [Test worker] DEBUG org.apache.http.wire - http-outgoing-2 << "Via: 1.1 vegur[\r][\n]"
20:36:47.517 [Test worker] DEBUG org.apache.http.wire - http-outgoing-2 << "[\r][\n]"
20:36:47.517 [Test worker] DEBUG org.apache.http.wire - http-outgoing-2 << "{"bookingid":3631,"booking":{"firstname":"Jim","lastname":"","totalprice":111,"depositpaid":true,"bookingdates":{"checkin":"2019-01-01","checkout":"2019-01-01"},"additionalneeds":"Breakfast"}}"
20:36:47.517 [Test worker] DEBUG org.apache.http.headers - http-outgoing-2 << HTTP/1.1 200 OK
20:36:47.517 [Test worker] DEBUG org.apache.http.headers - http-outgoing-2 << Server: Cowboy
20:36:47.517 [Test worker] DEBUG org.apache.http.headers - http-outgoing-2 << Connection: keep-alive
20:36:47.517 [Test worker] DEBUG org.apache.http.headers - http-outgoing-2 << X-Powered-By: Express
20:36:47.517 [Test worker] DEBUG org.apache.http.headers - http-outgoing-2 << Content-Type: application/json; charset=utf-8
20:36:47.517 [Test worker] DEBUG org.apache.http.headers - http-outgoing-2 << Content-Length: 192
20:36:47.517 [Test worker] DEBUG org.apache.http.headers - http-outgoing-2 << Etag: W/"c0-slOwYVhtubt66Ic3rT1Je4m0fjA"
20:36:47.517 [Test worker] DEBUG org.apache.http.headers - http-outgoing-2 << Date: Sat, 18 Mar 2023 01:36:47 GMT
20:36:47.517 [Test worker] DEBUG org.apache.http.headers - http-outgoing-2 << Via: 1.1 vegur
20:36:47.518 [Test worker] DEBUG org.apache.http.impl.execchain.MainClientExec - Connection can be kept alive indefinitely
20:36:47.518 [Test worker] DEBUG org.apache.http.impl.conn.PoolingHttpClientConnectionManager - Connection [id: 2][route: {s}->https://restful-booker.herokuapp.com:443] can be kept alive indefinitely
20:36:47.518 [Test worker] DEBUG org.apache.http.impl.conn.DefaultManagedHttpClientConnection - http-outgoing-2: set socket timeout to 0
20:36:47.518 [Test worker] DEBUG org.apache.http.impl.conn.PoolingHttpClientConnectionManager - Connection released: [id: 2][route: {s}->https://restful-booker.herokuapp.com:443][total available: 1; route allocated: 1 of 5; total allocated: 1 of 10]
20:36:47.518 [Test worker] DEBUG com.intuit.karate - response time in milliseconds: 328
1 < 200
1 < Server: Cowboy
1 < Connection: keep-alive
1 < X-Powered-By: Express
1 < Content-Type: application/json; charset=utf-8
1 < Content-Length: 192
1 < Etag: W/"c0-slOwYVhtubt66Ic3rT1Je4m0fjA"
1 < Date: Sat, 18 Mar 2023 01:36:47 GMT
1 < Via: 1.1 vegur
{"bookingid":3631,"booking":{"firstname":"Jim","lastname":"","totalprice":111,"depositpaid":true,"bookingdates":{"checkin":"2019-01-01","checkout":"2019-01-01"},"additionalneeds":"Breakfast"}}

20:36:47.521 [Test worker] INFO com.intuit.karate - [print] {
  "bookingid": 3631,
  "booking": {
    "firstname": "Jim",
    "lastname": "",
    "totalprice": 111,
    "depositpaid": true,
    "bookingdates": {
      "checkin": "2019-01-01",
      "checkout": "2019-01-01"
    },
    "additionalneeds": "Breakfast"
  }
}
 
20:36:47.542 [Test worker] DEBUG com.jayway.jsonpath.internal.path.CompiledPath - Evaluating path: $
20:36:47.546 [Test worker] DEBUG org.apache.http.client.protocol.RequestAddCookies - CookieSpec selected: karate
20:36:47.546 [Test worker] DEBUG org.apache.http.client.protocol.RequestAuthCache - Auth cache not set in the context
20:36:47.546 [Test worker] DEBUG com.intuit.karate - request:
1 > POST https://restful-booker.herokuapp.com/booking
1 > Content-Type: application/json; charset=UTF-8
1 > Accept: application/json
1 > Content-Length: 165
1 > Host: restful-booker.herokuapp.com
1 > Connection: Keep-Alive
1 > User-Agent: Apache-HttpClient/4.5.13 (Java/11.0.8)
1 > Accept-Encoding: gzip,deflate
{"firstname":"","lastname":"Brown","totalprice":111,"depositpaid":true,"bookingdates":{"checkin":"2019-01-01","checkout":"2019-01-01"},"additionalneeds":"Breakfast"}

20:36:47.546 [Test worker] DEBUG org.apache.http.impl.conn.PoolingHttpClientConnectionManager - Connection request: [route: {s}->https://restful-booker.herokuapp.com:443][total available: 0; route allocated: 0 of 5; total allocated: 0 of 10]
20:36:47.547 [Test worker] DEBUG org.apache.http.impl.conn.PoolingHttpClientConnectionManager - Connection leased: [id: 3][route: {s}->https://restful-booker.herokuapp.com:443][total available: 0; route allocated: 1 of 5; total allocated: 1 of 10]
20:36:47.547 [Test worker] DEBUG org.apache.http.impl.execchain.MainClientExec - Opening connection {s}->https://restful-booker.herokuapp.com:443
20:36:47.547 [Test worker] DEBUG org.apache.http.impl.conn.DefaultHttpClientConnectionOperator - Connecting to restful-booker.herokuapp.com/107.22.57.98:443
20:36:47.547 [Test worker] DEBUG org.apache.http.conn.ssl.LenientSslConnectionSocketFactory - Connecting socket to restful-booker.herokuapp.com/107.22.57.98:443 with timeout 15000
20:36:47.625 [Test worker] DEBUG org.apache.http.conn.ssl.LenientSslConnectionSocketFactory - Enabled protocols: [TLSv1.3, TLSv1.2, TLSv1.1, TLSv1]
20:36:47.626 [Test worker] DEBUG org.apache.http.conn.ssl.LenientSslConnectionSocketFactory - Enabled cipher suites:[TLS_AES_128_GCM_SHA256, TLS_AES_256_GCM_SHA384, TLS_ECDHE_ECDSA_WITH_AES_256_GCM_SHA384, TLS_ECDHE_ECDSA_WITH_AES_128_GCM_SHA256, TLS_ECDHE_RSA_WITH_AES_256_GCM_SHA384, TLS_RSA_WITH_AES_256_GCM_SHA384, TLS_ECDH_ECDSA_WITH_AES_256_GCM_SHA384, TLS_ECDH_RSA_WITH_AES_256_GCM_SHA384, TLS_DHE_RSA_WITH_AES_256_GCM_SHA384, TLS_DHE_DSS_WITH_AES_256_GCM_SHA384, TLS_ECDHE_RSA_WITH_AES_128_GCM_SHA256, TLS_RSA_WITH_AES_128_GCM_SHA256, TLS_ECDH_ECDSA_WITH_AES_128_GCM_SHA256, TLS_ECDH_RSA_WITH_AES_128_GCM_SHA256, TLS_DHE_RSA_WITH_AES_128_GCM_SHA256, TLS_DHE_DSS_WITH_AES_128_GCM_SHA256, TLS_ECDHE_ECDSA_WITH_AES_256_CBC_SHA384, TLS_ECDHE_RSA_WITH_AES_256_CBC_SHA384, TLS_RSA_WITH_AES_256_CBC_SHA256, TLS_ECDH_ECDSA_WITH_AES_256_CBC_SHA384, TLS_ECDH_RSA_WITH_AES_256_CBC_SHA384, TLS_DHE_RSA_WITH_AES_256_CBC_SHA256, TLS_DHE_DSS_WITH_AES_256_CBC_SHA256, TLS_ECDHE_ECDSA_WITH_AES_256_CBC_SHA, TLS_ECDHE_RSA_WITH_AES_256_CBC_SHA, TLS_RSA_WITH_AES_256_CBC_SHA, TLS_ECDH_ECDSA_WITH_AES_256_CBC_SHA, TLS_ECDH_RSA_WITH_AES_256_CBC_SHA, TLS_DHE_RSA_WITH_AES_256_CBC_SHA, TLS_DHE_DSS_WITH_AES_256_CBC_SHA, TLS_ECDHE_ECDSA_WITH_AES_128_CBC_SHA256, TLS_ECDHE_RSA_WITH_AES_128_CBC_SHA256, TLS_RSA_WITH_AES_128_CBC_SHA256, TLS_ECDH_ECDSA_WITH_AES_128_CBC_SHA256, TLS_ECDH_RSA_WITH_AES_128_CBC_SHA256, TLS_DHE_RSA_WITH_AES_128_CBC_SHA256, TLS_DHE_DSS_WITH_AES_128_CBC_SHA256, TLS_ECDHE_ECDSA_WITH_AES_128_CBC_SHA, TLS_ECDHE_RSA_WITH_AES_128_CBC_SHA, TLS_RSA_WITH_AES_128_CBC_SHA, TLS_ECDH_ECDSA_WITH_AES_128_CBC_SHA, TLS_ECDH_RSA_WITH_AES_128_CBC_SHA, TLS_DHE_RSA_WITH_AES_128_CBC_SHA, TLS_DHE_DSS_WITH_AES_128_CBC_SHA, TLS_EMPTY_RENEGOTIATION_INFO_SCSV]
20:36:47.626 [Test worker] DEBUG org.apache.http.conn.ssl.LenientSslConnectionSocketFactory - Starting handshake
20:36:47.795 [Test worker] DEBUG org.apache.http.conn.ssl.LenientSslConnectionSocketFactory - Secure session established
20:36:47.795 [Test worker] DEBUG org.apache.http.conn.ssl.LenientSslConnectionSocketFactory -  negotiated protocol: TLSv1.2
20:36:47.795 [Test worker] DEBUG org.apache.http.conn.ssl.LenientSslConnectionSocketFactory -  negotiated cipher suite: TLS_ECDHE_RSA_WITH_AES_128_GCM_SHA256
20:36:47.795 [Test worker] DEBUG org.apache.http.conn.ssl.LenientSslConnectionSocketFactory -  peer principal: CN=*.herokuapp.com
20:36:47.795 [Test worker] DEBUG org.apache.http.conn.ssl.LenientSslConnectionSocketFactory -  peer alternative names: [*.herokuapp.com]
20:36:47.795 [Test worker] DEBUG org.apache.http.conn.ssl.LenientSslConnectionSocketFactory -  issuer principal: CN=Amazon RSA 2048 M02, O=Amazon, C=US
20:36:47.796 [Test worker] DEBUG org.apache.http.impl.conn.DefaultHttpClientConnectionOperator - Connection established 192.168.20.32:55593<->107.22.57.98:443
20:36:47.796 [Test worker] DEBUG org.apache.http.impl.conn.DefaultManagedHttpClientConnection - http-outgoing-3: set socket timeout to 15000
20:36:47.796 [Test worker] DEBUG org.apache.http.impl.execchain.MainClientExec - Executing request POST /booking HTTP/1.1
20:36:47.796 [Test worker] DEBUG org.apache.http.impl.execchain.MainClientExec - Target auth state: UNCHALLENGED
20:36:47.797 [Test worker] DEBUG org.apache.http.impl.execchain.MainClientExec - Proxy auth state: UNCHALLENGED
20:36:47.797 [Test worker] DEBUG org.apache.http.headers - http-outgoing-3 >> POST /booking HTTP/1.1
20:36:47.797 [Test worker] DEBUG org.apache.http.headers - http-outgoing-3 >> Content-Type: application/json; charset=UTF-8
20:36:47.797 [Test worker] DEBUG org.apache.http.headers - http-outgoing-3 >> Accept: application/json
20:36:47.797 [Test worker] DEBUG org.apache.http.headers - http-outgoing-3 >> Content-Length: 165
20:36:47.798 [Test worker] DEBUG org.apache.http.headers - http-outgoing-3 >> Host: restful-booker.herokuapp.com
20:36:47.798 [Test worker] DEBUG org.apache.http.headers - http-outgoing-3 >> Connection: Keep-Alive
20:36:47.798 [Test worker] DEBUG org.apache.http.headers - http-outgoing-3 >> User-Agent: Apache-HttpClient/4.5.13 (Java/11.0.8)
20:36:47.798 [Test worker] DEBUG org.apache.http.headers - http-outgoing-3 >> Accept-Encoding: gzip,deflate
20:36:47.798 [Test worker] DEBUG org.apache.http.wire - http-outgoing-3 >> "POST /booking HTTP/1.1[\r][\n]"
20:36:47.798 [Test worker] DEBUG org.apache.http.wire - http-outgoing-3 >> "Content-Type: application/json; charset=UTF-8[\r][\n]"
20:36:47.798 [Test worker] DEBUG org.apache.http.wire - http-outgoing-3 >> "Accept: application/json[\r][\n]"
20:36:47.798 [Test worker] DEBUG org.apache.http.wire - http-outgoing-3 >> "Content-Length: 165[\r][\n]"
20:36:47.798 [Test worker] DEBUG org.apache.http.wire - http-outgoing-3 >> "Host: restful-booker.herokuapp.com[\r][\n]"
20:36:47.798 [Test worker] DEBUG org.apache.http.wire - http-outgoing-3 >> "Connection: Keep-Alive[\r][\n]"
20:36:47.798 [Test worker] DEBUG org.apache.http.wire - http-outgoing-3 >> "User-Agent: Apache-HttpClient/4.5.13 (Java/11.0.8)[\r][\n]"
20:36:47.798 [Test worker] DEBUG org.apache.http.wire - http-outgoing-3 >> "Accept-Encoding: gzip,deflate[\r][\n]"
20:36:47.799 [Test worker] DEBUG org.apache.http.wire - http-outgoing-3 >> "[\r][\n]"
20:36:47.799 [Test worker] DEBUG org.apache.http.wire - http-outgoing-3 >> "{"firstname":"","lastname":"Brown","totalprice":111,"depositpaid":true,"bookingdates":{"checkin":"2019-01-01","checkout":"2019-01-01"},"additionalneeds":"Breakfast"}"
20:36:47.875 [Test worker] DEBUG org.apache.http.wire - http-outgoing-3 << "HTTP/1.1 200 OK[\r][\n]"
20:36:47.875 [Test worker] DEBUG org.apache.http.wire - http-outgoing-3 << "Server: Cowboy[\r][\n]"
20:36:47.875 [Test worker] DEBUG org.apache.http.wire - http-outgoing-3 << "Connection: keep-alive[\r][\n]"
20:36:47.875 [Test worker] DEBUG org.apache.http.wire - http-outgoing-3 << "X-Powered-By: Express[\r][\n]"
20:36:47.875 [Test worker] DEBUG org.apache.http.wire - http-outgoing-3 << "Content-Type: application/json; charset=utf-8[\r][\n]"
20:36:47.875 [Test worker] DEBUG org.apache.http.wire - http-outgoing-3 << "Content-Length: 194[\r][\n]"
20:36:47.875 [Test worker] DEBUG org.apache.http.wire - http-outgoing-3 << "Etag: W/"c2-SZ459C1IA+zlHKNJhHrX9LizpZA"[\r][\n]"
20:36:47.875 [Test worker] DEBUG org.apache.http.wire - http-outgoing-3 << "Date: Sat, 18 Mar 2023 01:36:47 GMT[\r][\n]"
20:36:47.876 [Test worker] DEBUG org.apache.http.wire - http-outgoing-3 << "Via: 1.1 vegur[\r][\n]"
20:36:47.876 [Test worker] DEBUG org.apache.http.wire - http-outgoing-3 << "[\r][\n]"
20:36:47.876 [Test worker] DEBUG org.apache.http.wire - http-outgoing-3 << "{"bookingid":3648,"booking":{"firstname":"","lastname":"Brown","totalprice":111,"depositpaid":true,"bookingdates":{"checkin":"2019-01-01","checkout":"2019-01-01"},"additionalneeds":"Breakfast"}}"
20:36:47.876 [Test worker] DEBUG org.apache.http.headers - http-outgoing-3 << HTTP/1.1 200 OK
20:36:47.876 [Test worker] DEBUG org.apache.http.headers - http-outgoing-3 << Server: Cowboy
20:36:47.876 [Test worker] DEBUG org.apache.http.headers - http-outgoing-3 << Connection: keep-alive
20:36:47.876 [Test worker] DEBUG org.apache.http.headers - http-outgoing-3 << X-Powered-By: Express
20:36:47.876 [Test worker] DEBUG org.apache.http.headers - http-outgoing-3 << Content-Type: application/json; charset=utf-8
20:36:47.876 [Test worker] DEBUG org.apache.http.headers - http-outgoing-3 << Content-Length: 194
20:36:47.876 [Test worker] DEBUG org.apache.http.headers - http-outgoing-3 << Etag: W/"c2-SZ459C1IA+zlHKNJhHrX9LizpZA"
20:36:47.876 [Test worker] DEBUG org.apache.http.headers - http-outgoing-3 << Date: Sat, 18 Mar 2023 01:36:47 GMT
20:36:47.876 [Test worker] DEBUG org.apache.http.headers - http-outgoing-3 << Via: 1.1 vegur
20:36:47.877 [Test worker] DEBUG org.apache.http.impl.execchain.MainClientExec - Connection can be kept alive indefinitely
20:36:47.877 [Test worker] DEBUG org.apache.http.impl.conn.PoolingHttpClientConnectionManager - Connection [id: 3][route: {s}->https://restful-booker.herokuapp.com:443] can be kept alive indefinitely
20:36:47.877 [Test worker] DEBUG org.apache.http.impl.conn.DefaultManagedHttpClientConnection - http-outgoing-3: set socket timeout to 0
20:36:47.877 [Test worker] DEBUG org.apache.http.impl.conn.PoolingHttpClientConnectionManager - Connection released: [id: 3][route: {s}->https://restful-booker.herokuapp.com:443][total available: 1; route allocated: 1 of 5; total allocated: 1 of 10]
20:36:47.877 [Test worker] DEBUG com.intuit.karate - response time in milliseconds: 331
1 < 200
1 < Server: Cowboy
1 < Connection: keep-alive
1 < X-Powered-By: Express
1 < Content-Type: application/json; charset=utf-8
1 < Content-Length: 194
1 < Etag: W/"c2-SZ459C1IA+zlHKNJhHrX9LizpZA"
1 < Date: Sat, 18 Mar 2023 01:36:47 GMT
1 < Via: 1.1 vegur
{"bookingid":3648,"booking":{"firstname":"","lastname":"Brown","totalprice":111,"depositpaid":true,"bookingdates":{"checkin":"2019-01-01","checkout":"2019-01-01"},"additionalneeds":"Breakfast"}}

20:36:47.880 [Test worker] INFO com.intuit.karate - [print] {
  "bookingid": 3648,
  "booking": {
    "firstname": "",
    "lastname": "Brown",
    "totalprice": 111,
    "depositpaid": true,
    "bookingdates": {
      "checkin": "2019-01-01",
      "checkout": "2019-01-01"
    },
    "additionalneeds": "Breakfast"
  }
}
 
20:36:47.897 [Test worker] DEBUG com.jayway.jsonpath.internal.path.CompiledPath - Evaluating path: $
20:36:47.900 [Test worker] DEBUG org.apache.http.client.protocol.RequestAddCookies - CookieSpec selected: karate
20:36:47.901 [Test worker] DEBUG org.apache.http.client.protocol.RequestAuthCache - Auth cache not set in the context
20:36:47.901 [Test worker] DEBUG com.intuit.karate - request:
1 > POST https://restful-booker.herokuapp.com/booking
1 > Content-Type: application/json; charset=UTF-8
1 > Accept: application/json
1 > Content-Length: 169
1 > Host: restful-booker.herokuapp.com
1 > Connection: Keep-Alive
1 > User-Agent: Apache-HttpClient/4.5.13 (Java/11.0.8)
1 > Accept-Encoding: gzip,deflate
{"firstname":"Jim","lastname":"Brown","totalprice":null,"depositpaid":true,"bookingdates":{"checkin":"2019-01-01","checkout":"2019-01-01"},"additionalneeds":"Breakfast"}

20:36:47.901 [Test worker] DEBUG org.apache.http.impl.conn.PoolingHttpClientConnectionManager - Connection request: [route: {s}->https://restful-booker.herokuapp.com:443][total available: 0; route allocated: 0 of 5; total allocated: 0 of 10]
20:36:47.901 [Test worker] DEBUG org.apache.http.impl.conn.PoolingHttpClientConnectionManager - Connection leased: [id: 4][route: {s}->https://restful-booker.herokuapp.com:443][total available: 0; route allocated: 1 of 5; total allocated: 1 of 10]
20:36:47.902 [Test worker] DEBUG org.apache.http.impl.execchain.MainClientExec - Opening connection {s}->https://restful-booker.herokuapp.com:443
20:36:47.902 [Test worker] DEBUG org.apache.http.impl.conn.DefaultHttpClientConnectionOperator - Connecting to restful-booker.herokuapp.com/107.22.57.98:443
20:36:47.902 [Test worker] DEBUG org.apache.http.conn.ssl.LenientSslConnectionSocketFactory - Connecting socket to restful-booker.herokuapp.com/107.22.57.98:443 with timeout 15000
20:36:47.977 [Test worker] DEBUG org.apache.http.conn.ssl.LenientSslConnectionSocketFactory - Enabled protocols: [TLSv1.3, TLSv1.2, TLSv1.1, TLSv1]
20:36:47.977 [Test worker] DEBUG org.apache.http.conn.ssl.LenientSslConnectionSocketFactory - Enabled cipher suites:[TLS_AES_128_GCM_SHA256, TLS_AES_256_GCM_SHA384, TLS_ECDHE_ECDSA_WITH_AES_256_GCM_SHA384, TLS_ECDHE_ECDSA_WITH_AES_128_GCM_SHA256, TLS_ECDHE_RSA_WITH_AES_256_GCM_SHA384, TLS_RSA_WITH_AES_256_GCM_SHA384, TLS_ECDH_ECDSA_WITH_AES_256_GCM_SHA384, TLS_ECDH_RSA_WITH_AES_256_GCM_SHA384, TLS_DHE_RSA_WITH_AES_256_GCM_SHA384, TLS_DHE_DSS_WITH_AES_256_GCM_SHA384, TLS_ECDHE_RSA_WITH_AES_128_GCM_SHA256, TLS_RSA_WITH_AES_128_GCM_SHA256, TLS_ECDH_ECDSA_WITH_AES_128_GCM_SHA256, TLS_ECDH_RSA_WITH_AES_128_GCM_SHA256, TLS_DHE_RSA_WITH_AES_128_GCM_SHA256, TLS_DHE_DSS_WITH_AES_128_GCM_SHA256, TLS_ECDHE_ECDSA_WITH_AES_256_CBC_SHA384, TLS_ECDHE_RSA_WITH_AES_256_CBC_SHA384, TLS_RSA_WITH_AES_256_CBC_SHA256, TLS_ECDH_ECDSA_WITH_AES_256_CBC_SHA384, TLS_ECDH_RSA_WITH_AES_256_CBC_SHA384, TLS_DHE_RSA_WITH_AES_256_CBC_SHA256, TLS_DHE_DSS_WITH_AES_256_CBC_SHA256, TLS_ECDHE_ECDSA_WITH_AES_256_CBC_SHA, TLS_ECDHE_RSA_WITH_AES_256_CBC_SHA, TLS_RSA_WITH_AES_256_CBC_SHA, TLS_ECDH_ECDSA_WITH_AES_256_CBC_SHA, TLS_ECDH_RSA_WITH_AES_256_CBC_SHA, TLS_DHE_RSA_WITH_AES_256_CBC_SHA, TLS_DHE_DSS_WITH_AES_256_CBC_SHA, TLS_ECDHE_ECDSA_WITH_AES_128_CBC_SHA256, TLS_ECDHE_RSA_WITH_AES_128_CBC_SHA256, TLS_RSA_WITH_AES_128_CBC_SHA256, TLS_ECDH_ECDSA_WITH_AES_128_CBC_SHA256, TLS_ECDH_RSA_WITH_AES_128_CBC_SHA256, TLS_DHE_RSA_WITH_AES_128_CBC_SHA256, TLS_DHE_DSS_WITH_AES_128_CBC_SHA256, TLS_ECDHE_ECDSA_WITH_AES_128_CBC_SHA, TLS_ECDHE_RSA_WITH_AES_128_CBC_SHA, TLS_RSA_WITH_AES_128_CBC_SHA, TLS_ECDH_ECDSA_WITH_AES_128_CBC_SHA, TLS_ECDH_RSA_WITH_AES_128_CBC_SHA, TLS_DHE_RSA_WITH_AES_128_CBC_SHA, TLS_DHE_DSS_WITH_AES_128_CBC_SHA, TLS_EMPTY_RENEGOTIATION_INFO_SCSV]
20:36:47.977 [Test worker] DEBUG org.apache.http.conn.ssl.LenientSslConnectionSocketFactory - Starting handshake
20:36:48.165 [Test worker] DEBUG org.apache.http.conn.ssl.LenientSslConnectionSocketFactory - Secure session established
20:36:48.165 [Test worker] DEBUG org.apache.http.conn.ssl.LenientSslConnectionSocketFactory -  negotiated protocol: TLSv1.2
20:36:48.165 [Test worker] DEBUG org.apache.http.conn.ssl.LenientSslConnectionSocketFactory -  negotiated cipher suite: TLS_ECDHE_RSA_WITH_AES_128_GCM_SHA256
20:36:48.165 [Test worker] DEBUG org.apache.http.conn.ssl.LenientSslConnectionSocketFactory -  peer principal: CN=*.herokuapp.com
20:36:48.165 [Test worker] DEBUG org.apache.http.conn.ssl.LenientSslConnectionSocketFactory -  peer alternative names: [*.herokuapp.com]
20:36:48.165 [Test worker] DEBUG org.apache.http.conn.ssl.LenientSslConnectionSocketFactory -  issuer principal: CN=Amazon RSA 2048 M02, O=Amazon, C=US
20:36:48.165 [Test worker] DEBUG org.apache.http.impl.conn.DefaultHttpClientConnectionOperator - Connection established 192.168.20.32:55594<->107.22.57.98:443
20:36:48.165 [Test worker] DEBUG org.apache.http.impl.conn.DefaultManagedHttpClientConnection - http-outgoing-4: set socket timeout to 15000
20:36:48.166 [Test worker] DEBUG org.apache.http.impl.execchain.MainClientExec - Executing request POST /booking HTTP/1.1
20:36:48.166 [Test worker] DEBUG org.apache.http.impl.execchain.MainClientExec - Target auth state: UNCHALLENGED
20:36:48.166 [Test worker] DEBUG org.apache.http.impl.execchain.MainClientExec - Proxy auth state: UNCHALLENGED
20:36:48.166 [Test worker] DEBUG org.apache.http.headers - http-outgoing-4 >> POST /booking HTTP/1.1
20:36:48.166 [Test worker] DEBUG org.apache.http.headers - http-outgoing-4 >> Content-Type: application/json; charset=UTF-8
20:36:48.166 [Test worker] DEBUG org.apache.http.headers - http-outgoing-4 >> Accept: application/json
20:36:48.166 [Test worker] DEBUG org.apache.http.headers - http-outgoing-4 >> Content-Length: 169
20:36:48.166 [Test worker] DEBUG org.apache.http.headers - http-outgoing-4 >> Host: restful-booker.herokuapp.com
20:36:48.166 [Test worker] DEBUG org.apache.http.headers - http-outgoing-4 >> Connection: Keep-Alive
20:36:48.166 [Test worker] DEBUG org.apache.http.headers - http-outgoing-4 >> User-Agent: Apache-HttpClient/4.5.13 (Java/11.0.8)
20:36:48.166 [Test worker] DEBUG org.apache.http.headers - http-outgoing-4 >> Accept-Encoding: gzip,deflate
20:36:48.167 [Test worker] DEBUG org.apache.http.wire - http-outgoing-4 >> "POST /booking HTTP/1.1[\r][\n]"
20:36:48.167 [Test worker] DEBUG org.apache.http.wire - http-outgoing-4 >> "Content-Type: application/json; charset=UTF-8[\r][\n]"
20:36:48.167 [Test worker] DEBUG org.apache.http.wire - http-outgoing-4 >> "Accept: application/json[\r][\n]"
20:36:48.167 [Test worker] DEBUG org.apache.http.wire - http-outgoing-4 >> "Content-Length: 169[\r][\n]"
20:36:48.167 [Test worker] DEBUG org.apache.http.wire - http-outgoing-4 >> "Host: restful-booker.herokuapp.com[\r][\n]"
20:36:48.167 [Test worker] DEBUG org.apache.http.wire - http-outgoing-4 >> "Connection: Keep-Alive[\r][\n]"
20:36:48.167 [Test worker] DEBUG org.apache.http.wire - http-outgoing-4 >> "User-Agent: Apache-HttpClient/4.5.13 (Java/11.0.8)[\r][\n]"
20:36:48.167 [Test worker] DEBUG org.apache.http.wire - http-outgoing-4 >> "Accept-Encoding: gzip,deflate[\r][\n]"
20:36:48.167 [Test worker] DEBUG org.apache.http.wire - http-outgoing-4 >> "[\r][\n]"
20:36:48.167 [Test worker] DEBUG org.apache.http.wire - http-outgoing-4 >> "{"firstname":"Jim","lastname":"Brown","totalprice":null,"depositpaid":true,"bookingdates":{"checkin":"2019-01-01","checkout":"2019-01-01"},"additionalneeds":"Breakfast"}"
20:36:48.245 [Test worker] DEBUG org.apache.http.wire - http-outgoing-4 << "HTTP/1.1 500 Internal Server Error[\r][\n]"
20:36:48.246 [Test worker] DEBUG org.apache.http.wire - http-outgoing-4 << "Server: Cowboy[\r][\n]"
20:36:48.246 [Test worker] DEBUG org.apache.http.wire - http-outgoing-4 << "Connection: keep-alive[\r][\n]"
20:36:48.246 [Test worker] DEBUG org.apache.http.wire - http-outgoing-4 << "X-Powered-By: Express[\r][\n]"
20:36:48.246 [Test worker] DEBUG org.apache.http.wire - http-outgoing-4 << "Content-Type: text/plain; charset=utf-8[\r][\n]"
20:36:48.246 [Test worker] DEBUG org.apache.http.wire - http-outgoing-4 << "Content-Length: 21[\r][\n]"
20:36:48.246 [Test worker] DEBUG org.apache.http.wire - http-outgoing-4 << "Etag: W/"15-/6VXivhc2MKdLfIkLcUE47K6aH0"[\r][\n]"
20:36:48.246 [Test worker] DEBUG org.apache.http.wire - http-outgoing-4 << "Date: Sat, 18 Mar 2023 01:36:48 GMT[\r][\n]"
20:36:48.246 [Test worker] DEBUG org.apache.http.wire - http-outgoing-4 << "Via: 1.1 vegur[\r][\n]"
20:36:48.246 [Test worker] DEBUG org.apache.http.wire - http-outgoing-4 << "[\r][\n]"
20:36:48.246 [Test worker] DEBUG org.apache.http.wire - http-outgoing-4 << "Internal Server Error"
20:36:48.246 [Test worker] DEBUG org.apache.http.headers - http-outgoing-4 << HTTP/1.1 500 Internal Server Error
20:36:48.247 [Test worker] DEBUG org.apache.http.headers - http-outgoing-4 << Server: Cowboy
20:36:48.247 [Test worker] DEBUG org.apache.http.headers - http-outgoing-4 << Connection: keep-alive
20:36:48.247 [Test worker] DEBUG org.apache.http.headers - http-outgoing-4 << X-Powered-By: Express
20:36:48.247 [Test worker] DEBUG org.apache.http.headers - http-outgoing-4 << Content-Type: text/plain; charset=utf-8
20:36:48.247 [Test worker] DEBUG org.apache.http.headers - http-outgoing-4 << Content-Length: 21
20:36:48.247 [Test worker] DEBUG org.apache.http.headers - http-outgoing-4 << Etag: W/"15-/6VXivhc2MKdLfIkLcUE47K6aH0"
20:36:48.247 [Test worker] DEBUG org.apache.http.headers - http-outgoing-4 << Date: Sat, 18 Mar 2023 01:36:48 GMT
20:36:48.247 [Test worker] DEBUG org.apache.http.headers - http-outgoing-4 << Via: 1.1 vegur
20:36:48.247 [Test worker] DEBUG org.apache.http.impl.execchain.MainClientExec - Connection can be kept alive indefinitely
20:36:48.247 [Test worker] DEBUG org.apache.http.impl.conn.PoolingHttpClientConnectionManager - Connection [id: 4][route: {s}->https://restful-booker.herokuapp.com:443] can be kept alive indefinitely
20:36:48.247 [Test worker] DEBUG org.apache.http.impl.conn.DefaultManagedHttpClientConnection - http-outgoing-4: set socket timeout to 0
20:36:48.247 [Test worker] DEBUG org.apache.http.impl.conn.PoolingHttpClientConnectionManager - Connection released: [id: 4][route: {s}->https://restful-booker.herokuapp.com:443][total available: 1; route allocated: 1 of 5; total allocated: 1 of 10]
20:36:48.247 [Test worker] DEBUG com.intuit.karate - response time in milliseconds: 346
1 < 500
1 < Server: Cowboy
1 < Connection: keep-alive
1 < X-Powered-By: Express
1 < Content-Type: text/plain; charset=utf-8
1 < Content-Length: 21
1 < Etag: W/"15-/6VXivhc2MKdLfIkLcUE47K6aH0"
1 < Date: Sat, 18 Mar 2023 01:36:48 GMT
1 < Via: 1.1 vegur
Internal Server Error

20:36:48.249 [Test worker] INFO com.intuit.karate - [print] Internal Server Error 
20:36:48.266 [Test worker] DEBUG com.jayway.jsonpath.internal.path.CompiledPath - Evaluating path: $
20:36:48.270 [Test worker] DEBUG org.apache.http.client.protocol.RequestAddCookies - CookieSpec selected: karate
20:36:48.271 [Test worker] DEBUG org.apache.http.client.protocol.RequestAuthCache - Auth cache not set in the context
20:36:48.271 [Test worker] DEBUG com.intuit.karate - request:
1 > POST https://restful-booker.herokuapp.com/booking
1 > Content-Type: 
1 > Accept: 
1 > Content-Length: 170
1 > Host: restful-booker.herokuapp.com
1 > Connection: Keep-Alive
1 > User-Agent: Apache-HttpClient/4.5.13 (Java/11.0.8)
1 > Accept-Encoding: gzip,deflate


20:36:48.271 [Test worker] DEBUG org.apache.http.impl.conn.PoolingHttpClientConnectionManager - Connection request: [route: {s}->https://restful-booker.herokuapp.com:443][total available: 0; route allocated: 0 of 5; total allocated: 0 of 10]
20:36:48.271 [Test worker] DEBUG org.apache.http.impl.conn.PoolingHttpClientConnectionManager - Connection leased: [id: 5][route: {s}->https://restful-booker.herokuapp.com:443][total available: 0; route allocated: 1 of 5; total allocated: 1 of 10]
20:36:48.271 [Test worker] DEBUG org.apache.http.impl.execchain.MainClientExec - Opening connection {s}->https://restful-booker.herokuapp.com:443
20:36:48.272 [Test worker] DEBUG org.apache.http.impl.conn.DefaultHttpClientConnectionOperator - Connecting to restful-booker.herokuapp.com/107.22.57.98:443
20:36:48.272 [Test worker] DEBUG org.apache.http.conn.ssl.LenientSslConnectionSocketFactory - Connecting socket to restful-booker.herokuapp.com/107.22.57.98:443 with timeout 15000
20:36:48.349 [Test worker] DEBUG org.apache.http.conn.ssl.LenientSslConnectionSocketFactory - Enabled protocols: [TLSv1.3, TLSv1.2, TLSv1.1, TLSv1]
20:36:48.349 [Test worker] DEBUG org.apache.http.conn.ssl.LenientSslConnectionSocketFactory - Enabled cipher suites:[TLS_AES_128_GCM_SHA256, TLS_AES_256_GCM_SHA384, TLS_ECDHE_ECDSA_WITH_AES_256_GCM_SHA384, TLS_ECDHE_ECDSA_WITH_AES_128_GCM_SHA256, TLS_ECDHE_RSA_WITH_AES_256_GCM_SHA384, TLS_RSA_WITH_AES_256_GCM_SHA384, TLS_ECDH_ECDSA_WITH_AES_256_GCM_SHA384, TLS_ECDH_RSA_WITH_AES_256_GCM_SHA384, TLS_DHE_RSA_WITH_AES_256_GCM_SHA384, TLS_DHE_DSS_WITH_AES_256_GCM_SHA384, TLS_ECDHE_RSA_WITH_AES_128_GCM_SHA256, TLS_RSA_WITH_AES_128_GCM_SHA256, TLS_ECDH_ECDSA_WITH_AES_128_GCM_SHA256, TLS_ECDH_RSA_WITH_AES_128_GCM_SHA256, TLS_DHE_RSA_WITH_AES_128_GCM_SHA256, TLS_DHE_DSS_WITH_AES_128_GCM_SHA256, TLS_ECDHE_ECDSA_WITH_AES_256_CBC_SHA384, TLS_ECDHE_RSA_WITH_AES_256_CBC_SHA384, TLS_RSA_WITH_AES_256_CBC_SHA256, TLS_ECDH_ECDSA_WITH_AES_256_CBC_SHA384, TLS_ECDH_RSA_WITH_AES_256_CBC_SHA384, TLS_DHE_RSA_WITH_AES_256_CBC_SHA256, TLS_DHE_DSS_WITH_AES_256_CBC_SHA256, TLS_ECDHE_ECDSA_WITH_AES_256_CBC_SHA, TLS_ECDHE_RSA_WITH_AES_256_CBC_SHA, TLS_RSA_WITH_AES_256_CBC_SHA, TLS_ECDH_ECDSA_WITH_AES_256_CBC_SHA, TLS_ECDH_RSA_WITH_AES_256_CBC_SHA, TLS_DHE_RSA_WITH_AES_256_CBC_SHA, TLS_DHE_DSS_WITH_AES_256_CBC_SHA, TLS_ECDHE_ECDSA_WITH_AES_128_CBC_SHA256, TLS_ECDHE_RSA_WITH_AES_128_CBC_SHA256, TLS_RSA_WITH_AES_128_CBC_SHA256, TLS_ECDH_ECDSA_WITH_AES_128_CBC_SHA256, TLS_ECDH_RSA_WITH_AES_128_CBC_SHA256, TLS_DHE_RSA_WITH_AES_128_CBC_SHA256, TLS_DHE_DSS_WITH_AES_128_CBC_SHA256, TLS_ECDHE_ECDSA_WITH_AES_128_CBC_SHA, TLS_ECDHE_RSA_WITH_AES_128_CBC_SHA, TLS_RSA_WITH_AES_128_CBC_SHA, TLS_ECDH_ECDSA_WITH_AES_128_CBC_SHA, TLS_ECDH_RSA_WITH_AES_128_CBC_SHA, TLS_DHE_RSA_WITH_AES_128_CBC_SHA, TLS_DHE_DSS_WITH_AES_128_CBC_SHA, TLS_EMPTY_RENEGOTIATION_INFO_SCSV]
20:36:48.349 [Test worker] DEBUG org.apache.http.conn.ssl.LenientSslConnectionSocketFactory - Starting handshake
20:36:48.505 [Test worker] DEBUG org.apache.http.conn.ssl.LenientSslConnectionSocketFactory - Secure session established
20:36:48.506 [Test worker] DEBUG org.apache.http.conn.ssl.LenientSslConnectionSocketFactory -  negotiated protocol: TLSv1.2
20:36:48.506 [Test worker] DEBUG org.apache.http.conn.ssl.LenientSslConnectionSocketFactory -  negotiated cipher suite: TLS_ECDHE_RSA_WITH_AES_128_GCM_SHA256
20:36:48.506 [Test worker] DEBUG org.apache.http.conn.ssl.LenientSslConnectionSocketFactory -  peer principal: CN=*.herokuapp.com
20:36:48.506 [Test worker] DEBUG org.apache.http.conn.ssl.LenientSslConnectionSocketFactory -  peer alternative names: [*.herokuapp.com]
20:36:48.506 [Test worker] DEBUG org.apache.http.conn.ssl.LenientSslConnectionSocketFactory -  issuer principal: CN=Amazon RSA 2048 M02, O=Amazon, C=US
20:36:48.506 [Test worker] DEBUG org.apache.http.impl.conn.DefaultHttpClientConnectionOperator - Connection established 192.168.20.32:55596<->107.22.57.98:443
20:36:48.506 [Test worker] DEBUG org.apache.http.impl.conn.DefaultManagedHttpClientConnection - http-outgoing-5: set socket timeout to 15000
20:36:48.506 [Test worker] DEBUG org.apache.http.impl.execchain.MainClientExec - Executing request POST /booking HTTP/1.1
20:36:48.506 [Test worker] DEBUG org.apache.http.impl.execchain.MainClientExec - Target auth state: UNCHALLENGED
20:36:48.506 [Test worker] DEBUG org.apache.http.impl.execchain.MainClientExec - Proxy auth state: UNCHALLENGED
20:36:48.506 [Test worker] DEBUG org.apache.http.headers - http-outgoing-5 >> POST /booking HTTP/1.1
20:36:48.507 [Test worker] DEBUG org.apache.http.headers - http-outgoing-5 >> Content-Type: 
20:36:48.507 [Test worker] DEBUG org.apache.http.headers - http-outgoing-5 >> Accept: 
20:36:48.507 [Test worker] DEBUG org.apache.http.headers - http-outgoing-5 >> Content-Length: 170
20:36:48.507 [Test worker] DEBUG org.apache.http.headers - http-outgoing-5 >> Host: restful-booker.herokuapp.com
20:36:48.507 [Test worker] DEBUG org.apache.http.headers - http-outgoing-5 >> Connection: Keep-Alive
20:36:48.507 [Test worker] DEBUG org.apache.http.headers - http-outgoing-5 >> User-Agent: Apache-HttpClient/4.5.13 (Java/11.0.8)
20:36:48.507 [Test worker] DEBUG org.apache.http.headers - http-outgoing-5 >> Accept-Encoding: gzip,deflate
20:36:48.507 [Test worker] DEBUG org.apache.http.wire - http-outgoing-5 >> "POST /booking HTTP/1.1[\r][\n]"
20:36:48.507 [Test worker] DEBUG org.apache.http.wire - http-outgoing-5 >> "Content-Type: [\r][\n]"
20:36:48.507 [Test worker] DEBUG org.apache.http.wire - http-outgoing-5 >> "Accept: [\r][\n]"
20:36:48.507 [Test worker] DEBUG org.apache.http.wire - http-outgoing-5 >> "Content-Length: 170[\r][\n]"
20:36:48.507 [Test worker] DEBUG org.apache.http.wire - http-outgoing-5 >> "Host: restful-booker.herokuapp.com[\r][\n]"
20:36:48.507 [Test worker] DEBUG org.apache.http.wire - http-outgoing-5 >> "Connection: Keep-Alive[\r][\n]"
20:36:48.507 [Test worker] DEBUG org.apache.http.wire - http-outgoing-5 >> "User-Agent: Apache-HttpClient/4.5.13 (Java/11.0.8)[\r][\n]"
20:36:48.507 [Test worker] DEBUG org.apache.http.wire - http-outgoing-5 >> "Accept-Encoding: gzip,deflate[\r][\n]"
20:36:48.507 [Test worker] DEBUG org.apache.http.wire - http-outgoing-5 >> "[\r][\n]"
20:36:48.508 [Test worker] DEBUG org.apache.http.wire - http-outgoing-5 >> "{"firstname":"Jim","lastname":"Brown","totalprice":111,"depositpaid":"true","bookingdates":{"checkin":"2019-01-01","checkout":"2019-01-01"},"additionalneeds":"Breakfast"}"
20:36:48.579 [Test worker] DEBUG org.apache.http.wire - http-outgoing-5 << "HTTP/1.1 500 Internal Server Error[\r][\n]"
20:36:48.579 [Test worker] DEBUG org.apache.http.wire - http-outgoing-5 << "Server: Cowboy[\r][\n]"
20:36:48.579 [Test worker] DEBUG org.apache.http.wire - http-outgoing-5 << "Connection: keep-alive[\r][\n]"
20:36:48.579 [Test worker] DEBUG org.apache.http.wire - http-outgoing-5 << "X-Powered-By: Express[\r][\n]"
20:36:48.579 [Test worker] DEBUG org.apache.http.wire - http-outgoing-5 << "Content-Type: text/plain; charset=utf-8[\r][\n]"
20:36:48.579 [Test worker] DEBUG org.apache.http.wire - http-outgoing-5 << "Content-Length: 21[\r][\n]"
20:36:48.579 [Test worker] DEBUG org.apache.http.wire - http-outgoing-5 << "Etag: W/"15-/6VXivhc2MKdLfIkLcUE47K6aH0"[\r][\n]"
20:36:48.579 [Test worker] DEBUG org.apache.http.wire - http-outgoing-5 << "Date: Sat, 18 Mar 2023 01:36:48 GMT[\r][\n]"
20:36:48.579 [Test worker] DEBUG org.apache.http.wire - http-outgoing-5 << "Via: 1.1 vegur[\r][\n]"
20:36:48.579 [Test worker] DEBUG org.apache.http.wire - http-outgoing-5 << "[\r][\n]"
20:36:48.579 [Test worker] DEBUG org.apache.http.wire - http-outgoing-5 << "Internal Server Error"
20:36:48.580 [Test worker] DEBUG org.apache.http.headers - http-outgoing-5 << HTTP/1.1 500 Internal Server Error
20:36:48.580 [Test worker] DEBUG org.apache.http.headers - http-outgoing-5 << Server: Cowboy
20:36:48.580 [Test worker] DEBUG org.apache.http.headers - http-outgoing-5 << Connection: keep-alive
20:36:48.580 [Test worker] DEBUG org.apache.http.headers - http-outgoing-5 << X-Powered-By: Express
20:36:48.580 [Test worker] DEBUG org.apache.http.headers - http-outgoing-5 << Content-Type: text/plain; charset=utf-8
20:36:48.580 [Test worker] DEBUG org.apache.http.headers - http-outgoing-5 << Content-Length: 21
20:36:48.580 [Test worker] DEBUG org.apache.http.headers - http-outgoing-5 << Etag: W/"15-/6VXivhc2MKdLfIkLcUE47K6aH0"
20:36:48.580 [Test worker] DEBUG org.apache.http.headers - http-outgoing-5 << Date: Sat, 18 Mar 2023 01:36:48 GMT
20:36:48.580 [Test worker] DEBUG org.apache.http.headers - http-outgoing-5 << Via: 1.1 vegur
20:36:48.580 [Test worker] DEBUG org.apache.http.impl.execchain.MainClientExec - Connection can be kept alive indefinitely
20:36:48.580 [Test worker] DEBUG org.apache.http.impl.conn.PoolingHttpClientConnectionManager - Connection [id: 5][route: {s}->https://restful-booker.herokuapp.com:443] can be kept alive indefinitely
20:36:48.580 [Test worker] DEBUG org.apache.http.impl.conn.DefaultManagedHttpClientConnection - http-outgoing-5: set socket timeout to 0
20:36:48.581 [Test worker] DEBUG org.apache.http.impl.conn.PoolingHttpClientConnectionManager - Connection released: [id: 5][route: {s}->https://restful-booker.herokuapp.com:443][total available: 1; route allocated: 1 of 5; total allocated: 1 of 10]
20:36:48.581 [Test worker] DEBUG com.intuit.karate - response time in milliseconds: 310
1 < 500
1 < Server: Cowboy
1 < Connection: keep-alive
1 < X-Powered-By: Express
1 < Content-Type: text/plain; charset=utf-8
1 < Content-Length: 21
1 < Etag: W/"15-/6VXivhc2MKdLfIkLcUE47K6aH0"
1 < Date: Sat, 18 Mar 2023 01:36:48 GMT
1 < Via: 1.1 vegur
Internal Server Error

20:36:48.583 [Test worker] INFO com.intuit.karate - [print] Internal Server Error 
20:36:48.602 [Test worker] DEBUG com.jayway.jsonpath.internal.path.CompiledPath - Evaluating path: $
20:36:48.605 [Test worker] DEBUG org.apache.http.client.protocol.RequestAddCookies - CookieSpec selected: karate
20:36:48.605 [Test worker] DEBUG org.apache.http.client.protocol.RequestAuthCache - Auth cache not set in the context
20:36:48.605 [Test worker] DEBUG com.intuit.karate - request:
1 > POST https://restful-booker.herokuapp.com/booking
1 > Content-Type: application/json; charset=UTF-8
1 > Accept: 
1 > Content-Length: 170
1 > Host: restful-booker.herokuapp.com
1 > Connection: Keep-Alive
1 > User-Agent: Apache-HttpClient/4.5.13 (Java/11.0.8)
1 > Accept-Encoding: gzip,deflate
{"firstname":"Jim","lastname":"Brown","totalprice":111,"depositpaid":"true","bookingdates":{"checkin":"2019-01-01","checkout":"2019-01-01"},"additionalneeds":"Breakfast"}

20:36:48.605 [Test worker] DEBUG org.apache.http.impl.conn.PoolingHttpClientConnectionManager - Connection request: [route: {s}->https://restful-booker.herokuapp.com:443][total available: 0; route allocated: 0 of 5; total allocated: 0 of 10]
20:36:48.605 [Test worker] DEBUG org.apache.http.impl.conn.PoolingHttpClientConnectionManager - Connection leased: [id: 6][route: {s}->https://restful-booker.herokuapp.com:443][total available: 0; route allocated: 1 of 5; total allocated: 1 of 10]
20:36:48.606 [Test worker] DEBUG org.apache.http.impl.execchain.MainClientExec - Opening connection {s}->https://restful-booker.herokuapp.com:443
20:36:48.606 [Test worker] DEBUG org.apache.http.impl.conn.DefaultHttpClientConnectionOperator - Connecting to restful-booker.herokuapp.com/107.22.57.98:443
20:36:48.606 [Test worker] DEBUG org.apache.http.conn.ssl.LenientSslConnectionSocketFactory - Connecting socket to restful-booker.herokuapp.com/107.22.57.98:443 with timeout 15000
20:36:48.688 [Test worker] DEBUG org.apache.http.conn.ssl.LenientSslConnectionSocketFactory - Enabled protocols: [TLSv1.3, TLSv1.2, TLSv1.1, TLSv1]
20:36:48.688 [Test worker] DEBUG org.apache.http.conn.ssl.LenientSslConnectionSocketFactory - Enabled cipher suites:[TLS_AES_128_GCM_SHA256, TLS_AES_256_GCM_SHA384, TLS_ECDHE_ECDSA_WITH_AES_256_GCM_SHA384, TLS_ECDHE_ECDSA_WITH_AES_128_GCM_SHA256, TLS_ECDHE_RSA_WITH_AES_256_GCM_SHA384, TLS_RSA_WITH_AES_256_GCM_SHA384, TLS_ECDH_ECDSA_WITH_AES_256_GCM_SHA384, TLS_ECDH_RSA_WITH_AES_256_GCM_SHA384, TLS_DHE_RSA_WITH_AES_256_GCM_SHA384, TLS_DHE_DSS_WITH_AES_256_GCM_SHA384, TLS_ECDHE_RSA_WITH_AES_128_GCM_SHA256, TLS_RSA_WITH_AES_128_GCM_SHA256, TLS_ECDH_ECDSA_WITH_AES_128_GCM_SHA256, TLS_ECDH_RSA_WITH_AES_128_GCM_SHA256, TLS_DHE_RSA_WITH_AES_128_GCM_SHA256, TLS_DHE_DSS_WITH_AES_128_GCM_SHA256, TLS_ECDHE_ECDSA_WITH_AES_256_CBC_SHA384, TLS_ECDHE_RSA_WITH_AES_256_CBC_SHA384, TLS_RSA_WITH_AES_256_CBC_SHA256, TLS_ECDH_ECDSA_WITH_AES_256_CBC_SHA384, TLS_ECDH_RSA_WITH_AES_256_CBC_SHA384, TLS_DHE_RSA_WITH_AES_256_CBC_SHA256, TLS_DHE_DSS_WITH_AES_256_CBC_SHA256, TLS_ECDHE_ECDSA_WITH_AES_256_CBC_SHA, TLS_ECDHE_RSA_WITH_AES_256_CBC_SHA, TLS_RSA_WITH_AES_256_CBC_SHA, TLS_ECDH_ECDSA_WITH_AES_256_CBC_SHA, TLS_ECDH_RSA_WITH_AES_256_CBC_SHA, TLS_DHE_RSA_WITH_AES_256_CBC_SHA, TLS_DHE_DSS_WITH_AES_256_CBC_SHA, TLS_ECDHE_ECDSA_WITH_AES_128_CBC_SHA256, TLS_ECDHE_RSA_WITH_AES_128_CBC_SHA256, TLS_RSA_WITH_AES_128_CBC_SHA256, TLS_ECDH_ECDSA_WITH_AES_128_CBC_SHA256, TLS_ECDH_RSA_WITH_AES_128_CBC_SHA256, TLS_DHE_RSA_WITH_AES_128_CBC_SHA256, TLS_DHE_DSS_WITH_AES_128_CBC_SHA256, TLS_ECDHE_ECDSA_WITH_AES_128_CBC_SHA, TLS_ECDHE_RSA_WITH_AES_128_CBC_SHA, TLS_RSA_WITH_AES_128_CBC_SHA, TLS_ECDH_ECDSA_WITH_AES_128_CBC_SHA, TLS_ECDH_RSA_WITH_AES_128_CBC_SHA, TLS_DHE_RSA_WITH_AES_128_CBC_SHA, TLS_DHE_DSS_WITH_AES_128_CBC_SHA, TLS_EMPTY_RENEGOTIATION_INFO_SCSV]
20:36:48.688 [Test worker] DEBUG org.apache.http.conn.ssl.LenientSslConnectionSocketFactory - Starting handshake
20:36:48.867 [Test worker] DEBUG org.apache.http.conn.ssl.LenientSslConnectionSocketFactory - Secure session established
20:36:48.867 [Test worker] DEBUG org.apache.http.conn.ssl.LenientSslConnectionSocketFactory -  negotiated protocol: TLSv1.2
20:36:48.867 [Test worker] DEBUG org.apache.http.conn.ssl.LenientSslConnectionSocketFactory -  negotiated cipher suite: TLS_ECDHE_RSA_WITH_AES_128_GCM_SHA256
20:36:48.867 [Test worker] DEBUG org.apache.http.conn.ssl.LenientSslConnectionSocketFactory -  peer principal: CN=*.herokuapp.com
20:36:48.867 [Test worker] DEBUG org.apache.http.conn.ssl.LenientSslConnectionSocketFactory -  peer alternative names: [*.herokuapp.com]
20:36:48.867 [Test worker] DEBUG org.apache.http.conn.ssl.LenientSslConnectionSocketFactory -  issuer principal: CN=Amazon RSA 2048 M02, O=Amazon, C=US
20:36:48.867 [Test worker] DEBUG org.apache.http.impl.conn.DefaultHttpClientConnectionOperator - Connection established 192.168.20.32:55597<->107.22.57.98:443
20:36:48.867 [Test worker] DEBUG org.apache.http.impl.conn.DefaultManagedHttpClientConnection - http-outgoing-6: set socket timeout to 15000
20:36:48.867 [Test worker] DEBUG org.apache.http.impl.execchain.MainClientExec - Executing request POST /booking HTTP/1.1
20:36:48.867 [Test worker] DEBUG org.apache.http.impl.execchain.MainClientExec - Target auth state: UNCHALLENGED
20:36:48.867 [Test worker] DEBUG org.apache.http.impl.execchain.MainClientExec - Proxy auth state: UNCHALLENGED
20:36:48.868 [Test worker] DEBUG org.apache.http.headers - http-outgoing-6 >> POST /booking HTTP/1.1
20:36:48.868 [Test worker] DEBUG org.apache.http.headers - http-outgoing-6 >> Content-Type: application/json; charset=UTF-8
20:36:48.868 [Test worker] DEBUG org.apache.http.headers - http-outgoing-6 >> Accept: 
20:36:48.868 [Test worker] DEBUG org.apache.http.headers - http-outgoing-6 >> Content-Length: 170
20:36:48.868 [Test worker] DEBUG org.apache.http.headers - http-outgoing-6 >> Host: restful-booker.herokuapp.com
20:36:48.868 [Test worker] DEBUG org.apache.http.headers - http-outgoing-6 >> Connection: Keep-Alive
20:36:48.868 [Test worker] DEBUG org.apache.http.headers - http-outgoing-6 >> User-Agent: Apache-HttpClient/4.5.13 (Java/11.0.8)
20:36:48.868 [Test worker] DEBUG org.apache.http.headers - http-outgoing-6 >> Accept-Encoding: gzip,deflate
20:36:48.868 [Test worker] DEBUG org.apache.http.wire - http-outgoing-6 >> "POST /booking HTTP/1.1[\r][\n]"
20:36:48.868 [Test worker] DEBUG org.apache.http.wire - http-outgoing-6 >> "Content-Type: application/json; charset=UTF-8[\r][\n]"
20:36:48.868 [Test worker] DEBUG org.apache.http.wire - http-outgoing-6 >> "Accept: [\r][\n]"
20:36:48.868 [Test worker] DEBUG org.apache.http.wire - http-outgoing-6 >> "Content-Length: 170[\r][\n]"
20:36:48.868 [Test worker] DEBUG org.apache.http.wire - http-outgoing-6 >> "Host: restful-booker.herokuapp.com[\r][\n]"
20:36:48.868 [Test worker] DEBUG org.apache.http.wire - http-outgoing-6 >> "Connection: Keep-Alive[\r][\n]"
20:36:48.868 [Test worker] DEBUG org.apache.http.wire - http-outgoing-6 >> "User-Agent: Apache-HttpClient/4.5.13 (Java/11.0.8)[\r][\n]"
20:36:48.868 [Test worker] DEBUG org.apache.http.wire - http-outgoing-6 >> "Accept-Encoding: gzip,deflate[\r][\n]"
20:36:48.868 [Test worker] DEBUG org.apache.http.wire - http-outgoing-6 >> "[\r][\n]"
[...]
[THYMELEAF]             * [* {th:placeholder,data-th-placeholder}] [1000]: org.thymeleaf.standard.processor.StandardRemovableAttributeTagProcessor
[THYMELEAF]             * [* {th:width,data-th-width}] [1000]: org.thymeleaf.standard.processor.StandardRemovableAttributeTagProcessor
[THYMELEAF]             * [* {th:maxlength,data-th-maxlength}] [1000]: org.thymeleaf.standard.processor.StandardRemovableAttributeTagProcessor
[THYMELEAF]             * [* {th:dir,data-th-dir}] [1000]: org.thymeleaf.standard.processor.StandardRemovableAttributeTagProcessor
[THYMELEAF]             * [* {th:marginheight,data-th-marginheight}] [1000]: org.thymeleaf.standard.processor.StandardRemovableAttributeTagProcessor
[THYMELEAF]             * [* {th:formenctype,data-th-formenctype}] [1000]: org.thymeleaf.standard.processor.StandardRemovableAttributeTagProcessor
[THYMELEAF]             * [* {th:keytype,data-th-keytype}] [1000]: org.thymeleaf.standard.processor.StandardRemovableAttributeTagProcessor
[THYMELEAF]             * [* {th:summary,data-th-summary}] [1000]: org.thymeleaf.standard.processor.StandardRemovableAttributeTagProcessor
[THYMELEAF]             * [* {th:step,data-th-step}] [1000]: org.thymeleaf.standard.processor.StandardRemovableAttributeTagProcessor
[THYMELEAF]             * [* {th:codebase,data-th-codebase}] [1000]: org.thymeleaf.standard.processor.StandardRemovableAttributeTagProcessor
[THYMELEAF]             * [* {th:high,data-th-high}] [1000]: org.thymeleaf.standard.processor.StandardRemovableAttributeTagProcessor
[THYMELEAF]             * [* {th:media,data-th-media}] [1000]: org.thymeleaf.standard.processor.StandardRemovableAttributeTagProcessor
[THYMELEAF]             * [* {th:longdesc,data-th-longdesc}] [1000]: org.thymeleaf.standard.processor.StandardRemovableAttributeTagProcessor
[THYMELEAF]             * [* {th:sandbox,data-th-sandbox}] [1000]: org.thymeleaf.standard.processor.StandardRemovableAttributeTagProcessor
[THYMELEAF]             * [* {th:data,data-th-data}] [1000]: org.thymeleaf.standard.processor.StandardRemovableAttributeTagProcessor
[THYMELEAF]             * [* {th:standby,data-th-standby}] [1000]: org.thymeleaf.standard.processor.StandardRemovableAttributeTagProcessor
[THYMELEAF]             * [* {th:vspace,data-th-vspace}] [1000]: org.thymeleaf.standard.processor.StandardRemovableAttributeTagProcessor
[THYMELEAF]             * [* {th:label,data-th-label}] [1000]: org.thymeleaf.standard.processor.StandardRemovableAttributeTagProcessor
[THYMELEAF]             * [* {th:lang,data-th-lang}] [1000]: org.thymeleaf.standard.processor.StandardRemovableAttributeTagProcessor
[THYMELEAF]             * [* {th:align,data-th-align}] [1000]: org.thymeleaf.standard.processor.StandardRemovableAttributeTagProcessor
[THYMELEAF]             * [* {th:style,data-th-style}] [1000]: org.thymeleaf.standard.processor.StandardRemovableAttributeTagProcessor
[THYMELEAF]             * [* {th:axis,data-th-axis}] [1000]: org.thymeleaf.standard.processor.StandardRemovableAttributeTagProcessor
[THYMELEAF]             * [* {th:http-equiv,data-th-http-equiv}] [1000]: org.thymeleaf.standard.processor.StandardRemovableAttributeTagProcessor
[THYMELEAF]             * [* {th:height,data-th-height}] [1000]: org.thymeleaf.standard.processor.StandardRemovableAttributeTagProcessor
[THYMELEAF]             * [* {th:marginwidth,data-th-marginwidth}] [1000]: org.thymeleaf.standard.processor.StandardRemovableAttributeTagProcessor
[THYMELEAF]             * [* {th:srclang,data-th-srclang}] [1000]: org.thymeleaf.standard.processor.StandardRemovableAttributeTagProcessor
[THYMELEAF]             * [* {th:rows,data-th-rows}] [1000]: org.thymeleaf.standard.processor.StandardRemovableAttributeTagProcessor
[THYMELEAF]             * [* {th:manifest,data-th-manifest}] [1000]: org.thymeleaf.standard.processor.StandardRemovableAttributeTagProcessor
[THYMELEAF]             * [* {th:class,data-th-class}] [1000]: org.thymeleaf.standard.processor.StandardRemovableAttributeTagProcessor
[THYMELEAF]             * [* {th:pattern,data-th-pattern}] [1000]: org.thymeleaf.standard.processor.StandardRemovableAttributeTagProcessor
[THYMELEAF]             * [* {th:datetime,data-th-datetime}] [1000]: org.thymeleaf.standard.processor.StandardRemovableAttributeTagProcessor
[THYMELEAF]             * [* {th:draggable,data-th-draggable}] [1000]: org.thymeleaf.standard.processor.StandardRemovableAttributeTagProcessor
[THYMELEAF]             * [* {th:tabindex,data-th-tabindex}] [1000]: org.thymeleaf.standard.processor.StandardRemovableAttributeTagProcessor
[THYMELEAF]             * [* {th:charset,data-th-charset}] [1000]: org.thymeleaf.standard.processor.StandardRemovableAttributeTagProcessor
[THYMELEAF]             * [* {th:id,data-th-id}] [1000]: org.thymeleaf.standard.processor.StandardRemovableAttributeTagProcessor
[THYMELEAF]             * [* {th:radiogroup,data-th-radiogroup}] [1000]: org.thymeleaf.standard.processor.StandardRemovableAttributeTagProcessor
[THYMELEAF]             * [* {th:size,data-th-size}] [1000]: org.thymeleaf.standard.processor.StandardRemovableAttributeTagProcessor
[THYMELEAF]             * [* {th:src,data-th-src}] [1000]: org.thymeleaf.standard.processor.StandardSrcTagProcessor
[THYMELEAF]             * [* {th:value,data-th-value}] [1000]: org.thymeleaf.standard.processor.StandardValueTagProcessor
[THYMELEAF]             * [* {th:xmlbase,data-th-xmlbase}] [1000]: org.thymeleaf.standard.processor.StandardXmlBaseTagProcessor
[THYMELEAF]             * [* {th:xmllang,data-th-xmllang}] [1000]: org.thymeleaf.standard.processor.StandardXmlLangTagProcessor
[THYMELEAF]             * [* {xmlns:th}] [1000]: org.thymeleaf.standard.processor.StandardXmlNsTagProcessor
[THYMELEAF]             * [* {th:xmlspace,data-th-xmlspace}] [1000]: org.thymeleaf.standard.processor.StandardXmlSpaceTagProcessor
[THYMELEAF]             * [* {th:classappend,data-th-classappend}] [1100]: org.thymeleaf.standard.processor.StandardClassappendTagProcessor
[THYMELEAF]             * [* {th:styleappend,data-th-styleappend}] [1100]: org.thymeleaf.standard.processor.StandardStyleappendTagProcessor
[THYMELEAF]             * [* {th:text,data-th-text}] [1300]: org.thymeleaf.standard.processor.StandardTextTagProcessor
[THYMELEAF]             * [* {th:utext,data-th-utext}] [1400]: org.thymeleaf.standard.processor.StandardUtextTagProcessor
[THYMELEAF]             * [* {th:fragment,data-th-fragment}] [1500]: org.thymeleaf.standard.processor.StandardFragmentTagProcessor
[THYMELEAF]             * [* {th:assert,data-th-assert}] [1550]: org.thymeleaf.standard.processor.StandardAssertTagProcessor
[THYMELEAF]             * [* {th:remove,data-th-remove}] [1600]: org.thymeleaf.standard.processor.StandardRemoveTagProcessor
[THYMELEAF]             * [* {th:ref,data-th-ref}] [10000]: org.thymeleaf.standard.processor.StandardRefAttributeTagProcessor
[THYMELEAF]             * [{th:block,th-block} *] [100000]: org.thymeleaf.standard.processor.StandardBlockTagProcessor
[THYMELEAF]             * [* th:*] [2147483647]: org.thymeleaf.standard.processor.StandardDefaultAttributesTagProcessor
[THYMELEAF]         * Text Processors by [precedence]:
[THYMELEAF]             * [1000]: org.thymeleaf.standard.processor.StandardInliningTextProcessor
[THYMELEAF]         * DOCTYPE Processors by [precedence]:
[THYMELEAF]             * [1000]: org.thymeleaf.standard.processor.StandardTranslationDocTypeProcessor
[THYMELEAF]         * CDATA Section Processors by [precedence]:
[THYMELEAF]             * [1000]: org.thymeleaf.standard.processor.StandardInliningCDATASectionProcessor
[THYMELEAF]         * Comment Processors by [precedence]:
[THYMELEAF]             * [1000]: org.thymeleaf.standard.processor.StandardInliningCommentProcessor
[THYMELEAF]             * [1100]: org.thymeleaf.standard.processor.StandardConditionalCommentProcessor
[THYMELEAF]     * Processors for Template Mode: XML
[THYMELEAF]         * Element Tag Processors by [matching element and attribute name] [precedence]:
[THYMELEAF]             * [* {th:include}] [100]: org.thymeleaf.standard.processor.StandardIncludeTagProcessor
[THYMELEAF]             * [* {th:insert}] [100]: org.thymeleaf.standard.processor.StandardInsertTagProcessor
[THYMELEAF]             * [* {th:replace}] [100]: org.thymeleaf.standard.processor.StandardReplaceTagProcessor
[THYMELEAF]             * [* {th:substituteby}] [100]: org.thymeleaf.standard.processor.StandardSubstituteByTagProcessor
[THYMELEAF]             * [* {th:each}] [200]: com.intuit.karate.template.KarateEachTagProcessor
[THYMELEAF]             * [* {th:switch}] [250]: org.thymeleaf.standard.processor.StandardSwitchTagProcessor
[THYMELEAF]             * [* {th:case}] [275]: org.thymeleaf.standard.processor.StandardCaseTagProcessor
[THYMELEAF]             * [* {th:if}] [300]: org.thymeleaf.standard.processor.StandardIfTagProcessor
[THYMELEAF]             * [* {th:unless}] [400]: org.thymeleaf.standard.processor.StandardUnlessTagProcessor
[THYMELEAF]             * [* {th:object}] [500]: org.thymeleaf.standard.processor.StandardObjectTagProcessor
[THYMELEAF]             * [* {th:with}] [600]: com.intuit.karate.template.KarateWithTagProcessor
[THYMELEAF]             * [* {th:attr}] [700]: com.intuit.karate.template.KarateAttributeTagProcessor.KarateAttrTagProcessor
[THYMELEAF]             * [* {th:attrappend}] [900]: com.intuit.karate.template.KarateAttributeTagProcessor.KarateAttrappendTagProcessor
[THYMELEAF]             * [* {th:attrprepend}] [900]: com.intuit.karate.template.KarateAttributeTagProcessor.KarateAttrprependTagProcessor
[THYMELEAF]             * [* {th:inline}] [1000]: org.thymeleaf.standard.processor.StandardInlineXMLTagProcessor
[THYMELEAF]             * [* {xmlns:th}] [1000]: org.thymeleaf.standard.processor.StandardXmlNsTagProcessor
[THYMELEAF]             * [* {th:text}] [1300]: org.thymeleaf.standard.processor.StandardTextTagProcessor
[THYMELEAF]             * [* {th:utext}] [1400]: org.thymeleaf.standard.processor.StandardUtextTagProcessor
[THYMELEAF]             * [* {th:fragment}] [1500]: org.thymeleaf.standard.processor.StandardFragmentTagProcessor
[THYMELEAF]             * [* {th:assert}] [1550]: org.thymeleaf.standard.processor.StandardAssertTagProcessor
[THYMELEAF]             * [* {th:remove}] [1600]: org.thymeleaf.standard.processor.StandardRemoveTagProcessor
[THYMELEAF]             * [* {th:ref}] [10000]: org.thymeleaf.standard.processor.StandardRefAttributeTagProcessor
[THYMELEAF]             * [{th:block} *] [100000]: org.thymeleaf.standard.processor.StandardBlockTagProcessor
[THYMELEAF]             * [* th:*] [2147483647]: org.thymeleaf.standard.processor.StandardDefaultAttributesTagProcessor
[THYMELEAF]         * Text Processors by [precedence]:
[THYMELEAF]             * [1000]: org.thymeleaf.standard.processor.StandardInliningTextProcessor
[THYMELEAF]         * CDATA Section Processors by [precedence]:
[THYMELEAF]             * [1000]: org.thymeleaf.standard.processor.StandardInliningCDATASectionProcessor
[THYMELEAF]         * Comment Processors by [precedence]:
[THYMELEAF]             * [1000]: org.thymeleaf.standard.processor.StandardInliningCommentProcessor
[THYMELEAF]     * Processors for Template Mode: TEXT
[THYMELEAF]         * Element Tag Processors by [matching element and attribute name] [precedence]:
[THYMELEAF]             * [* {th:insert}] [100]: org.thymeleaf.standard.processor.StandardInsertTagProcessor
[THYMELEAF]             * [* {th:replace}] [100]: org.thymeleaf.standard.processor.StandardReplaceTagProcessor
[THYMELEAF]             * [* {th:each}] [200]: com.intuit.karate.template.KarateEachTagProcessor
[THYMELEAF]             * [* {th:switch}] [250]: org.thymeleaf.standard.processor.StandardSwitchTagProcessor
[THYMELEAF]             * [* {th:case}] [275]: org.thymeleaf.standard.processor.StandardCaseTagProcessor
[THYMELEAF]             * [* {th:if}] [300]: org.thymeleaf.standard.processor.StandardIfTagProcessor
[THYMELEAF]             * [* {th:unless}] [400]: org.thymeleaf.standard.processor.StandardUnlessTagProcessor
[THYMELEAF]             * [* {th:object}] [500]: org.thymeleaf.standard.processor.StandardObjectTagProcessor
[THYMELEAF]             * [* {th:with}] [600]: com.intuit.karate.template.KarateWithTagProcessor
[THYMELEAF]             * [* {th:inline}] [1000]: org.thymeleaf.standard.processor.StandardInlineTextualTagProcessor
[THYMELEAF]             * [* {th:text}] [1300]: org.thymeleaf.standard.processor.StandardTextTagProcessor
[THYMELEAF]             * [* {th:utext}] [1400]: org.thymeleaf.standard.processor.StandardUtextTagProcessor
[THYMELEAF]             * [* {th:assert}] [1550]: org.thymeleaf.standard.processor.StandardAssertTagProcessor
[THYMELEAF]             * [* {th:remove}] [1600]: org.thymeleaf.standard.processor.StandardRemoveTagProcessor
[THYMELEAF]             * [{th:block} *] [100000]: org.thymeleaf.standard.processor.StandardBlockTagProcessor
[THYMELEAF]             * [* 100000] [org.thymeleaf.standard.processor.StandardBlockTagProcessor]: {}
[THYMELEAF]         * Text Processors by [precedence]:
[THYMELEAF]             * [1000]: org.thymeleaf.standard.processor.StandardInliningTextProcessor
[THYMELEAF]     * Processors for Template Mode: JAVASCRIPT
[THYMELEAF]         * Element Tag Processors by [matching element and attribute name] [precedence]:
[THYMELEAF]             * [* {th:insert}] [100]: org.thymeleaf.standard.processor.StandardInsertTagProcessor
[THYMELEAF]             * [* {th:replace}] [100]: org.thymeleaf.standard.processor.StandardReplaceTagProcessor
[THYMELEAF]             * [* {th:each}] [200]: com.intuit.karate.template.KarateEachTagProcessor
[THYMELEAF]             * [* {th:switch}] [250]: org.thymeleaf.standard.processor.StandardSwitchTagProcessor
[THYMELEAF]             * [* {th:case}] [275]: org.thymeleaf.standard.processor.StandardCaseTagProcessor
[THYMELEAF]             * [* {th:if}] [300]: org.thymeleaf.standard.processor.StandardIfTagProcessor
[THYMELEAF]             * [* {th:unless}] [400]: org.thymeleaf.standard.processor.StandardUnlessTagProcessor
[THYMELEAF]             * [* {th:object}] [500]: org.thymeleaf.standard.processor.StandardObjectTagProcessor
[THYMELEAF]             * [* {th:with}] [600]: com.intuit.karate.template.KarateWithTagProcessor
[THYMELEAF]             * [* {th:inline}] [1000]: org.thymeleaf.standard.processor.StandardInlineTextualTagProcessor
[THYMELEAF]             * [* {th:text}] [1300]: org.thymeleaf.standard.processor.StandardTextTagProcessor
[THYMELEAF]             * [* {th:utext}] [1400]: org.thymeleaf.standard.processor.StandardUtextTagProcessor
[THYMELEAF]             * [* {th:assert}] [1550]: org.thymeleaf.standard.processor.StandardAssertTagProcessor
[THYMELEAF]             * [* {th:remove}] [1600]: org.thymeleaf.standard.processor.StandardRemoveTagProcessor
[THYMELEAF]             * [* 100000] [org.thymeleaf.standard.processor.StandardBlockTagProcessor]: {}
[THYMELEAF]             * [{th:block} *] [100000]: org.thymeleaf.standard.processor.StandardBlockTagProcessor
[THYMELEAF]         * Text Processors by [precedence]:
[THYMELEAF]             * [1000]: org.thymeleaf.standard.processor.StandardInliningTextProcessor
[THYMELEAF]     * Processors for Template Mode: CSS
[THYMELEAF]         * Element Tag Processors by [matching element and attribute name] [precedence]:
[THYMELEAF]             * [* {th:insert}] [100]: org.thymeleaf.standard.processor.StandardInsertTagProcessor
[THYMELEAF]             * [* {th:replace}] [100]: org.thymeleaf.standard.processor.StandardReplaceTagProcessor
[THYMELEAF]             * [* {th:each}] [200]: com.intuit.karate.template.KarateEachTagProcessor
[THYMELEAF]             * [* {th:switch}] [250]: org.thymeleaf.standard.processor.StandardSwitchTagProcessor
[THYMELEAF]             * [* {th:case}] [275]: org.thymeleaf.standard.processor.StandardCaseTagProcessor
[THYMELEAF]             * [* {th:if}] [300]: org.thymeleaf.standard.processor.StandardIfTagProcessor
[THYMELEAF]             * [* {th:unless}] [400]: org.thymeleaf.standard.processor.StandardUnlessTagProcessor
[THYMELEAF]             * [* {th:object}] [500]: org.thymeleaf.standard.processor.StandardObjectTagProcessor
[THYMELEAF]             * [* {th:with}] [600]: com.intuit.karate.template.KarateWithTagProcessor
[THYMELEAF]             * [* {th:inline}] [1000]: org.thymeleaf.standard.processor.StandardInlineTextualTagProcessor
[THYMELEAF]             * [* {th:text}] [1300]: org.thymeleaf.standard.processor.StandardTextTagProcessor
[THYMELEAF]             * [* {th:utext}] [1400]: org.thymeleaf.standard.processor.StandardUtextTagProcessor
[THYMELEAF]             * [* {th:assert}] [1550]: org.thymeleaf.standard.processor.StandardAssertTagProcessor
[THYMELEAF]             * [* {th:remove}] [1600]: org.thymeleaf.standard.processor.StandardRemoveTagProcessor
[THYMELEAF]             * [* 100000] [org.thymeleaf.standard.processor.StandardBlockTagProcessor]: {}
[THYMELEAF]             * [{th:block} *] [100000]: org.thymeleaf.standard.processor.StandardBlockTagProcessor
[THYMELEAF]         * Text Processors by [precedence]:
[THYMELEAF]             * [1000]: org.thymeleaf.standard.processor.StandardInliningTextProcessor
[THYMELEAF]     * Expression Objects:
[THYMELEAF]         * #ctx
[THYMELEAF]         * #root
[THYMELEAF]         * #vars
[THYMELEAF]         * #object
[THYMELEAF]         * #locale
[THYMELEAF]         * #request
[THYMELEAF]         * #response
[THYMELEAF]         * #session
[THYMELEAF]         * #servletContext
[THYMELEAF]         * #conversions
[THYMELEAF]         * #uris
[THYMELEAF]         * #calendars
[THYMELEAF]         * #dates
[THYMELEAF]         * #bools
[THYMELEAF]         * #numbers
[THYMELEAF]         * #objects
[THYMELEAF]         * #strings
[THYMELEAF]         * #arrays
[THYMELEAF]         * #lists
[THYMELEAF]         * #sets
[THYMELEAF]         * #maps
[THYMELEAF]         * #aggregates
[THYMELEAF]         * #messages
[THYMELEAF]         * #ids
[THYMELEAF]         * #execInfo
[THYMELEAF]         * #httpServletRequest
[THYMELEAF]         * #httpSession
[THYMELEAF]     * Execution Attributes:
[THYMELEAF]         * "StandardExpressionParser": com.intuit.karate.template.KarateStandardDialect@4491eaeb
[THYMELEAF]         * "StandardJavaScriptSerializer": org.thymeleaf.standard.serializer.StandardJavaScriptSerializer@7976e536
[THYMELEAF]         * "StandardCSSSerializer": org.thymeleaf.standard.serializer.StandardCSSSerializer@670a4738
[THYMELEAF]         * "StandardVariableExpressionEvaluator": com.intuit.karate.template.KarateStandardDialect@4491eaeb
[THYMELEAF]         * "StandardConversionService": org.thymeleaf.standard.expression.StandardConversionService@47ffdbba
[THYMELEAF] * Dialect [2 of 2]: karate (com.intuit.karate.template.KarateScriptDialect)
[THYMELEAF]     * Prefix: "ka"
[THYMELEAF]     * Processors for Template Mode: HTML
[THYMELEAF]         * Element Tag Processors by [matching element and attribute name] [precedence]:
[THYMELEAF]             * [* {src}] [1000]: com.intuit.karate.template.KaScriptAttrProcessor
[THYMELEAF]         * Element Model Processors by [matching element and attribute name] [precedence]:
[THYMELEAF]             * [{script} {ka:scope,data-ka-scope}] [1000]: com.intuit.karate.template.KaScriptElemProcessor
[THYMELEAF]             * [* {ka:set,data-ka-set}] [1000]: com.intuit.karate.template.KaSetElemProcessor
[THYMELEAF] TEMPLATE ENGINE CONFIGURED OK
20:36:58.550 [Test worker] DEBUG org.thymeleaf.TemplateEngine - [THYMELEAF] TEMPLATE ENGINE INITIALIZED

HTML report: (paste into browser to view) | Karate version: 1.2.0
file:///C:/Users/DYLAN/Desktop/T-evolvers/Reto1ApiKarate/BookerAutomation/build/karate-reports/karate-summary.html
===================================================================

]]></system-out>
  <system-err><![CDATA[]]></system-err>
</testsuite>
