<?xml version="1.0" encoding="UTF-8"?>
<testsuite name="karate.booking.BookingRunner" tests="21" skipped="0" failures="0" errors="0" timestamp="2023-03-18T02:53:06" hostname="DESKTOP-MGGS3TP" time="15.791">
  <properties/>
  <testcase name="[1.1:50] Successfully create a reservation for a user" classname="karate.booking.BookingRunner" time="4.255"/>
  <testcase name="[1.2:51] Successfully create a reservation for a user" classname="karate.booking.BookingRunner" time="0.396"/>
  <testcase name="[2.1:67] Alternative Scenary to create a reservation for a user" classname="karate.booking.BookingRunner" time="0.402"/>
  <testcase name="[2.2:68] Alternative Scenary to create a reservation for a user" classname="karate.booking.BookingRunner" time="0.366"/>
  <testcase name="[2.3:69] Alternative Scenary to create a reservation for a user" classname="karate.booking.BookingRunner" time="0.367"/>
  <testcase name="[3.1:99] Alternate scenario where headers are sent incorrectly" classname="karate.booking.BookingRunner" time="0.359"/>
  <testcase name="[3.2:100] Alternate scenario where headers are sent incorrectly" classname="karate.booking.BookingRunner" time="0.373"/>
  <testcase name="[3.3:101] Alternate scenario where headers are sent incorrectly" classname="karate.booking.BookingRunner" time="0.371"/>
  <testcase name="[3.4:102] Alternate scenario where headers are sent incorrectly" classname="karate.booking.BookingRunner" time="0.382"/>
  <testcase name="[3.5:103] Alternate scenario where headers are sent incorrectly" classname="karate.booking.BookingRunner" time="0.343"/>
  <testcase name="[4.1:133] Alternative scenario where no value is sent to checkin and checkout" classname="karate.booking.BookingRunner" time="0.353"/>
  <testcase name="[4.2:134] Alternative scenario where no value is sent to checkin and checkout" classname="karate.booking.BookingRunner" time="0.361"/>
  <testcase name="[5.1:151] Validate by obtaining an existing booking ID and validate that the correct booking information is returned." classname="karate.booking.BookingRunner" time="0.396"/>
  <testcase name="[5.2:152] Validate by obtaining an existing booking ID and validate that the correct booking information is returned." classname="karate.booking.BookingRunner" time="0.369"/>
  <testcase name="[5.3:153] Validate by obtaining an existing booking ID and validate that the correct booking information is returned." classname="karate.booking.BookingRunner" time="0.336"/>
  <testcase name="[6.1:167] Validate a booking ID that does not exist and validate that a 404 error is returned" classname="karate.booking.BookingRunner" time="0.364"/>
  <testcase name="[6.2:168] Validate a booking ID that does not exist and validate that a 404 error is returned" classname="karate.booking.BookingRunner" time="0.33"/>
  <testcase name="[6.3:169] Validate a booking ID that does not exist and validate that a 404 error is returned" classname="karate.booking.BookingRunner" time="0.34"/>
  <testcase name="[6.4:170] Validate a booking ID that does not exist and validate that a 404 error is returned" classname="karate.booking.BookingRunner" time="0.339"/>
  <testcase name="[7.1:216] Validate booking update successfully" classname="karate.booking.BookingRunner" time="0.701"/>
  <testcase name="[8.1:247] Validate booking update failed" classname="karate.booking.BookingRunner" time="4.252"/>
  <system-out><![CDATA[21:53:06.251 [Test worker] DEBUG com.intuit.karate.Suite - [config] classpath:karate-config.js
21:53:09.368 [Test worker] DEBUG com.jayway.jsonpath.internal.path.CompiledPath - Evaluating path: $
21:53:09.470 [Test worker] DEBUG io.netty.util.internal.logging.InternalLoggerFactory - Using SLF4J as the default logging framework
21:53:09.475 [Test worker] DEBUG io.netty.util.internal.PlatformDependent0 - -Dio.netty.noUnsafe: false
21:53:09.476 [Test worker] DEBUG io.netty.util.internal.PlatformDependent0 - Java version: 11
21:53:09.478 [Test worker] DEBUG io.netty.util.internal.PlatformDependent0 - sun.misc.Unsafe.theUnsafe: available
21:53:09.479 [Test worker] DEBUG io.netty.util.internal.PlatformDependent0 - sun.misc.Unsafe.copyMemory: available
21:53:09.481 [Test worker] DEBUG io.netty.util.internal.PlatformDependent0 - java.nio.Buffer.address: available
21:53:09.482 [Test worker] DEBUG io.netty.util.internal.PlatformDependent0 - direct buffer constructor: unavailable: Reflective setAccessible(true) disabled
21:53:09.484 [Test worker] DEBUG io.netty.util.internal.PlatformDependent0 - java.nio.Bits.unaligned: available, true
21:53:09.486 [Test worker] DEBUG io.netty.util.internal.PlatformDependent0 - jdk.internal.misc.Unsafe.allocateUninitializedArray(int): unavailable: class io.netty.util.internal.PlatformDependent0$6 cannot access class jdk.internal.misc.Unsafe (in module java.base) because module java.base does not export jdk.internal.misc to unnamed module @18137eab
21:53:09.490 [Test worker] DEBUG io.netty.util.internal.PlatformDependent0 - java.nio.DirectByteBuffer.<init>(long, int): unavailable
21:53:09.491 [Test worker] DEBUG io.netty.util.internal.PlatformDependent - sun.misc.Unsafe: available
21:53:09.492 [Test worker] DEBUG io.netty.util.internal.PlatformDependent - maxDirectMemory: 536870912 bytes (maybe)
21:53:09.492 [Test worker] DEBUG io.netty.util.internal.PlatformDependent - -Dio.netty.tmpdir: C:\Users\DYLAN\AppData\Local\Temp (java.io.tmpdir)
21:53:09.492 [Test worker] DEBUG io.netty.util.internal.PlatformDependent - -Dio.netty.bitMode: 64 (sun.arch.data.model)
21:53:09.493 [Test worker] DEBUG io.netty.util.internal.PlatformDependent - Platform: Windows
21:53:09.496 [Test worker] DEBUG io.netty.util.internal.PlatformDependent - -Dio.netty.maxDirectMemory: -1 bytes
21:53:09.496 [Test worker] DEBUG io.netty.util.internal.PlatformDependent - -Dio.netty.uninitializedArrayAllocationThreshold: -1
21:53:09.501 [Test worker] DEBUG io.netty.util.internal.CleanerJava9 - java.nio.ByteBuffer.cleaner(): available
21:53:09.501 [Test worker] DEBUG io.netty.util.internal.PlatformDependent - -Dio.netty.noPreferDirect: false
21:53:09.718 [Test worker] DEBUG org.apache.http.client.protocol.RequestAddCookies - CookieSpec selected: karate
21:53:09.736 [Test worker] DEBUG org.apache.http.client.protocol.RequestAuthCache - Auth cache not set in the context
21:53:09.741 [Test worker] DEBUG com.intuit.karate - request:
1 > POST https://restful-booker.herokuapp.com/booking
1 > Content-Type: application/json; charset=UTF-8
1 > Accept: application/json
1 > Content-Length: 170
1 > Host: restful-booker.herokuapp.com
1 > Connection: Keep-Alive
1 > User-Agent: Apache-HttpClient/4.5.13 (Java/11.0.8)
1 > Accept-Encoding: gzip,deflate
{"firstname":"Jim","lastname":"Brown","totalprice":111,"depositpaid":"true","bookingdates":{"checkin":"2019-01-01","checkout":"2019-01-01"},"additionalneeds":"Breakfast"}

21:53:09.745 [Test worker] DEBUG org.apache.http.impl.conn.PoolingHttpClientConnectionManager - Connection request: [route: {s}->https://restful-booker.herokuapp.com:443][total available: 0; route allocated: 0 of 5; total allocated: 0 of 10]
21:53:09.773 [Test worker] DEBUG org.apache.http.impl.conn.PoolingHttpClientConnectionManager - Connection leased: [id: 0][route: {s}->https://restful-booker.herokuapp.com:443][total available: 0; route allocated: 1 of 5; total allocated: 1 of 10]
21:53:09.776 [Test worker] DEBUG org.apache.http.impl.execchain.MainClientExec - Opening connection {s}->https://restful-booker.herokuapp.com:443
21:53:09.862 [Test worker] DEBUG org.apache.http.impl.conn.DefaultHttpClientConnectionOperator - Connecting to restful-booker.herokuapp.com/3.209.172.72:443
21:53:09.862 [Test worker] DEBUG org.apache.http.conn.ssl.LenientSslConnectionSocketFactory - Connecting socket to restful-booker.herokuapp.com/3.209.172.72:443 with timeout 15000
21:53:10.008 [Test worker] DEBUG org.apache.http.conn.ssl.LenientSslConnectionSocketFactory - Enabled protocols: [TLSv1.3, TLSv1.2, TLSv1.1, TLSv1]
21:53:10.009 [Test worker] DEBUG org.apache.http.conn.ssl.LenientSslConnectionSocketFactory - Enabled cipher suites:[TLS_AES_128_GCM_SHA256, TLS_AES_256_GCM_SHA384, TLS_ECDHE_ECDSA_WITH_AES_256_GCM_SHA384, TLS_ECDHE_ECDSA_WITH_AES_128_GCM_SHA256, TLS_ECDHE_RSA_WITH_AES_256_GCM_SHA384, TLS_RSA_WITH_AES_256_GCM_SHA384, TLS_ECDH_ECDSA_WITH_AES_256_GCM_SHA384, TLS_ECDH_RSA_WITH_AES_256_GCM_SHA384, TLS_DHE_RSA_WITH_AES_256_GCM_SHA384, TLS_DHE_DSS_WITH_AES_256_GCM_SHA384, TLS_ECDHE_RSA_WITH_AES_128_GCM_SHA256, TLS_RSA_WITH_AES_128_GCM_SHA256, TLS_ECDH_ECDSA_WITH_AES_128_GCM_SHA256, TLS_ECDH_RSA_WITH_AES_128_GCM_SHA256, TLS_DHE_RSA_WITH_AES_128_GCM_SHA256, TLS_DHE_DSS_WITH_AES_128_GCM_SHA256, TLS_ECDHE_ECDSA_WITH_AES_256_CBC_SHA384, TLS_ECDHE_RSA_WITH_AES_256_CBC_SHA384, TLS_RSA_WITH_AES_256_CBC_SHA256, TLS_ECDH_ECDSA_WITH_AES_256_CBC_SHA384, TLS_ECDH_RSA_WITH_AES_256_CBC_SHA384, TLS_DHE_RSA_WITH_AES_256_CBC_SHA256, TLS_DHE_DSS_WITH_AES_256_CBC_SHA256, TLS_ECDHE_ECDSA_WITH_AES_256_CBC_SHA, TLS_ECDHE_RSA_WITH_AES_256_CBC_SHA, TLS_RSA_WITH_AES_256_CBC_SHA, TLS_ECDH_ECDSA_WITH_AES_256_CBC_SHA, TLS_ECDH_RSA_WITH_AES_256_CBC_SHA, TLS_DHE_RSA_WITH_AES_256_CBC_SHA, TLS_DHE_DSS_WITH_AES_256_CBC_SHA, TLS_ECDHE_ECDSA_WITH_AES_128_CBC_SHA256, TLS_ECDHE_RSA_WITH_AES_128_CBC_SHA256, TLS_RSA_WITH_AES_128_CBC_SHA256, TLS_ECDH_ECDSA_WITH_AES_128_CBC_SHA256, TLS_ECDH_RSA_WITH_AES_128_CBC_SHA256, TLS_DHE_RSA_WITH_AES_128_CBC_SHA256, TLS_DHE_DSS_WITH_AES_128_CBC_SHA256, TLS_ECDHE_ECDSA_WITH_AES_128_CBC_SHA, TLS_ECDHE_RSA_WITH_AES_128_CBC_SHA, TLS_RSA_WITH_AES_128_CBC_SHA, TLS_ECDH_ECDSA_WITH_AES_128_CBC_SHA, TLS_ECDH_RSA_WITH_AES_128_CBC_SHA, TLS_DHE_RSA_WITH_AES_128_CBC_SHA, TLS_DHE_DSS_WITH_AES_128_CBC_SHA, TLS_EMPTY_RENEGOTIATION_INFO_SCSV]
21:53:10.009 [Test worker] DEBUG org.apache.http.conn.ssl.LenientSslConnectionSocketFactory - Starting handshake
21:53:10.430 [Test worker] DEBUG org.apache.http.conn.ssl.LenientSslConnectionSocketFactory - Secure session established
21:53:10.430 [Test worker] DEBUG org.apache.http.conn.ssl.LenientSslConnectionSocketFactory -  negotiated protocol: TLSv1.2
21:53:10.430 [Test worker] DEBUG org.apache.http.conn.ssl.LenientSslConnectionSocketFactory -  negotiated cipher suite: TLS_ECDHE_RSA_WITH_AES_128_GCM_SHA256
21:53:10.438 [Test worker] DEBUG org.apache.http.conn.ssl.LenientSslConnectionSocketFactory -  peer principal: CN=*.herokuapp.com
21:53:10.439 [Test worker] DEBUG org.apache.http.conn.ssl.LenientSslConnectionSocketFactory -  peer alternative names: [*.herokuapp.com]
21:53:10.440 [Test worker] DEBUG org.apache.http.conn.ssl.LenientSslConnectionSocketFactory -  issuer principal: CN=Amazon RSA 2048 M02, O=Amazon, C=US
21:53:10.441 [Test worker] DEBUG org.apache.http.impl.conn.DefaultHttpClientConnectionOperator - Connection established 192.168.20.32:51593<->3.209.172.72:443
21:53:10.441 [Test worker] DEBUG org.apache.http.impl.conn.DefaultManagedHttpClientConnection - http-outgoing-0: set socket timeout to 15000
21:53:10.442 [Test worker] DEBUG org.apache.http.impl.execchain.MainClientExec - Executing request POST /booking HTTP/1.1
21:53:10.442 [Test worker] DEBUG org.apache.http.impl.execchain.MainClientExec - Target auth state: UNCHALLENGED
21:53:10.443 [Test worker] DEBUG org.apache.http.impl.execchain.MainClientExec - Proxy auth state: UNCHALLENGED
21:53:10.445 [Test worker] DEBUG org.apache.http.headers - http-outgoing-0 >> POST /booking HTTP/1.1
21:53:10.445 [Test worker] DEBUG org.apache.http.headers - http-outgoing-0 >> Content-Type: application/json; charset=UTF-8
21:53:10.446 [Test worker] DEBUG org.apache.http.headers - http-outgoing-0 >> Accept: application/json
21:53:10.446 [Test worker] DEBUG org.apache.http.headers - http-outgoing-0 >> Content-Length: 170
21:53:10.446 [Test worker] DEBUG org.apache.http.headers - http-outgoing-0 >> Host: restful-booker.herokuapp.com
21:53:10.446 [Test worker] DEBUG org.apache.http.headers - http-outgoing-0 >> Connection: Keep-Alive
21:53:10.446 [Test worker] DEBUG org.apache.http.headers - http-outgoing-0 >> User-Agent: Apache-HttpClient/4.5.13 (Java/11.0.8)
21:53:10.446 [Test worker] DEBUG org.apache.http.headers - http-outgoing-0 >> Accept-Encoding: gzip,deflate
21:53:10.447 [Test worker] DEBUG org.apache.http.wire - http-outgoing-0 >> "POST /booking HTTP/1.1[\r][\n]"
21:53:10.447 [Test worker] DEBUG org.apache.http.wire - http-outgoing-0 >> "Content-Type: application/json; charset=UTF-8[\r][\n]"
21:53:10.447 [Test worker] DEBUG org.apache.http.wire - http-outgoing-0 >> "Accept: application/json[\r][\n]"
21:53:10.447 [Test worker] DEBUG org.apache.http.wire - http-outgoing-0 >> "Content-Length: 170[\r][\n]"
21:53:10.448 [Test worker] DEBUG org.apache.http.wire - http-outgoing-0 >> "Host: restful-booker.herokuapp.com[\r][\n]"
21:53:10.448 [Test worker] DEBUG org.apache.http.wire - http-outgoing-0 >> "Connection: Keep-Alive[\r][\n]"
21:53:10.448 [Test worker] DEBUG org.apache.http.wire - http-outgoing-0 >> "User-Agent: Apache-HttpClient/4.5.13 (Java/11.0.8)[\r][\n]"
21:53:10.448 [Test worker] DEBUG org.apache.http.wire - http-outgoing-0 >> "Accept-Encoding: gzip,deflate[\r][\n]"
21:53:10.448 [Test worker] DEBUG org.apache.http.wire - http-outgoing-0 >> "[\r][\n]"
21:53:10.450 [Test worker] DEBUG org.apache.http.wire - http-outgoing-0 >> "{"firstname":"Jim","lastname":"Brown","totalprice":111,"depositpaid":"true","bookingdates":{"checkin":"2019-01-01","checkout":"2019-01-01"},"additionalneeds":"Breakfast"}"
21:53:10.535 [Test worker] DEBUG org.apache.http.wire - http-outgoing-0 << "HTTP/1.1 200 OK[\r][\n]"
21:53:10.535 [Test worker] DEBUG org.apache.http.wire - http-outgoing-0 << "Server: Cowboy[\r][\n]"
21:53:10.535 [Test worker] DEBUG org.apache.http.wire - http-outgoing-0 << "Connection: keep-alive[\r][\n]"
21:53:10.535 [Test worker] DEBUG org.apache.http.wire - http-outgoing-0 << "X-Powered-By: Express[\r][\n]"
21:53:10.536 [Test worker] DEBUG org.apache.http.wire - http-outgoing-0 << "Content-Type: application/json; charset=utf-8[\r][\n]"
21:53:10.536 [Test worker] DEBUG org.apache.http.wire - http-outgoing-0 << "Content-Length: 196[\r][\n]"
21:53:10.536 [Test worker] DEBUG org.apache.http.wire - http-outgoing-0 << "Etag: W/"c4-GS8e+tyNebcgsKIiwBGmUrPQVU8"[\r][\n]"
21:53:10.536 [Test worker] DEBUG org.apache.http.wire - http-outgoing-0 << "Date: Sat, 18 Mar 2023 02:53:10 GMT[\r][\n]"
21:53:10.536 [Test worker] DEBUG org.apache.http.wire - http-outgoing-0 << "Via: 1.1 vegur[\r][\n]"
21:53:10.536 [Test worker] DEBUG org.apache.http.wire - http-outgoing-0 << "[\r][\n]"
21:53:10.536 [Test worker] DEBUG org.apache.http.wire - http-outgoing-0 << "{"bookingid":271,"booking":{"firstname":"Jim","lastname":"Brown","totalprice":111,"depositpaid":true,"bookingdates":{"checkin":"2019-01-01","checkout":"2019-01-01"},"additionalneeds":"Breakfast"}}"
21:53:10.543 [Test worker] DEBUG org.apache.http.headers - http-outgoing-0 << HTTP/1.1 200 OK
21:53:10.543 [Test worker] DEBUG org.apache.http.headers - http-outgoing-0 << Server: Cowboy
21:53:10.543 [Test worker] DEBUG org.apache.http.headers - http-outgoing-0 << Connection: keep-alive
21:53:10.543 [Test worker] DEBUG org.apache.http.headers - http-outgoing-0 << X-Powered-By: Express
21:53:10.543 [Test worker] DEBUG org.apache.http.headers - http-outgoing-0 << Content-Type: application/json; charset=utf-8
21:53:10.543 [Test worker] DEBUG org.apache.http.headers - http-outgoing-0 << Content-Length: 196
21:53:10.543 [Test worker] DEBUG org.apache.http.headers - http-outgoing-0 << Etag: W/"c4-GS8e+tyNebcgsKIiwBGmUrPQVU8"
21:53:10.543 [Test worker] DEBUG org.apache.http.headers - http-outgoing-0 << Date: Sat, 18 Mar 2023 02:53:10 GMT
21:53:10.543 [Test worker] DEBUG org.apache.http.headers - http-outgoing-0 << Via: 1.1 vegur
21:53:10.550 [Test worker] DEBUG org.apache.http.impl.execchain.MainClientExec - Connection can be kept alive indefinitely
21:53:10.555 [Test worker] DEBUG org.apache.http.impl.conn.PoolingHttpClientConnectionManager - Connection [id: 0][route: {s}->https://restful-booker.herokuapp.com:443] can be kept alive indefinitely
21:53:10.555 [Test worker] DEBUG org.apache.http.impl.conn.DefaultManagedHttpClientConnection - http-outgoing-0: set socket timeout to 0
21:53:10.555 [Test worker] DEBUG org.apache.http.impl.conn.PoolingHttpClientConnectionManager - Connection released: [id: 0][route: {s}->https://restful-booker.herokuapp.com:443][total available: 1; route allocated: 1 of 5; total allocated: 1 of 10]
21:53:10.559 [Test worker] DEBUG com.intuit.karate - response time in milliseconds: 813
1 < 200
1 < Server: Cowboy
1 < Connection: keep-alive
1 < X-Powered-By: Express
1 < Content-Type: application/json; charset=utf-8
1 < Content-Length: 196
1 < Etag: W/"c4-GS8e+tyNebcgsKIiwBGmUrPQVU8"
1 < Date: Sat, 18 Mar 2023 02:53:10 GMT
1 < Via: 1.1 vegur
{"bookingid":271,"booking":{"firstname":"Jim","lastname":"Brown","totalprice":111,"depositpaid":true,"bookingdates":{"checkin":"2019-01-01","checkout":"2019-01-01"},"additionalneeds":"Breakfast"}}

21:53:10.569 [Test worker] INFO com.intuit.karate - [print] {
  "bookingid": 271,
  "booking": {
    "firstname": "Jim",
    "lastname": "Brown",
    "totalprice": 111,
    "depositpaid": true,
    "bookingdates": {
      "checkin": "2019-01-01",
      "checkout": "2019-01-01"
    },
    "additionalneeds": "Breakfast"
  }
}
 
21:53:10.578 [Test worker] DEBUG com.jayway.jsonpath.internal.path.CompiledPath - Evaluating path: $
21:53:10.642 [Test worker] DEBUG com.jayway.jsonpath.internal.path.CompiledPath - Evaluating path: $
21:53:10.647 [Test worker] DEBUG org.apache.http.client.protocol.RequestAddCookies - CookieSpec selected: karate
21:53:10.647 [Test worker] DEBUG org.apache.http.client.protocol.RequestAuthCache - Auth cache not set in the context
21:53:10.647 [Test worker] DEBUG com.intuit.karate - request:
1 > POST https://restful-booker.herokuapp.com/booking
1 > Content-Type: application/json; charset=UTF-8
1 > Accept: application/json
1 > Content-Length: 172
1 > Host: restful-booker.herokuapp.com
1 > Connection: Keep-Alive
1 > User-Agent: Apache-HttpClient/4.5.13 (Java/11.0.8)
1 > Accept-Encoding: gzip,deflate
{"firstname":"Dylan","lastname":"Llano","totalprice":111,"depositpaid":"true","bookingdates":{"checkin":"2019-01-01","checkout":"2019-01-01"},"additionalneeds":"Breakfast"}

21:53:10.648 [Test worker] DEBUG org.apache.http.impl.conn.PoolingHttpClientConnectionManager - Connection request: [route: {s}->https://restful-booker.herokuapp.com:443][total available: 0; route allocated: 0 of 5; total allocated: 0 of 10]
21:53:10.648 [Test worker] DEBUG org.apache.http.impl.conn.PoolingHttpClientConnectionManager - Connection leased: [id: 1][route: {s}->https://restful-booker.herokuapp.com:443][total available: 0; route allocated: 1 of 5; total allocated: 1 of 10]
21:53:10.648 [Test worker] DEBUG org.apache.http.impl.execchain.MainClientExec - Opening connection {s}->https://restful-booker.herokuapp.com:443
21:53:10.649 [Test worker] DEBUG org.apache.http.impl.conn.DefaultHttpClientConnectionOperator - Connecting to restful-booker.herokuapp.com/3.209.172.72:443
21:53:10.649 [Test worker] DEBUG org.apache.http.conn.ssl.LenientSslConnectionSocketFactory - Connecting socket to restful-booker.herokuapp.com/3.209.172.72:443 with timeout 15000
21:53:10.730 [Test worker] DEBUG org.apache.http.conn.ssl.LenientSslConnectionSocketFactory - Enabled protocols: [TLSv1.3, TLSv1.2, TLSv1.1, TLSv1]
21:53:10.730 [Test worker] DEBUG org.apache.http.conn.ssl.LenientSslConnectionSocketFactory - Enabled cipher suites:[TLS_AES_128_GCM_SHA256, TLS_AES_256_GCM_SHA384, TLS_ECDHE_ECDSA_WITH_AES_256_GCM_SHA384, TLS_ECDHE_ECDSA_WITH_AES_128_GCM_SHA256, TLS_ECDHE_RSA_WITH_AES_256_GCM_SHA384, TLS_RSA_WITH_AES_256_GCM_SHA384, TLS_ECDH_ECDSA_WITH_AES_256_GCM_SHA384, TLS_ECDH_RSA_WITH_AES_256_GCM_SHA384, TLS_DHE_RSA_WITH_AES_256_GCM_SHA384, TLS_DHE_DSS_WITH_AES_256_GCM_SHA384, TLS_ECDHE_RSA_WITH_AES_128_GCM_SHA256, TLS_RSA_WITH_AES_128_GCM_SHA256, TLS_ECDH_ECDSA_WITH_AES_128_GCM_SHA256, TLS_ECDH_RSA_WITH_AES_128_GCM_SHA256, TLS_DHE_RSA_WITH_AES_128_GCM_SHA256, TLS_DHE_DSS_WITH_AES_128_GCM_SHA256, TLS_ECDHE_ECDSA_WITH_AES_256_CBC_SHA384, TLS_ECDHE_RSA_WITH_AES_256_CBC_SHA384, TLS_RSA_WITH_AES_256_CBC_SHA256, TLS_ECDH_ECDSA_WITH_AES_256_CBC_SHA384, TLS_ECDH_RSA_WITH_AES_256_CBC_SHA384, TLS_DHE_RSA_WITH_AES_256_CBC_SHA256, TLS_DHE_DSS_WITH_AES_256_CBC_SHA256, TLS_ECDHE_ECDSA_WITH_AES_256_CBC_SHA, TLS_ECDHE_RSA_WITH_AES_256_CBC_SHA, TLS_RSA_WITH_AES_256_CBC_SHA, TLS_ECDH_ECDSA_WITH_AES_256_CBC_SHA, TLS_ECDH_RSA_WITH_AES_256_CBC_SHA, TLS_DHE_RSA_WITH_AES_256_CBC_SHA, TLS_DHE_DSS_WITH_AES_256_CBC_SHA, TLS_ECDHE_ECDSA_WITH_AES_128_CBC_SHA256, TLS_ECDHE_RSA_WITH_AES_128_CBC_SHA256, TLS_RSA_WITH_AES_128_CBC_SHA256, TLS_ECDH_ECDSA_WITH_AES_128_CBC_SHA256, TLS_ECDH_RSA_WITH_AES_128_CBC_SHA256, TLS_DHE_RSA_WITH_AES_128_CBC_SHA256, TLS_DHE_DSS_WITH_AES_128_CBC_SHA256, TLS_ECDHE_ECDSA_WITH_AES_128_CBC_SHA, TLS_ECDHE_RSA_WITH_AES_128_CBC_SHA, TLS_RSA_WITH_AES_128_CBC_SHA, TLS_ECDH_ECDSA_WITH_AES_128_CBC_SHA, TLS_ECDH_RSA_WITH_AES_128_CBC_SHA, TLS_DHE_RSA_WITH_AES_128_CBC_SHA, TLS_DHE_DSS_WITH_AES_128_CBC_SHA, TLS_EMPTY_RENEGOTIATION_INFO_SCSV]
21:53:10.730 [Test worker] DEBUG org.apache.http.conn.ssl.LenientSslConnectionSocketFactory - Starting handshake
21:53:10.906 [Test worker] DEBUG org.apache.http.conn.ssl.LenientSslConnectionSocketFactory - Secure session established
21:53:10.907 [Test worker] DEBUG org.apache.http.conn.ssl.LenientSslConnectionSocketFactory -  negotiated protocol: TLSv1.2
21:53:10.907 [Test worker] DEBUG org.apache.http.conn.ssl.LenientSslConnectionSocketFactory -  negotiated cipher suite: TLS_ECDHE_RSA_WITH_AES_128_GCM_SHA256
21:53:10.907 [Test worker] DEBUG org.apache.http.conn.ssl.LenientSslConnectionSocketFactory -  peer principal: CN=*.herokuapp.com
21:53:10.907 [Test worker] DEBUG org.apache.http.conn.ssl.LenientSslConnectionSocketFactory -  peer alternative names: [*.herokuapp.com]
21:53:10.907 [Test worker] DEBUG org.apache.http.conn.ssl.LenientSslConnectionSocketFactory -  issuer principal: CN=Amazon RSA 2048 M02, O=Amazon, C=US
21:53:10.907 [Test worker] DEBUG org.apache.http.impl.conn.DefaultHttpClientConnectionOperator - Connection established 192.168.20.32:51594<->3.209.172.72:443
21:53:10.907 [Test worker] DEBUG org.apache.http.impl.conn.DefaultManagedHttpClientConnection - http-outgoing-1: set socket timeout to 15000
21:53:10.907 [Test worker] DEBUG org.apache.http.impl.execchain.MainClientExec - Executing request POST /booking HTTP/1.1
21:53:10.907 [Test worker] DEBUG org.apache.http.impl.execchain.MainClientExec - Target auth state: UNCHALLENGED
21:53:10.907 [Test worker] DEBUG org.apache.http.impl.execchain.MainClientExec - Proxy auth state: UNCHALLENGED
21:53:10.907 [Test worker] DEBUG org.apache.http.headers - http-outgoing-1 >> POST /booking HTTP/1.1
21:53:10.907 [Test worker] DEBUG org.apache.http.headers - http-outgoing-1 >> Content-Type: application/json; charset=UTF-8
21:53:10.907 [Test worker] DEBUG org.apache.http.headers - http-outgoing-1 >> Accept: application/json
21:53:10.907 [Test worker] DEBUG org.apache.http.headers - http-outgoing-1 >> Content-Length: 172
21:53:10.907 [Test worker] DEBUG org.apache.http.headers - http-outgoing-1 >> Host: restful-booker.herokuapp.com
21:53:10.908 [Test worker] DEBUG org.apache.http.headers - http-outgoing-1 >> Connection: Keep-Alive
21:53:10.908 [Test worker] DEBUG org.apache.http.headers - http-outgoing-1 >> User-Agent: Apache-HttpClient/4.5.13 (Java/11.0.8)
21:53:10.908 [Test worker] DEBUG org.apache.http.headers - http-outgoing-1 >> Accept-Encoding: gzip,deflate
21:53:10.908 [Test worker] DEBUG org.apache.http.wire - http-outgoing-1 >> "POST /booking HTTP/1.1[\r][\n]"
21:53:10.908 [Test worker] DEBUG org.apache.http.wire - http-outgoing-1 >> "Content-Type: application/json; charset=UTF-8[\r][\n]"
21:53:10.908 [Test worker] DEBUG org.apache.http.wire - http-outgoing-1 >> "Accept: application/json[\r][\n]"
21:53:10.908 [Test worker] DEBUG org.apache.http.wire - http-outgoing-1 >> "Content-Length: 172[\r][\n]"
21:53:10.908 [Test worker] DEBUG org.apache.http.wire - http-outgoing-1 >> "Host: restful-booker.herokuapp.com[\r][\n]"
21:53:10.908 [Test worker] DEBUG org.apache.http.wire - http-outgoing-1 >> "Connection: Keep-Alive[\r][\n]"
21:53:10.908 [Test worker] DEBUG org.apache.http.wire - http-outgoing-1 >> "User-Agent: Apache-HttpClient/4.5.13 (Java/11.0.8)[\r][\n]"
21:53:10.908 [Test worker] DEBUG org.apache.http.wire - http-outgoing-1 >> "Accept-Encoding: gzip,deflate[\r][\n]"
21:53:10.908 [Test worker] DEBUG org.apache.http.wire - http-outgoing-1 >> "[\r][\n]"
21:53:10.908 [Test worker] DEBUG org.apache.http.wire - http-outgoing-1 >> "{"firstname":"Dylan","lastname":"Llano","totalprice":111,"depositpaid":"true","bookingdates":{"checkin":"2019-01-01","checkout":"2019-01-01"},"additionalneeds":"Breakfast"}"
21:53:10.996 [Test worker] DEBUG org.apache.http.wire - http-outgoing-1 << "HTTP/1.1 200 OK[\r][\n]"
21:53:10.997 [Test worker] DEBUG org.apache.http.wire - http-outgoing-1 << "Server: Cowboy[\r][\n]"
21:53:10.998 [Test worker] DEBUG org.apache.http.wire - http-outgoing-1 << "Connection: keep-alive[\r][\n]"
21:53:10.998 [Test worker] DEBUG org.apache.http.wire - http-outgoing-1 << "X-Powered-By: Express[\r][\n]"
21:53:10.998 [Test worker] DEBUG org.apache.http.wire - http-outgoing-1 << "Content-Type: application/json; charset=utf-8[\r][\n]"
21:53:10.998 [Test worker] DEBUG org.apache.http.wire - http-outgoing-1 << "Content-Length: 198[\r][\n]"
21:53:10.998 [Test worker] DEBUG org.apache.http.wire - http-outgoing-1 << "Etag: W/"c6-oo8/bxOIw9nVE3B7VjQlh6h8Fvw"[\r][\n]"
21:53:10.998 [Test worker] DEBUG org.apache.http.wire - http-outgoing-1 << "Date: Sat, 18 Mar 2023 02:53:11 GMT[\r][\n]"
21:53:10.998 [Test worker] DEBUG org.apache.http.wire - http-outgoing-1 << "Via: 1.1 vegur[\r][\n]"
21:53:10.998 [Test worker] DEBUG org.apache.http.wire - http-outgoing-1 << "[\r][\n]"
21:53:10.998 [Test worker] DEBUG org.apache.http.wire - http-outgoing-1 << "{"bookingid":277,"booking":{"firstname":"Dylan","lastname":"Llano","totalprice":111,"depositpaid":true,"bookingdates":{"checkin":"2019-01-01","checkout":"2019-01-01"},"additionalneeds":"Breakfast"}}"
21:53:10.998 [Test worker] DEBUG org.apache.http.headers - http-outgoing-1 << HTTP/1.1 200 OK
21:53:10.999 [Test worker] DEBUG org.apache.http.headers - http-outgoing-1 << Server: Cowboy
21:53:10.999 [Test worker] DEBUG org.apache.http.headers - http-outgoing-1 << Connection: keep-alive
21:53:10.999 [Test worker] DEBUG org.apache.http.headers - http-outgoing-1 << X-Powered-By: Express
21:53:10.999 [Test worker] DEBUG org.apache.http.headers - http-outgoing-1 << Content-Type: application/json; charset=utf-8
21:53:10.999 [Test worker] DEBUG org.apache.http.headers - http-outgoing-1 << Content-Length: 198
21:53:10.999 [Test worker] DEBUG org.apache.http.headers - http-outgoing-1 << Etag: W/"c6-oo8/bxOIw9nVE3B7VjQlh6h8Fvw"
21:53:10.999 [Test worker] DEBUG org.apache.http.headers - http-outgoing-1 << Date: Sat, 18 Mar 2023 02:53:11 GMT
21:53:10.999 [Test worker] DEBUG org.apache.http.headers - http-outgoing-1 << Via: 1.1 vegur
21:53:10.999 [Test worker] DEBUG org.apache.http.impl.execchain.MainClientExec - Connection can be kept alive indefinitely
21:53:11.001 [Test worker] DEBUG org.apache.http.impl.conn.PoolingHttpClientConnectionManager - Connection [id: 1][route: {s}->https://restful-booker.herokuapp.com:443] can be kept alive indefinitely
21:53:11.001 [Test worker] DEBUG org.apache.http.impl.conn.DefaultManagedHttpClientConnection - http-outgoing-1: set socket timeout to 0
21:53:11.001 [Test worker] DEBUG org.apache.http.impl.conn.PoolingHttpClientConnectionManager - Connection released: [id: 1][route: {s}->https://restful-booker.herokuapp.com:443][total available: 1; route allocated: 1 of 5; total allocated: 1 of 10]
21:53:11.002 [Test worker] DEBUG com.intuit.karate - response time in milliseconds: 353
1 < 200
1 < Server: Cowboy
1 < Connection: keep-alive
1 < X-Powered-By: Express
1 < Content-Type: application/json; charset=utf-8
1 < Content-Length: 198
1 < Etag: W/"c6-oo8/bxOIw9nVE3B7VjQlh6h8Fvw"
1 < Date: Sat, 18 Mar 2023 02:53:11 GMT
1 < Via: 1.1 vegur
{"bookingid":277,"booking":{"firstname":"Dylan","lastname":"Llano","totalprice":111,"depositpaid":true,"bookingdates":{"checkin":"2019-01-01","checkout":"2019-01-01"},"additionalneeds":"Breakfast"}}

21:53:11.005 [Test worker] INFO com.intuit.karate - [print] {
  "bookingid": 277,
  "booking": {
    "firstname": "Dylan",
    "lastname": "Llano",
    "totalprice": 111,
    "depositpaid": true,
    "bookingdates": {
      "checkin": "2019-01-01",
      "checkout": "2019-01-01"
    },
    "additionalneeds": "Breakfast"
  }
}
 
21:53:11.007 [Test worker] DEBUG com.jayway.jsonpath.internal.path.CompiledPath - Evaluating path: $
21:53:11.041 [Test worker] DEBUG com.jayway.jsonpath.internal.path.CompiledPath - Evaluating path: $
21:53:11.046 [Test worker] DEBUG org.apache.http.client.protocol.RequestAddCookies - CookieSpec selected: karate
21:53:11.046 [Test worker] DEBUG org.apache.http.client.protocol.RequestAuthCache - Auth cache not set in the context
21:53:11.046 [Test worker] DEBUG com.intuit.karate - request:
1 > POST https://restful-booker.herokuapp.com/booking
1 > Content-Type: application/json; charset=UTF-8
1 > Accept: application/json
1 > Content-Length: 163
1 > Host: restful-booker.herokuapp.com
1 > Connection: Keep-Alive
1 > User-Agent: Apache-HttpClient/4.5.13 (Java/11.0.8)
1 > Accept-Encoding: gzip,deflate
{"firstname":"Jim","lastname":"","totalprice":111,"depositpaid":true,"bookingdates":{"checkin":"2019-01-01","checkout":"2019-01-01"},"additionalneeds":"Breakfast"}

21:53:11.047 [Test worker] DEBUG org.apache.http.impl.conn.PoolingHttpClientConnectionManager - Connection request: [route: {s}->https://restful-booker.herokuapp.com:443][total available: 0; route allocated: 0 of 5; total allocated: 0 of 10]
21:53:11.047 [Test worker] DEBUG org.apache.http.impl.conn.PoolingHttpClientConnectionManager - Connection leased: [id: 2][route: {s}->https://restful-booker.herokuapp.com:443][total available: 0; route allocated: 1 of 5; total allocated: 1 of 10]
21:53:11.047 [Test worker] DEBUG org.apache.http.impl.execchain.MainClientExec - Opening connection {s}->https://restful-booker.herokuapp.com:443
21:53:11.047 [Test worker] DEBUG org.apache.http.impl.conn.DefaultHttpClientConnectionOperator - Connecting to restful-booker.herokuapp.com/3.209.172.72:443
21:53:11.047 [Test worker] DEBUG org.apache.http.conn.ssl.LenientSslConnectionSocketFactory - Connecting socket to restful-booker.herokuapp.com/3.209.172.72:443 with timeout 15000
21:53:11.127 [Test worker] DEBUG org.apache.http.conn.ssl.LenientSslConnectionSocketFactory - Enabled protocols: [TLSv1.3, TLSv1.2, TLSv1.1, TLSv1]
21:53:11.128 [Test worker] DEBUG org.apache.http.conn.ssl.LenientSslConnectionSocketFactory - Enabled cipher suites:[TLS_AES_128_GCM_SHA256, TLS_AES_256_GCM_SHA384, TLS_ECDHE_ECDSA_WITH_AES_256_GCM_SHA384, TLS_ECDHE_ECDSA_WITH_AES_128_GCM_SHA256, TLS_ECDHE_RSA_WITH_AES_256_GCM_SHA384, TLS_RSA_WITH_AES_256_GCM_SHA384, TLS_ECDH_ECDSA_WITH_AES_256_GCM_SHA384, TLS_ECDH_RSA_WITH_AES_256_GCM_SHA384, TLS_DHE_RSA_WITH_AES_256_GCM_SHA384, TLS_DHE_DSS_WITH_AES_256_GCM_SHA384, TLS_ECDHE_RSA_WITH_AES_128_GCM_SHA256, TLS_RSA_WITH_AES_128_GCM_SHA256, TLS_ECDH_ECDSA_WITH_AES_128_GCM_SHA256, TLS_ECDH_RSA_WITH_AES_128_GCM_SHA256, TLS_DHE_RSA_WITH_AES_128_GCM_SHA256, TLS_DHE_DSS_WITH_AES_128_GCM_SHA256, TLS_ECDHE_ECDSA_WITH_AES_256_CBC_SHA384, TLS_ECDHE_RSA_WITH_AES_256_CBC_SHA384, TLS_RSA_WITH_AES_256_CBC_SHA256, TLS_ECDH_ECDSA_WITH_AES_256_CBC_SHA384, TLS_ECDH_RSA_WITH_AES_256_CBC_SHA384, TLS_DHE_RSA_WITH_AES_256_CBC_SHA256, TLS_DHE_DSS_WITH_AES_256_CBC_SHA256, TLS_ECDHE_ECDSA_WITH_AES_256_CBC_SHA, TLS_ECDHE_RSA_WITH_AES_256_CBC_SHA, TLS_RSA_WITH_AES_256_CBC_SHA, TLS_ECDH_ECDSA_WITH_AES_256_CBC_SHA, TLS_ECDH_RSA_WITH_AES_256_CBC_SHA, TLS_DHE_RSA_WITH_AES_256_CBC_SHA, TLS_DHE_DSS_WITH_AES_256_CBC_SHA, TLS_ECDHE_ECDSA_WITH_AES_128_CBC_SHA256, TLS_ECDHE_RSA_WITH_AES_128_CBC_SHA256, TLS_RSA_WITH_AES_128_CBC_SHA256, TLS_ECDH_ECDSA_WITH_AES_128_CBC_SHA256, TLS_ECDH_RSA_WITH_AES_128_CBC_SHA256, TLS_DHE_RSA_WITH_AES_128_CBC_SHA256, TLS_DHE_DSS_WITH_AES_128_CBC_SHA256, TLS_ECDHE_ECDSA_WITH_AES_128_CBC_SHA, TLS_ECDHE_RSA_WITH_AES_128_CBC_SHA, TLS_RSA_WITH_AES_128_CBC_SHA, TLS_ECDH_ECDSA_WITH_AES_128_CBC_SHA, TLS_ECDH_RSA_WITH_AES_128_CBC_SHA, TLS_DHE_RSA_WITH_AES_128_CBC_SHA, TLS_DHE_DSS_WITH_AES_128_CBC_SHA, TLS_EMPTY_RENEGOTIATION_INFO_SCSV]
21:53:11.128 [Test worker] DEBUG org.apache.http.conn.ssl.LenientSslConnectionSocketFactory - Starting handshake
21:53:11.312 [Test worker] DEBUG org.apache.http.conn.ssl.LenientSslConnectionSocketFactory - Secure session established
21:53:11.312 [Test worker] DEBUG org.apache.http.conn.ssl.LenientSslConnectionSocketFactory -  negotiated protocol: TLSv1.2
21:53:11.312 [Test worker] DEBUG org.apache.http.conn.ssl.LenientSslConnectionSocketFactory -  negotiated cipher suite: TLS_ECDHE_RSA_WITH_AES_128_GCM_SHA256
21:53:11.312 [Test worker] DEBUG org.apache.http.conn.ssl.LenientSslConnectionSocketFactory -  peer principal: CN=*.herokuapp.com
21:53:11.312 [Test worker] DEBUG org.apache.http.conn.ssl.LenientSslConnectionSocketFactory -  peer alternative names: [*.herokuapp.com]
21:53:11.312 [Test worker] DEBUG org.apache.http.conn.ssl.LenientSslConnectionSocketFactory -  issuer principal: CN=Amazon RSA 2048 M02, O=Amazon, C=US
21:53:11.313 [Test worker] DEBUG org.apache.http.impl.conn.DefaultHttpClientConnectionOperator - Connection established 192.168.20.32:51595<->3.209.172.72:443
21:53:11.313 [Test worker] DEBUG org.apache.http.impl.conn.DefaultManagedHttpClientConnection - http-outgoing-2: set socket timeout to 15000
21:53:11.313 [Test worker] DEBUG org.apache.http.impl.execchain.MainClientExec - Executing request POST /booking HTTP/1.1
21:53:11.313 [Test worker] DEBUG org.apache.http.impl.execchain.MainClientExec - Target auth state: UNCHALLENGED
21:53:11.313 [Test worker] DEBUG org.apache.http.impl.execchain.MainClientExec - Proxy auth state: UNCHALLENGED
21:53:11.313 [Test worker] DEBUG org.apache.http.headers - http-outgoing-2 >> POST /booking HTTP/1.1
21:53:11.313 [Test worker] DEBUG org.apache.http.headers - http-outgoing-2 >> Content-Type: application/json; charset=UTF-8
21:53:11.313 [Test worker] DEBUG org.apache.http.headers - http-outgoing-2 >> Accept: application/json
21:53:11.313 [Test worker] DEBUG org.apache.http.headers - http-outgoing-2 >> Content-Length: 163
21:53:11.314 [Test worker] DEBUG org.apache.http.headers - http-outgoing-2 >> Host: restful-booker.herokuapp.com
21:53:11.314 [Test worker] DEBUG org.apache.http.headers - http-outgoing-2 >> Connection: Keep-Alive
21:53:11.314 [Test worker] DEBUG org.apache.http.headers - http-outgoing-2 >> User-Agent: Apache-HttpClient/4.5.13 (Java/11.0.8)
21:53:11.314 [Test worker] DEBUG org.apache.http.headers - http-outgoing-2 >> Accept-Encoding: gzip,deflate
21:53:11.314 [Test worker] DEBUG org.apache.http.wire - http-outgoing-2 >> "POST /booking HTTP/1.1[\r][\n]"
21:53:11.314 [Test worker] DEBUG org.apache.http.wire - http-outgoing-2 >> "Content-Type: application/json; charset=UTF-8[\r][\n]"
21:53:11.314 [Test worker] DEBUG org.apache.http.wire - http-outgoing-2 >> "Accept: application/json[\r][\n]"
21:53:11.314 [Test worker] DEBUG org.apache.http.wire - http-outgoing-2 >> "Content-Length: 163[\r][\n]"
21:53:11.314 [Test worker] DEBUG org.apache.http.wire - http-outgoing-2 >> "Host: restful-booker.herokuapp.com[\r][\n]"
21:53:11.314 [Test worker] DEBUG org.apache.http.wire - http-outgoing-2 >> "Connection: Keep-Alive[\r][\n]"
21:53:11.314 [Test worker] DEBUG org.apache.http.wire - http-outgoing-2 >> "User-Agent: Apache-HttpClient/4.5.13 (Java/11.0.8)[\r][\n]"
21:53:11.314 [Test worker] DEBUG org.apache.http.wire - http-outgoing-2 >> "Accept-Encoding: gzip,deflate[\r][\n]"
21:53:11.314 [Test worker] DEBUG org.apache.http.wire - http-outgoing-2 >> "[\r][\n]"
21:53:11.314 [Test worker] DEBUG org.apache.http.wire - http-outgoing-2 >> "{"firstname":"Jim","lastname":"","totalprice":111,"depositpaid":true,"bookingdates":{"checkin":"2019-01-01","checkout":"2019-01-01"},"additionalneeds":"Breakfast"}"
21:53:11.387 [Test worker] DEBUG org.apache.http.wire - http-outgoing-2 << "HTTP/1.1 200 OK[\r][\n]"
21:53:11.387 [Test worker] DEBUG org.apache.http.wire - http-outgoing-2 << "Server: Cowboy[\r][\n]"
21:53:11.387 [Test worker] DEBUG org.apache.http.wire - http-outgoing-2 << "Connection: keep-alive[\r][\n]"
21:53:11.387 [Test worker] DEBUG org.apache.http.wire - http-outgoing-2 << "X-Powered-By: Express[\r][\n]"
21:53:11.387 [Test worker] DEBUG org.apache.http.wire - http-outgoing-2 << "Content-Type: application/json; charset=utf-8[\r][\n]"
21:53:11.387 [Test worker] DEBUG org.apache.http.wire - http-outgoing-2 << "Content-Length: 191[\r][\n]"
21:53:11.387 [Test worker] DEBUG org.apache.http.wire - http-outgoing-2 << "Etag: W/"bf-/qQPZvyWG28H3gP5qiOv72ySK5g"[\r][\n]"
21:53:11.387 [Test worker] DEBUG org.apache.http.wire - http-outgoing-2 << "Date: Sat, 18 Mar 2023 02:53:11 GMT[\r][\n]"
21:53:11.387 [Test worker] DEBUG org.apache.http.wire - http-outgoing-2 << "Via: 1.1 vegur[\r][\n]"
21:53:11.387 [Test worker] DEBUG org.apache.http.wire - http-outgoing-2 << "[\r][\n]"
21:53:11.387 [Test worker] DEBUG org.apache.http.wire - http-outgoing-2 << "{"bookingid":284,"booking":{"firstname":"Jim","lastname":"","totalprice":111,"depositpaid":true,"bookingdates":{"checkin":"2019-01-01","checkout":"2019-01-01"},"additionalneeds":"Breakfast"}}"
21:53:11.388 [Test worker] DEBUG org.apache.http.headers - http-outgoing-2 << HTTP/1.1 200 OK
21:53:11.388 [Test worker] DEBUG org.apache.http.headers - http-outgoing-2 << Server: Cowboy
21:53:11.388 [Test worker] DEBUG org.apache.http.headers - http-outgoing-2 << Connection: keep-alive
21:53:11.389 [Test worker] DEBUG org.apache.http.headers - http-outgoing-2 << X-Powered-By: Express
21:53:11.389 [Test worker] DEBUG org.apache.http.headers - http-outgoing-2 << Content-Type: application/json; charset=utf-8
21:53:11.389 [Test worker] DEBUG org.apache.http.headers - http-outgoing-2 << Content-Length: 191
21:53:11.389 [Test worker] DEBUG org.apache.http.headers - http-outgoing-2 << Etag: W/"bf-/qQPZvyWG28H3gP5qiOv72ySK5g"
21:53:11.389 [Test worker] DEBUG org.apache.http.headers - http-outgoing-2 << Date: Sat, 18 Mar 2023 02:53:11 GMT
21:53:11.404 [Test worker] DEBUG org.apache.http.headers - http-outgoing-2 << Via: 1.1 vegur
21:53:11.404 [Test worker] DEBUG org.apache.http.impl.execchain.MainClientExec - Connection can be kept alive indefinitely
21:53:11.405 [Test worker] DEBUG org.apache.http.impl.conn.PoolingHttpClientConnectionManager - Connection [id: 2][route: {s}->https://restful-booker.herokuapp.com:443] can be kept alive indefinitely
21:53:11.405 [Test worker] DEBUG org.apache.http.impl.conn.DefaultManagedHttpClientConnection - http-outgoing-2: set socket timeout to 0
21:53:11.406 [Test worker] DEBUG org.apache.http.impl.conn.PoolingHttpClientConnectionManager - Connection released: [id: 2][route: {s}->https://restful-booker.herokuapp.com:443][total available: 1; route allocated: 1 of 5; total allocated: 1 of 10]
21:53:11.406 [Test worker] DEBUG com.intuit.karate - response time in milliseconds: 359
1 < 200
1 < Server: Cowboy
1 < Connection: keep-alive
1 < X-Powered-By: Express
1 < Content-Type: application/json; charset=utf-8
1 < Content-Length: 191
1 < Etag: W/"bf-/qQPZvyWG28H3gP5qiOv72ySK5g"
1 < Date: Sat, 18 Mar 2023 02:53:11 GMT
1 < Via: 1.1 vegur
{"bookingid":284,"booking":{"firstname":"Jim","lastname":"","totalprice":111,"depositpaid":true,"bookingdates":{"checkin":"2019-01-01","checkout":"2019-01-01"},"additionalneeds":"Breakfast"}}

21:53:11.409 [Test worker] INFO com.intuit.karate - [print] {
  "bookingid": 284,
  "booking": {
    "firstname": "Jim",
    "lastname": "",
    "totalprice": 111,
    "depositpaid": true,
    "bookingdates": {
      "checkin": "2019-01-01",
      "checkout": "2019-01-01"
    },
    "additionalneeds": "Breakfast"
  }
}
 
21:53:11.430 [Test worker] DEBUG com.jayway.jsonpath.internal.path.CompiledPath - Evaluating path: $
21:53:11.435 [Test worker] DEBUG org.apache.http.client.protocol.RequestAddCookies - CookieSpec selected: karate
21:53:11.436 [Test worker] DEBUG org.apache.http.client.protocol.RequestAuthCache - Auth cache not set in the context
21:53:11.436 [Test worker] DEBUG com.intuit.karate - request:
1 > POST https://restful-booker.herokuapp.com/booking
1 > Content-Type: application/json; charset=UTF-8
1 > Accept: application/json
1 > Content-Length: 165
1 > Host: restful-booker.herokuapp.com
1 > Connection: Keep-Alive
1 > User-Agent: Apache-HttpClient/4.5.13 (Java/11.0.8)
1 > Accept-Encoding: gzip,deflate
{"firstname":"","lastname":"Brown","totalprice":111,"depositpaid":true,"bookingdates":{"checkin":"2019-01-01","checkout":"2019-01-01"},"additionalneeds":"Breakfast"}

21:53:11.437 [Test worker] DEBUG org.apache.http.impl.conn.PoolingHttpClientConnectionManager - Connection request: [route: {s}->https://restful-booker.herokuapp.com:443][total available: 0; route allocated: 0 of 5; total allocated: 0 of 10]
21:53:11.437 [Test worker] DEBUG org.apache.http.impl.conn.PoolingHttpClientConnectionManager - Connection leased: [id: 3][route: {s}->https://restful-booker.herokuapp.com:443][total available: 0; route allocated: 1 of 5; total allocated: 1 of 10]
21:53:11.437 [Test worker] DEBUG org.apache.http.impl.execchain.MainClientExec - Opening connection {s}->https://restful-booker.herokuapp.com:443
21:53:11.437 [Test worker] DEBUG org.apache.http.impl.conn.DefaultHttpClientConnectionOperator - Connecting to restful-booker.herokuapp.com/3.209.172.72:443
21:53:11.438 [Test worker] DEBUG org.apache.http.conn.ssl.LenientSslConnectionSocketFactory - Connecting socket to restful-booker.herokuapp.com/3.209.172.72:443 with timeout 15000
21:53:11.522 [Test worker] DEBUG org.apache.http.conn.ssl.LenientSslConnectionSocketFactory - Enabled protocols: [TLSv1.3, TLSv1.2, TLSv1.1, TLSv1]
21:53:11.522 [Test worker] DEBUG org.apache.http.conn.ssl.LenientSslConnectionSocketFactory - Enabled cipher suites:[TLS_AES_128_GCM_SHA256, TLS_AES_256_GCM_SHA384, TLS_ECDHE_ECDSA_WITH_AES_256_GCM_SHA384, TLS_ECDHE_ECDSA_WITH_AES_128_GCM_SHA256, TLS_ECDHE_RSA_WITH_AES_256_GCM_SHA384, TLS_RSA_WITH_AES_256_GCM_SHA384, TLS_ECDH_ECDSA_WITH_AES_256_GCM_SHA384, TLS_ECDH_RSA_WITH_AES_256_GCM_SHA384, TLS_DHE_RSA_WITH_AES_256_GCM_SHA384, TLS_DHE_DSS_WITH_AES_256_GCM_SHA384, TLS_ECDHE_RSA_WITH_AES_128_GCM_SHA256, TLS_RSA_WITH_AES_128_GCM_SHA256, TLS_ECDH_ECDSA_WITH_AES_128_GCM_SHA256, TLS_ECDH_RSA_WITH_AES_128_GCM_SHA256, TLS_DHE_RSA_WITH_AES_128_GCM_SHA256, TLS_DHE_DSS_WITH_AES_128_GCM_SHA256, TLS_ECDHE_ECDSA_WITH_AES_256_CBC_SHA384, TLS_ECDHE_RSA_WITH_AES_256_CBC_SHA384, TLS_RSA_WITH_AES_256_CBC_SHA256, TLS_ECDH_ECDSA_WITH_AES_256_CBC_SHA384, TLS_ECDH_RSA_WITH_AES_256_CBC_SHA384, TLS_DHE_RSA_WITH_AES_256_CBC_SHA256, TLS_DHE_DSS_WITH_AES_256_CBC_SHA256, TLS_ECDHE_ECDSA_WITH_AES_256_CBC_SHA, TLS_ECDHE_RSA_WITH_AES_256_CBC_SHA, TLS_RSA_WITH_AES_256_CBC_SHA, TLS_ECDH_ECDSA_WITH_AES_256_CBC_SHA, TLS_ECDH_RSA_WITH_AES_256_CBC_SHA, TLS_DHE_RSA_WITH_AES_256_CBC_SHA, TLS_DHE_DSS_WITH_AES_256_CBC_SHA, TLS_ECDHE_ECDSA_WITH_AES_128_CBC_SHA256, TLS_ECDHE_RSA_WITH_AES_128_CBC_SHA256, TLS_RSA_WITH_AES_128_CBC_SHA256, TLS_ECDH_ECDSA_WITH_AES_128_CBC_SHA256, TLS_ECDH_RSA_WITH_AES_128_CBC_SHA256, TLS_DHE_RSA_WITH_AES_128_CBC_SHA256, TLS_DHE_DSS_WITH_AES_128_CBC_SHA256, TLS_ECDHE_ECDSA_WITH_AES_128_CBC_SHA, TLS_ECDHE_RSA_WITH_AES_128_CBC_SHA, TLS_RSA_WITH_AES_128_CBC_SHA, TLS_ECDH_ECDSA_WITH_AES_128_CBC_SHA, TLS_ECDH_RSA_WITH_AES_128_CBC_SHA, TLS_DHE_RSA_WITH_AES_128_CBC_SHA, TLS_DHE_DSS_WITH_AES_128_CBC_SHA, TLS_EMPTY_RENEGOTIATION_INFO_SCSV]
21:53:11.522 [Test worker] DEBUG org.apache.http.conn.ssl.LenientSslConnectionSocketFactory - Starting handshake
21:53:11.694 [Test worker] DEBUG org.apache.http.conn.ssl.LenientSslConnectionSocketFactory - Secure session established
21:53:11.694 [Test worker] DEBUG org.apache.http.conn.ssl.LenientSslConnectionSocketFactory -  negotiated protocol: TLSv1.2
21:53:11.694 [Test worker] DEBUG org.apache.http.conn.ssl.LenientSslConnectionSocketFactory -  negotiated cipher suite: TLS_ECDHE_RSA_WITH_AES_128_GCM_SHA256
21:53:11.694 [Test worker] DEBUG org.apache.http.conn.ssl.LenientSslConnectionSocketFactory -  peer principal: CN=*.herokuapp.com
21:53:11.694 [Test worker] DEBUG org.apache.http.conn.ssl.LenientSslConnectionSocketFactory -  peer alternative names: [*.herokuapp.com]
21:53:11.694 [Test worker] DEBUG org.apache.http.conn.ssl.LenientSslConnectionSocketFactory -  issuer principal: CN=Amazon RSA 2048 M02, O=Amazon, C=US
21:53:11.694 [Test worker] DEBUG org.apache.http.impl.conn.DefaultHttpClientConnectionOperator - Connection established 192.168.20.32:51596<->3.209.172.72:443
21:53:11.694 [Test worker] DEBUG org.apache.http.impl.conn.DefaultManagedHttpClientConnection - http-outgoing-3: set socket timeout to 15000
21:53:11.694 [Test worker] DEBUG org.apache.http.impl.execchain.MainClientExec - Executing request POST /booking HTTP/1.1
21:53:11.694 [Test worker] DEBUG org.apache.http.impl.execchain.MainClientExec - Target auth state: UNCHALLENGED
21:53:11.695 [Test worker] DEBUG org.apache.http.impl.execchain.MainClientExec - Proxy auth state: UNCHALLENGED
21:53:11.695 [Test worker] DEBUG org.apache.http.headers - http-outgoing-3 >> POST /booking HTTP/1.1
21:53:11.695 [Test worker] DEBUG org.apache.http.headers - http-outgoing-3 >> Content-Type: application/json; charset=UTF-8
21:53:11.695 [Test worker] DEBUG org.apache.http.headers - http-outgoing-3 >> Accept: application/json
21:53:11.695 [Test worker] DEBUG org.apache.http.headers - http-outgoing-3 >> Content-Length: 165
21:53:11.695 [Test worker] DEBUG org.apache.http.headers - http-outgoing-3 >> Host: restful-booker.herokuapp.com
21:53:11.695 [Test worker] DEBUG org.apache.http.headers - http-outgoing-3 >> Connection: Keep-Alive
21:53:11.695 [Test worker] DEBUG org.apache.http.headers - http-outgoing-3 >> User-Agent: Apache-HttpClient/4.5.13 (Java/11.0.8)
21:53:11.695 [Test worker] DEBUG org.apache.http.headers - http-outgoing-3 >> Accept-Encoding: gzip,deflate
21:53:11.695 [Test worker] DEBUG org.apache.http.wire - http-outgoing-3 >> "POST /booking HTTP/1.1[\r][\n]"
21:53:11.695 [Test worker] DEBUG org.apache.http.wire - http-outgoing-3 >> "Content-Type: application/json; charset=UTF-8[\r][\n]"
21:53:11.696 [Test worker] DEBUG org.apache.http.wire - http-outgoing-3 >> "Accept: application/json[\r][\n]"
21:53:11.696 [Test worker] DEBUG org.apache.http.wire - http-outgoing-3 >> "Content-Length: 165[\r][\n]"
21:53:11.696 [Test worker] DEBUG org.apache.http.wire - http-outgoing-3 >> "Host: restful-booker.herokuapp.com[\r][\n]"
21:53:11.696 [Test worker] DEBUG org.apache.http.wire - http-outgoing-3 >> "Connection: Keep-Alive[\r][\n]"
21:53:11.696 [Test worker] DEBUG org.apache.http.wire - http-outgoing-3 >> "User-Agent: Apache-HttpClient/4.5.13 (Java/11.0.8)[\r][\n]"
21:53:11.696 [Test worker] DEBUG org.apache.http.wire - http-outgoing-3 >> "Accept-Encoding: gzip,deflate[\r][\n]"
21:53:11.696 [Test worker] DEBUG org.apache.http.wire - http-outgoing-3 >> "[\r][\n]"
21:53:11.696 [Test worker] DEBUG org.apache.http.wire - http-outgoing-3 >> "{"firstname":"","lastname":"Brown","totalprice":111,"depositpaid":true,"bookingdates":{"checkin":"2019-01-01","checkout":"2019-01-01"},"additionalneeds":"Breakfast"}"
21:53:11.773 [Test worker] DEBUG org.apache.http.wire - http-outgoing-3 << "HTTP/1.1 200 OK[\r][\n]"
21:53:11.774 [Test worker] DEBUG org.apache.http.wire - http-outgoing-3 << "Server: Cowboy[\r][\n]"
21:53:11.774 [Test worker] DEBUG org.apache.http.wire - http-outgoing-3 << "Connection: keep-alive[\r][\n]"
21:53:11.774 [Test worker] DEBUG org.apache.http.wire - http-outgoing-3 << "X-Powered-By: Express[\r][\n]"
21:53:11.774 [Test worker] DEBUG org.apache.http.wire - http-outgoing-3 << "Content-Type: application/json; charset=utf-8[\r][\n]"
21:53:11.774 [Test worker] DEBUG org.apache.http.wire - http-outgoing-3 << "Content-Length: 193[\r][\n]"
21:53:11.774 [Test worker] DEBUG org.apache.http.wire - http-outgoing-3 << "Etag: W/"c1-P3aK0EnPnFfFgFuK/1hyeVbwDxs"[\r][\n]"
21:53:11.774 [Test worker] DEBUG org.apache.http.wire - http-outgoing-3 << "Date: Sat, 18 Mar 2023 02:53:12 GMT[\r][\n]"
21:53:11.774 [Test worker] DEBUG org.apache.http.wire - http-outgoing-3 << "Via: 1.1 vegur[\r][\n]"
21:53:11.774 [Test worker] DEBUG org.apache.http.wire - http-outgoing-3 << "[\r][\n]"
21:53:11.774 [Test worker] DEBUG org.apache.http.wire - http-outgoing-3 << "{"bookingid":287,"booking":{"firstname":"","lastname":"Brown","totalprice":111,"depositpaid":true,"bookingdates":{"checkin":"2019-01-01","checkout":"2019-01-01"},"additionalneeds":"Breakfast"}}"
21:53:11.774 [Test worker] DEBUG org.apache.http.headers - http-outgoing-3 << HTTP/1.1 200 OK
21:53:11.774 [Test worker] DEBUG org.apache.http.headers - http-outgoing-3 << Server: Cowboy
21:53:11.774 [Test worker] DEBUG org.apache.http.headers - http-outgoing-3 << Connection: keep-alive
21:53:11.774 [Test worker] DEBUG org.apache.http.headers - http-outgoing-3 << X-Powered-By: Express
21:53:11.774 [Test worker] DEBUG org.apache.http.headers - http-outgoing-3 << Content-Type: application/json; charset=utf-8
21:53:11.774 [Test worker] DEBUG org.apache.http.headers - http-outgoing-3 << Content-Length: 193
21:53:11.774 [Test worker] DEBUG org.apache.http.headers - http-outgoing-3 << Etag: W/"c1-P3aK0EnPnFfFgFuK/1hyeVbwDxs"
21:53:11.774 [Test worker] DEBUG org.apache.http.headers - http-outgoing-3 << Date: Sat, 18 Mar 2023 02:53:12 GMT
21:53:11.774 [Test worker] DEBUG org.apache.http.headers - http-outgoing-3 << Via: 1.1 vegur
21:53:11.776 [Test worker] DEBUG org.apache.http.impl.execchain.MainClientExec - Connection can be kept alive indefinitely
21:53:11.776 [Test worker] DEBUG org.apache.http.impl.conn.PoolingHttpClientConnectionManager - Connection [id: 3][route: {s}->https://restful-booker.herokuapp.com:443] can be kept alive indefinitely
21:53:11.776 [Test worker] DEBUG org.apache.http.impl.conn.DefaultManagedHttpClientConnection - http-outgoing-3: set socket timeout to 0
21:53:11.776 [Test worker] DEBUG org.apache.http.impl.conn.PoolingHttpClientConnectionManager - Connection released: [id: 3][route: {s}->https://restful-booker.herokuapp.com:443][total available: 1; route allocated: 1 of 5; total allocated: 1 of 10]
21:53:11.776 [Test worker] DEBUG com.intuit.karate - response time in milliseconds: 339
1 < 200
1 < Server: Cowboy
1 < Connection: keep-alive
1 < X-Powered-By: Express
1 < Content-Type: application/json; charset=utf-8
1 < Content-Length: 193
1 < Etag: W/"c1-P3aK0EnPnFfFgFuK/1hyeVbwDxs"
1 < Date: Sat, 18 Mar 2023 02:53:12 GMT
1 < Via: 1.1 vegur
{"bookingid":287,"booking":{"firstname":"","lastname":"Brown","totalprice":111,"depositpaid":true,"bookingdates":{"checkin":"2019-01-01","checkout":"2019-01-01"},"additionalneeds":"Breakfast"}}

21:53:11.779 [Test worker] INFO com.intuit.karate - [print] {
  "bookingid": 287,
  "booking": {
    "firstname": "",
    "lastname": "Brown",
    "totalprice": 111,
    "depositpaid": true,
    "bookingdates": {
      "checkin": "2019-01-01",
      "checkout": "2019-01-01"
    },
    "additionalneeds": "Breakfast"
  }
}
 
21:53:11.799 [Test worker] DEBUG com.jayway.jsonpath.internal.path.CompiledPath - Evaluating path: $
21:53:11.805 [Test worker] DEBUG org.apache.http.client.protocol.RequestAddCookies - CookieSpec selected: karate
21:53:11.806 [Test worker] DEBUG org.apache.http.client.protocol.RequestAuthCache - Auth cache not set in the context
21:53:11.806 [Test worker] DEBUG com.intuit.karate - request:
1 > POST https://restful-booker.herokuapp.com/booking
1 > Content-Type: application/json; charset=UTF-8
1 > Accept: application/json
1 > Content-Length: 169
1 > Host: restful-booker.herokuapp.com
1 > Connection: Keep-Alive
1 > User-Agent: Apache-HttpClient/4.5.13 (Java/11.0.8)
1 > Accept-Encoding: gzip,deflate
{"firstname":"Jim","lastname":"Brown","totalprice":null,"depositpaid":true,"bookingdates":{"checkin":"2019-01-01","checkout":"2019-01-01"},"additionalneeds":"Breakfast"}

21:53:11.806 [Test worker] DEBUG org.apache.http.impl.conn.PoolingHttpClientConnectionManager - Connection request: [route: {s}->https://restful-booker.herokuapp.com:443][total available: 0; route allocated: 0 of 5; total allocated: 0 of 10]
21:53:11.806 [Test worker] DEBUG org.apache.http.impl.conn.PoolingHttpClientConnectionManager - Connection leased: [id: 4][route: {s}->https://restful-booker.herokuapp.com:443][total available: 0; route allocated: 1 of 5; total allocated: 1 of 10]
21:53:11.806 [Test worker] DEBUG org.apache.http.impl.execchain.MainClientExec - Opening connection {s}->https://restful-booker.herokuapp.com:443
21:53:11.808 [Test worker] DEBUG org.apache.http.impl.conn.DefaultHttpClientConnectionOperator - Connecting to restful-booker.herokuapp.com/3.209.172.72:443
21:53:11.808 [Test worker] DEBUG org.apache.http.conn.ssl.LenientSslConnectionSocketFactory - Connecting socket to restful-booker.herokuapp.com/3.209.172.72:443 with timeout 15000
21:53:11.888 [Test worker] DEBUG org.apache.http.conn.ssl.LenientSslConnectionSocketFactory - Enabled protocols: [TLSv1.3, TLSv1.2, TLSv1.1, TLSv1]
21:53:11.888 [Test worker] DEBUG org.apache.http.conn.ssl.LenientSslConnectionSocketFactory - Enabled cipher suites:[TLS_AES_128_GCM_SHA256, TLS_AES_256_GCM_SHA384, TLS_ECDHE_ECDSA_WITH_AES_256_GCM_SHA384, TLS_ECDHE_ECDSA_WITH_AES_128_GCM_SHA256, TLS_ECDHE_RSA_WITH_AES_256_GCM_SHA384, TLS_RSA_WITH_AES_256_GCM_SHA384, TLS_ECDH_ECDSA_WITH_AES_256_GCM_SHA384, TLS_ECDH_RSA_WITH_AES_256_GCM_SHA384, TLS_DHE_RSA_WITH_AES_256_GCM_SHA384, TLS_DHE_DSS_WITH_AES_256_GCM_SHA384, TLS_ECDHE_RSA_WITH_AES_128_GCM_SHA256, TLS_RSA_WITH_AES_128_GCM_SHA256, TLS_ECDH_ECDSA_WITH_AES_128_GCM_SHA256, TLS_ECDH_RSA_WITH_AES_128_GCM_SHA256, TLS_DHE_RSA_WITH_AES_128_GCM_SHA256, TLS_DHE_DSS_WITH_AES_128_GCM_SHA256, TLS_ECDHE_ECDSA_WITH_AES_256_CBC_SHA384, TLS_ECDHE_RSA_WITH_AES_256_CBC_SHA384, TLS_RSA_WITH_AES_256_CBC_SHA256, TLS_ECDH_ECDSA_WITH_AES_256_CBC_SHA384, TLS_ECDH_RSA_WITH_AES_256_CBC_SHA384, TLS_DHE_RSA_WITH_AES_256_CBC_SHA256, TLS_DHE_DSS_WITH_AES_256_CBC_SHA256, TLS_ECDHE_ECDSA_WITH_AES_256_CBC_SHA, TLS_ECDHE_RSA_WITH_AES_256_CBC_SHA, TLS_RSA_WITH_AES_256_CBC_SHA, TLS_ECDH_ECDSA_WITH_AES_256_CBC_SHA, TLS_ECDH_RSA_WITH_AES_256_CBC_SHA, TLS_DHE_RSA_WITH_AES_256_CBC_SHA, TLS_DHE_DSS_WITH_AES_256_CBC_SHA, TLS_ECDHE_ECDSA_WITH_AES_128_CBC_SHA256, TLS_ECDHE_RSA_WITH_AES_128_CBC_SHA256, TLS_RSA_WITH_AES_128_CBC_SHA256, TLS_ECDH_ECDSA_WITH_AES_128_CBC_SHA256, TLS_ECDH_RSA_WITH_AES_128_CBC_SHA256, TLS_DHE_RSA_WITH_AES_128_CBC_SHA256, TLS_DHE_DSS_WITH_AES_128_CBC_SHA256, TLS_ECDHE_ECDSA_WITH_AES_128_CBC_SHA, TLS_ECDHE_RSA_WITH_AES_128_CBC_SHA, TLS_RSA_WITH_AES_128_CBC_SHA, TLS_ECDH_ECDSA_WITH_AES_128_CBC_SHA, TLS_ECDH_RSA_WITH_AES_128_CBC_SHA, TLS_DHE_RSA_WITH_AES_128_CBC_SHA, TLS_DHE_DSS_WITH_AES_128_CBC_SHA, TLS_EMPTY_RENEGOTIATION_INFO_SCSV]
21:53:11.888 [Test worker] DEBUG org.apache.http.conn.ssl.LenientSslConnectionSocketFactory - Starting handshake
21:53:12.057 [Test worker] DEBUG org.apache.http.conn.ssl.LenientSslConnectionSocketFactory - Secure session established
21:53:12.057 [Test worker] DEBUG org.apache.http.conn.ssl.LenientSslConnectionSocketFactory -  negotiated protocol: TLSv1.2
21:53:12.057 [Test worker] DEBUG org.apache.http.conn.ssl.LenientSslConnectionSocketFactory -  negotiated cipher suite: TLS_ECDHE_RSA_WITH_AES_128_GCM_SHA256
21:53:12.057 [Test worker] DEBUG org.apache.http.conn.ssl.LenientSslConnectionSocketFactory -  peer principal: CN=*.herokuapp.com
21:53:12.057 [Test worker] DEBUG org.apache.http.conn.ssl.LenientSslConnectionSocketFactory -  peer alternative names: [*.herokuapp.com]
21:53:12.057 [Test worker] DEBUG org.apache.http.conn.ssl.LenientSslConnectionSocketFactory -  issuer principal: CN=Amazon RSA 2048 M02, O=Amazon, C=US
21:53:12.058 [Test worker] DEBUG org.apache.http.impl.conn.DefaultHttpClientConnectionOperator - Connection established 192.168.20.32:51597<->3.209.172.72:443
21:53:12.058 [Test worker] DEBUG org.apache.http.impl.conn.DefaultManagedHttpClientConnection - http-outgoing-4: set socket timeout to 15000
21:53:12.058 [Test worker] DEBUG org.apache.http.impl.execchain.MainClientExec - Executing request POST /booking HTTP/1.1
21:53:12.058 [Test worker] DEBUG org.apache.http.impl.execchain.MainClientExec - Target auth state: UNCHALLENGED
21:53:12.058 [Test worker] DEBUG org.apache.http.impl.execchain.MainClientExec - Proxy auth state: UNCHALLENGED
21:53:12.058 [Test worker] DEBUG org.apache.http.headers - http-outgoing-4 >> POST /booking HTTP/1.1
21:53:12.058 [Test worker] DEBUG org.apache.http.headers - http-outgoing-4 >> Content-Type: application/json; charset=UTF-8
21:53:12.058 [Test worker] DEBUG org.apache.http.headers - http-outgoing-4 >> Accept: application/json
21:53:12.058 [Test worker] DEBUG org.apache.http.headers - http-outgoing-4 >> Content-Length: 169
21:53:12.058 [Test worker] DEBUG org.apache.http.headers - http-outgoing-4 >> Host: restful-booker.herokuapp.com
21:53:12.058 [Test worker] DEBUG org.apache.http.headers - http-outgoing-4 >> Connection: Keep-Alive
21:53:12.058 [Test worker] DEBUG org.apache.http.headers - http-outgoing-4 >> User-Agent: Apache-HttpClient/4.5.13 (Java/11.0.8)
21:53:12.058 [Test worker] DEBUG org.apache.http.headers - http-outgoing-4 >> Accept-Encoding: gzip,deflate
21:53:12.059 [Test worker] DEBUG org.apache.http.wire - http-outgoing-4 >> "POST /booking HTTP/1.1[\r][\n]"
21:53:12.059 [Test worker] DEBUG org.apache.http.wire - http-outgoing-4 >> "Content-Type: application/json; charset=UTF-8[\r][\n]"
21:53:12.059 [Test worker] DEBUG org.apache.http.wire - http-outgoing-4 >> "Accept: application/json[\r][\n]"
21:53:12.059 [Test worker] DEBUG org.apache.http.wire - http-outgoing-4 >> "Content-Length: 169[\r][\n]"
21:53:12.059 [Test worker] DEBUG org.apache.http.wire - http-outgoing-4 >> "Host: restful-booker.herokuapp.com[\r][\n]"
21:53:12.059 [Test worker] DEBUG org.apache.http.wire - http-outgoing-4 >> "Connection: Keep-Alive[\r][\n]"
21:53:12.059 [Test worker] DEBUG org.apache.http.wire - http-outgoing-4 >> "User-Agent: Apache-HttpClient/4.5.13 (Java/11.0.8)[\r][\n]"
21:53:12.059 [Test worker] DEBUG org.apache.http.wire - http-outgoing-4 >> "Accept-Encoding: gzip,deflate[\r][\n]"
21:53:12.059 [Test worker] DEBUG org.apache.http.wire - http-outgoing-4 >> "[\r][\n]"
21:53:12.059 [Test worker] DEBUG org.apache.http.wire - http-outgoing-4 >> "{"firstname":"Jim","lastname":"Brown","totalprice":null,"depositpaid":true,"bookingdates":{"checkin":"2019-01-01","checkout":"2019-01-01"},"additionalneeds":"Breakfast"}"
21:53:12.143 [Test worker] DEBUG org.apache.http.wire - http-outgoing-4 << "HTTP/1.1 500 Internal Server Error[\r][\n]"
21:53:12.143 [Test worker] DEBUG org.apache.http.wire - http-outgoing-4 << "Server: Cowboy[\r][\n]"
21:53:12.143 [Test worker] DEBUG org.apache.http.wire - http-outgoing-4 << "Connection: keep-alive[\r][\n]"
21:53:12.143 [Test worker] DEBUG org.apache.http.wire - http-outgoing-4 << "X-Powered-By: Express[\r][\n]"
21:53:12.143 [Test worker] DEBUG org.apache.http.wire - http-outgoing-4 << "Content-Type: text/plain; charset=utf-8[\r][\n]"
21:53:12.143 [Test worker] DEBUG org.apache.http.wire - http-outgoing-4 << "Content-Length: 21[\r][\n]"
21:53:12.143 [Test worker] DEBUG org.apache.http.wire - http-outgoing-4 << "Etag: W/"15-/6VXivhc2MKdLfIkLcUE47K6aH0"[\r][\n]"
21:53:12.143 [Test worker] DEBUG org.apache.http.wire - http-outgoing-4 << "Date: Sat, 18 Mar 2023 02:53:12 GMT[\r][\n]"
21:53:12.143 [Test worker] DEBUG org.apache.http.wire - http-outgoing-4 << "Via: 1.1 vegur[\r][\n]"
21:53:12.143 [Test worker] DEBUG org.apache.http.wire - http-outgoing-4 << "[\r][\n]"
21:53:12.143 [Test worker] DEBUG org.apache.http.wire - http-outgoing-4 << "Internal Server Error"
21:53:12.144 [Test worker] DEBUG org.apache.http.headers - http-outgoing-4 << HTTP/1.1 500 Internal Server Error
21:53:12.144 [Test worker] DEBUG org.apache.http.headers - http-outgoing-4 << Server: Cowboy
21:53:12.144 [Test worker] DEBUG org.apache.http.headers - http-outgoing-4 << Connection: keep-alive
21:53:12.144 [Test worker] DEBUG org.apache.http.headers - http-outgoing-4 << X-Powered-By: Express
21:53:12.144 [Test worker] DEBUG org.apache.http.headers - http-outgoing-4 << Content-Type: text/plain; charset=utf-8
21:53:12.144 [Test worker] DEBUG org.apache.http.headers - http-outgoing-4 << Content-Length: 21
21:53:12.144 [Test worker] DEBUG org.apache.http.headers - http-outgoing-4 << Etag: W/"15-/6VXivhc2MKdLfIkLcUE47K6aH0"
21:53:12.144 [Test worker] DEBUG org.apache.http.headers - http-outgoing-4 << Date: Sat, 18 Mar 2023 02:53:12 GMT
21:53:12.144 [Test worker] DEBUG org.apache.http.headers - http-outgoing-4 << Via: 1.1 vegur
21:53:12.144 [Test worker] DEBUG org.apache.http.impl.execchain.MainClientExec - Connection can be kept alive indefinitely
21:53:12.144 [Test worker] DEBUG org.apache.http.impl.conn.PoolingHttpClientConnectionManager - Connection [id: 4][route: {s}->https://restful-booker.herokuapp.com:443] can be kept alive indefinitely
21:53:12.144 [Test worker] DEBUG org.apache.http.impl.conn.DefaultManagedHttpClientConnection - http-outgoing-4: set socket timeout to 0
21:53:12.144 [Test worker] DEBUG org.apache.http.impl.conn.PoolingHttpClientConnectionManager - Connection released: [id: 4][route: {s}->https://restful-booker.herokuapp.com:443][total available: 1; route allocated: 1 of 5; total allocated: 1 of 10]
21:53:12.145 [Test worker] DEBUG com.intuit.karate - response time in milliseconds: 338
1 < 500
1 < Server: Cowboy
1 < Connection: keep-alive
1 < X-Powered-By: Express
1 < Content-Type: text/plain; charset=utf-8
1 < Content-Length: 21
1 < Etag: W/"15-/6VXivhc2MKdLfIkLcUE47K6aH0"
1 < Date: Sat, 18 Mar 2023 02:53:12 GMT
1 < Via: 1.1 vegur
Internal Server Error

21:53:12.147 [Test worker] INFO com.intuit.karate - [print] Internal Server Error 
21:53:12.165 [Test worker] DEBUG com.jayway.jsonpath.internal.path.CompiledPath - Evaluating path: $
21:53:12.171 [Test worker] DEBUG org.apache.http.client.protocol.RequestAddCookies - CookieSpec selected: karate
21:53:12.171 [Test worker] DEBUG org.apache.http.client.protocol.RequestAuthCache - Auth cache not set in the context
21:53:12.171 [Test worker] DEBUG com.intuit.karate - request:
1 > POST https://restful-booker.herokuapp.com/booking
1 > Content-Type: 
1 > Accept: 
1 > Content-Length: 170
1 > Host: restful-booker.herokuapp.com
1 > Connection: Keep-Alive
1 > User-Agent: Apache-HttpClient/4.5.13 (Java/11.0.8)
1 > Accept-Encoding: gzip,deflate


21:53:12.171 [Test worker] DEBUG org.apache.http.impl.conn.PoolingHttpClientConnectionManager - Connection request: [route: {s}->https://restful-booker.herokuapp.com:443][total available: 0; route allocated: 0 of 5; total allocated: 0 of 10]
21:53:12.172 [Test worker] DEBUG org.apache.http.impl.conn.PoolingHttpClientConnectionManager - Connection leased: [id: 5][route: {s}->https://restful-booker.herokuapp.com:443][total available: 0; route allocated: 1 of 5; total allocated: 1 of 10]
21:53:12.172 [Test worker] DEBUG org.apache.http.impl.execchain.MainClientExec - Opening connection {s}->https://restful-booker.herokuapp.com:443
21:53:12.172 [Test worker] DEBUG org.apache.http.impl.conn.DefaultHttpClientConnectionOperator - Connecting to restful-booker.herokuapp.com/3.209.172.72:443
21:53:12.172 [Test worker] DEBUG org.apache.http.conn.ssl.LenientSslConnectionSocketFactory - Connecting socket to restful-booker.herokuapp.com/3.209.172.72:443 with timeout 15000
21:53:12.258 [Test worker] DEBUG org.apache.http.conn.ssl.LenientSslConnectionSocketFactory - Enabled protocols: [TLSv1.3, TLSv1.2, TLSv1.1, TLSv1]
21:53:12.259 [Test worker] DEBUG org.apache.http.conn.ssl.LenientSslConnectionSocketFactory - Enabled cipher suites:[TLS_AES_128_GCM_SHA256, TLS_AES_256_GCM_SHA384, TLS_ECDHE_ECDSA_WITH_AES_256_GCM_SHA384, TLS_ECDHE_ECDSA_WITH_AES_128_GCM_SHA256, TLS_ECDHE_RSA_WITH_AES_256_GCM_SHA384, TLS_RSA_WITH_AES_256_GCM_SHA384, TLS_ECDH_ECDSA_WITH_AES_256_GCM_SHA384, TLS_ECDH_RSA_WITH_AES_256_GCM_SHA384, TLS_DHE_RSA_WITH_AES_256_GCM_SHA384, TLS_DHE_DSS_WITH_AES_256_GCM_SHA384, TLS_ECDHE_RSA_WITH_AES_128_GCM_SHA256, TLS_RSA_WITH_AES_128_GCM_SHA256, TLS_ECDH_ECDSA_WITH_AES_128_GCM_SHA256, TLS_ECDH_RSA_WITH_AES_128_GCM_SHA256, TLS_DHE_RSA_WITH_AES_128_GCM_SHA256, TLS_DHE_DSS_WITH_AES_128_GCM_SHA256, TLS_ECDHE_ECDSA_WITH_AES_256_CBC_SHA384, TLS_ECDHE_RSA_WITH_AES_256_CBC_SHA384, TLS_RSA_WITH_AES_256_CBC_SHA256, TLS_ECDH_ECDSA_WITH_AES_256_CBC_SHA384, TLS_ECDH_RSA_WITH_AES_256_CBC_SHA384, TLS_DHE_RSA_WITH_AES_256_CBC_SHA256, TLS_DHE_DSS_WITH_AES_256_CBC_SHA256, TLS_ECDHE_ECDSA_WITH_AES_256_CBC_SHA, TLS_ECDHE_RSA_WITH_AES_256_CBC_SHA, TLS_RSA_WITH_AES_256_CBC_SHA, TLS_ECDH_ECDSA_WITH_AES_256_CBC_SHA, TLS_ECDH_RSA_WITH_AES_256_CBC_SHA, TLS_DHE_RSA_WITH_AES_256_CBC_SHA, TLS_DHE_DSS_WITH_AES_256_CBC_SHA, TLS_ECDHE_ECDSA_WITH_AES_128_CBC_SHA256, TLS_ECDHE_RSA_WITH_AES_128_CBC_SHA256, TLS_RSA_WITH_AES_128_CBC_SHA256, TLS_ECDH_ECDSA_WITH_AES_128_CBC_SHA256, TLS_ECDH_RSA_WITH_AES_128_CBC_SHA256, TLS_DHE_RSA_WITH_AES_128_CBC_SHA256, TLS_DHE_DSS_WITH_AES_128_CBC_SHA256, TLS_ECDHE_ECDSA_WITH_AES_128_CBC_SHA, TLS_ECDHE_RSA_WITH_AES_128_CBC_SHA, TLS_RSA_WITH_AES_128_CBC_SHA, TLS_ECDH_ECDSA_WITH_AES_128_CBC_SHA, TLS_ECDH_RSA_WITH_AES_128_CBC_SHA, TLS_DHE_RSA_WITH_AES_128_CBC_SHA, TLS_DHE_DSS_WITH_AES_128_CBC_SHA, TLS_EMPTY_RENEGOTIATION_INFO_SCSV]
21:53:12.259 [Test worker] DEBUG org.apache.http.conn.ssl.LenientSslConnectionSocketFactory - Starting handshake
21:53:12.428 [Test worker] DEBUG org.apache.http.conn.ssl.LenientSslConnectionSocketFactory - Secure session established
21:53:12.429 [Test worker] DEBUG org.apache.http.conn.ssl.LenientSslConnectionSocketFactory -  negotiated protocol: TLSv1.2
21:53:12.429 [Test worker] DEBUG org.apache.http.conn.ssl.LenientSslConnectionSocketFactory -  negotiated cipher suite: TLS_ECDHE_RSA_WITH_AES_128_GCM_SHA256
21:53:12.429 [Test worker] DEBUG org.apache.http.conn.ssl.LenientSslConnectionSocketFactory -  peer principal: CN=*.herokuapp.com
21:53:12.429 [Test worker] DEBUG org.apache.http.conn.ssl.LenientSslConnectionSocketFactory -  peer alternative names: [*.herokuapp.com]
21:53:12.429 [Test worker] DEBUG org.apache.http.conn.ssl.LenientSslConnectionSocketFactory -  issuer principal: CN=Amazon RSA 2048 M02, O=Amazon, C=US
21:53:12.429 [Test worker] DEBUG org.apache.http.impl.conn.DefaultHttpClientConnectionOperator - Connection established 192.168.20.32:51598<->3.209.172.72:443
21:53:12.429 [Test worker] DEBUG org.apache.http.impl.conn.DefaultManagedHttpClientConnection - http-outgoing-5: set socket timeout to 15000
21:53:12.429 [Test worker] DEBUG org.apache.http.impl.execchain.MainClientExec - Executing request POST /booking HTTP/1.1
21:53:12.429 [Test worker] DEBUG org.apache.http.impl.execchain.MainClientExec - Target auth state: UNCHALLENGED
21:53:12.429 [Test worker] DEBUG org.apache.http.impl.execchain.MainClientExec - Proxy auth state: UNCHALLENGED
21:53:12.430 [Test worker] DEBUG org.apache.http.headers - http-outgoing-5 >> POST /booking HTTP/1.1
21:53:12.430 [Test worker] DEBUG org.apache.http.headers - http-outgoing-5 >> Content-Type: 
21:53:12.430 [Test worker] DEBUG org.apache.http.headers - http-outgoing-5 >> Accept: 
21:53:12.430 [Test worker] DEBUG org.apache.http.headers - http-outgoing-5 >> Content-Length: 170
21:53:12.430 [Test worker] DEBUG org.apache.http.headers - http-outgoing-5 >> Host: restful-booker.herokuapp.com
21:53:12.430 [Test worker] DEBUG org.apache.http.headers - http-outgoing-5 >> Connection: Keep-Alive
21:53:12.430 [Test worker] DEBUG org.apache.http.headers - http-outgoing-5 >> User-Agent: Apache-HttpClient/4.5.13 (Java/11.0.8)
21:53:12.430 [Test worker] DEBUG org.apache.http.headers - http-outgoing-5 >> Accept-Encoding: gzip,deflate
21:53:12.430 [Test worker] DEBUG org.apache.http.wire - http-outgoing-5 >> "POST /booking HTTP/1.1[\r][\n]"
21:53:12.430 [Test worker] DEBUG org.apache.http.wire - http-outgoing-5 >> "Content-Type: [\r][\n]"
21:53:12.430 [Test worker] DEBUG org.apache.http.wire - http-outgoing-5 >> "Accept: [\r][\n]"
21:53:12.430 [Test worker] DEBUG org.apache.http.wire - http-outgoing-5 >> "Content-Length: 170[\r][\n]"
21:53:12.430 [Test worker] DEBUG org.apache.http.wire - http-outgoing-5 >> "Host: restful-booker.herokuapp.com[\r][\n]"
21:53:12.430 [Test worker] DEBUG org.apache.http.wire - http-outgoing-5 >> "Connection: Keep-Alive[\r][\n]"
21:53:12.430 [Test worker] DEBUG org.apache.http.wire - http-outgoing-5 >> "User-Agent: Apache-HttpClient/4.5.13 (Java/11.0.8)[\r][\n]"
21:53:12.430 [Test worker] DEBUG org.apache.http.wire - http-outgoing-5 >> "Accept-Encoding: gzip,deflate[\r][\n]"
21:53:12.430 [Test worker] DEBUG org.apache.http.wire - http-outgoing-5 >> "[\r][\n]"
21:53:12.430 [Test worker] DEBUG org.apache.http.wire - http-outgoing-5 >> "{"firstname":"Jim","lastname":"Brown","totalprice":111,"depositpaid":"true","bookingdates":{"checkin":"2019-01-01","checkout":"2019-01-01"},"additionalneeds":"Breakfast"}"
21:53:12.502 [Test worker] DEBUG org.apache.http.wire - http-outgoing-5 << "HTTP/1.1 500 Internal Server Error[\r][\n]"
21:53:12.502 [Test worker] DEBUG org.apache.http.wire - http-outgoing-5 << "Server: Cowboy[\r][\n]"
21:53:12.502 [Test worker] DEBUG org.apache.http.wire - http-outgoing-5 << "Connection: keep-alive[\r][\n]"
21:53:12.502 [Test worker] DEBUG org.apache.http.wire - http-outgoing-5 << "X-Powered-By: Express[\r][\n]"
21:53:12.502 [Test worker] DEBUG org.apache.http.wire - http-outgoing-5 << "Content-Type: text/plain; charset=utf-8[\r][\n]"
21:53:12.503 [Test worker] DEBUG org.apache.http.wire - http-outgoing-5 << "Content-Length: 21[\r][\n]"
21:53:12.504 [Test worker] DEBUG org.apache.http.wire - http-outgoing-5 << "Etag: W/"15-/6VXivhc2MKdLfIkLcUE47K6aH0"[\r][\n]"
21:53:12.504 [Test worker] DEBUG org.apache.http.wire - http-outgoing-5 << "Date: Sat, 18 Mar 2023 02:53:12 GMT[\r][\n]"
21:53:12.504 [Test worker] DEBUG org.apache.http.wire - http-outgoing-5 << "Via: 1.1 vegur[\r][\n]"
21:53:12.504 [Test worker] DEBUG org.apache.http.wire - http-outgoing-5 << "[\r][\n]"
21:53:12.504 [Test worker] DEBUG org.apache.http.wire - http-outgoing-5 << "Internal Server Error"
21:53:12.504 [Test worker] DEBUG org.apache.http.headers - http-outgoing-5 << HTTP/1.1 500 Internal Server Error
21:53:12.504 [Test worker] DEBUG org.apache.http.headers - http-outgoing-5 << Server: Cowboy
21:53:12.504 [Test worker] DEBUG org.apache.http.headers - http-outgoing-5 << Connection: keep-alive
21:53:12.504 [Test worker] DEBUG org.apache.http.headers - http-outgoing-5 << X-Powered-By: Express
21:53:12.504 [Test worker] DEBUG org.apache.http.headers - http-outgoing-5 << Content-Type: text/plain; charset=utf-8
21:53:12.504 [Test worker] DEBUG org.apache.http.headers - http-outgoing-5 << Content-Length: 21
21:53:12.504 [Test worker] DEBUG org.apache.http.headers - http-outgoing-5 << Etag: W/"15-/6VXivhc2MKdLfIkLcUE47K6aH0"
21:53:12.504 [Test worker] DEBUG org.apache.http.headers - http-outgoing-5 << Date: Sat, 18 Mar 2023 02:53:12 GMT
21:53:12.504 [Test worker] DEBUG org.apache.http.headers - http-outgoing-5 << Via: 1.1 vegur
21:53:12.504 [Test worker] DEBUG org.apache.http.impl.execchain.MainClientExec - Connection can be kept alive indefinitely
21:53:12.504 [Test worker] DEBUG org.apache.http.impl.conn.PoolingHttpClientConnectionManager - Connection [id: 5][route: {s}->https://restful-booker.herokuapp.com:443] can be kept alive indefinitely
21:53:12.504 [Test worker] DEBUG org.apache.http.impl.conn.DefaultManagedHttpClientConnection - http-outgoing-5: set socket timeout to 0
21:53:12.504 [Test worker] DEBUG org.apache.http.impl.conn.PoolingHttpClientConnectionManager - Connection released: [id: 5][route: {s}->https://restful-booker.herokuapp.com:443][total available: 1; route allocated: 1 of 5; total allocated: 1 of 10]
21:53:12.504 [Test worker] DEBUG com.intuit.karate - response time in milliseconds: 333
1 < 500
1 < Server: Cowboy
1 < Connection: keep-alive
1 < X-Powered-By: Express
1 < Content-Type: text/plain; charset=utf-8
1 < Content-Length: 21
1 < Etag: W/"15-/6VXivhc2MKdLfIkLcUE47K6aH0"
1 < Date: Sat, 18 Mar 2023 02:53:12 GMT
1 < Via: 1.1 vegur
Internal Server Error

21:53:12.507 [Test worker] INFO com.intuit.karate - [print] Internal Server Error 
21:53:12.528 [Test worker] DEBUG com.jayway.jsonpath.internal.path.CompiledPath - Evaluating path: $
21:53:12.531 [Test worker] DEBUG org.apache.http.client.protocol.RequestAddCookies - CookieSpec selected: karate
21:53:12.531 [Test worker] DEBUG org.apache.http.client.protocol.RequestAuthCache - Auth cache not set in the context
21:53:12.531 [Test worker] DEBUG com.intuit.karate - request:
1 > POST https://restful-booker.herokuapp.com/booking
1 > Content-Type: application/json; charset=UTF-8
1 > Accept: 
1 > Content-Length: 170
1 > Host: restful-booker.herokuapp.com
1 > Connection: Keep-Alive
1 > User-Agent: Apache-HttpClient/4.5.13 (Java/11.0.8)
1 > Accept-Encoding: gzip,deflate
{"firstname":"Jim","lastname":"Brown","totalprice":111,"depositpaid":"true","bookingdates":{"checkin":"2019-01-01","checkout":"2019-01-01"},"additionalneeds":"Breakfast"}

21:53:12.531 [Test worker] DEBUG org.apache.http.impl.conn.PoolingHttpClientConnectionManager - Connection request: [route: {s}->https://restful-booker.herokuapp.com:443][total available: 0; route allocated: 0 of 5; total allocated: 0 of 10]
21:53:12.531 [Test worker] DEBUG org.apache.http.impl.conn.PoolingHttpClientConnectionManager - Connection leased: [id: 6][route: {s}->https://restful-booker.herokuapp.com:443][total available: 0; route allocated: 1 of 5; total allocated: 1 of 10]
21:53:12.531 [Test worker] DEBUG org.apache.http.impl.execchain.MainClientExec - Opening connection {s}->https://restful-booker.herokuapp.com:443
21:53:12.532 [Test worker] DEBUG org.apache.http.impl.conn.DefaultHttpClientConnectionOperator - Connecting to restful-booker.herokuapp.com/3.209.172.72:443
21:53:12.532 [Test worker] DEBUG org.apache.http.conn.ssl.LenientSslConnectionSocketFactory - Connecting socket to restful-booker.herokuapp.com/3.209.172.72:443 with timeout 15000
21:53:12.608 [Test worker] DEBUG org.apache.http.conn.ssl.LenientSslConnectionSocketFactory - Enabled protocols: [TLSv1.3, TLSv1.2, TLSv1.1, TLSv1]
21:53:12.608 [Test worker] DEBUG org.apache.http.conn.ssl.LenientSslConnectionSocketFactory - Enabled cipher suites:[TLS_AES_128_GCM_SHA256, TLS_AES_256_GCM_SHA384, TLS_ECDHE_ECDSA_WITH_AES_256_GCM_SHA384, TLS_ECDHE_ECDSA_WITH_AES_128_GCM_SHA256, TLS_ECDHE_RSA_WITH_AES_256_GCM_SHA384, TLS_RSA_WITH_AES_256_GCM_SHA384, TLS_ECDH_ECDSA_WITH_AES_256_GCM_SHA384, TLS_ECDH_RSA_WITH_AES_256_GCM_SHA384, TLS_DHE_RSA_WITH_AES_256_GCM_SHA384, TLS_DHE_DSS_WITH_AES_256_GCM_SHA384, TLS_ECDHE_RSA_WITH_AES_128_GCM_SHA256, TLS_RSA_WITH_AES_128_GCM_SHA256, TLS_ECDH_ECDSA_WITH_AES_128_GCM_SHA256, TLS_ECDH_RSA_WITH_AES_128_GCM_SHA256, TLS_DHE_RSA_WITH_AES_128_GCM_SHA256, TLS_DHE_DSS_WITH_AES_128_GCM_SHA256, TLS_ECDHE_ECDSA_WITH_AES_256_CBC_SHA384, TLS_ECDHE_RSA_WITH_AES_256_CBC_SHA384, TLS_RSA_WITH_AES_256_CBC_SHA256, TLS_ECDH_ECDSA_WITH_AES_256_CBC_SHA384, TLS_ECDH_RSA_WITH_AES_256_CBC_SHA384, TLS_DHE_RSA_WITH_AES_256_CBC_SHA256, TLS_DHE_DSS_WITH_AES_256_CBC_SHA256, TLS_ECDHE_ECDSA_WITH_AES_256_CBC_SHA, TLS_ECDHE_RSA_WITH_AES_256_CBC_SHA, TLS_RSA_WITH_AES_256_CBC_SHA, TLS_ECDH_ECDSA_WITH_AES_256_CBC_SHA, TLS_ECDH_RSA_WITH_AES_256_CBC_SHA, TLS_DHE_RSA_WITH_AES_256_CBC_SHA, TLS_DHE_DSS_WITH_AES_256_CBC_SHA, TLS_ECDHE_ECDSA_WITH_AES_128_CBC_SHA256, TLS_ECDHE_RSA_WITH_AES_128_CBC_SHA256, TLS_RSA_WITH_AES_128_CBC_SHA256, TLS_ECDH_ECDSA_WITH_AES_128_CBC_SHA256, TLS_ECDH_RSA_WITH_AES_128_CBC_SHA256, TLS_DHE_RSA_WITH_AES_128_CBC_SHA256, TLS_DHE_DSS_WITH_AES_128_CBC_SHA256, TLS_ECDHE_ECDSA_WITH_AES_128_CBC_SHA, TLS_ECDHE_RSA_WITH_AES_128_CBC_SHA, TLS_RSA_WITH_AES_128_CBC_SHA, TLS_ECDH_ECDSA_WITH_AES_128_CBC_SHA, TLS_ECDH_RSA_WITH_AES_128_CBC_SHA, TLS_DHE_RSA_WITH_AES_128_CBC_SHA, TLS_DHE_DSS_WITH_AES_128_CBC_SHA, TLS_EMPTY_RENEGOTIATION_INFO_SCSV]
21:53:12.609 [Test worker] DEBUG org.apache.http.conn.ssl.LenientSslConnectionSocketFactory - Starting handshake
21:53:12.784 [Test worker] DEBUG org.apache.http.conn.ssl.LenientSslConnectionSocketFactory - Secure session established
21:53:12.785 [Test worker] DEBUG org.apache.http.conn.ssl.LenientSslConnectionSocketFactory -  negotiated protocol: TLSv1.2
21:53:12.785 [Test worker] DEBUG org.apache.http.conn.ssl.LenientSslConnectionSocketFactory -  negotiated cipher suite: TLS_ECDHE_RSA_WITH_AES_128_GCM_SHA256
21:53:12.785 [Test worker] DEBUG org.apache.http.conn.ssl.LenientSslConnectionSocketFactory -  peer principal: CN=*.herokuapp.com
21:53:12.785 [Test worker] DEBUG org.apache.http.conn.ssl.LenientSslConnectionSocketFactory -  peer alternative names: [*.herokuapp.com]
21:53:12.785 [Test worker] DEBUG org.apache.http.conn.ssl.LenientSslConnectionSocketFactory -  issuer principal: CN=Amazon RSA 2048 M02, O=Amazon, C=US
21:53:12.785 [Test worker] DEBUG org.apache.http.impl.conn.DefaultHttpClientConnectionOperator - Connection established 192.168.20.32:51599<->3.209.172.72:443
21:53:12.785 [Test worker] DEBUG org.apache.http.impl.conn.DefaultManagedHttpClientConnection - http-outgoing-6: set socket timeout to 15000
21:53:12.785 [Test worker] DEBUG org.apache.http.impl.execchain.MainClientExec - Executing request POST /booking HTTP/1.1
21:53:12.785 [Test worker] DEBUG org.apache.http.impl.execchain.MainClientExec - Target auth state: UNCHALLENGED
21:53:12.785 [Test worker] DEBUG org.apache.http.impl.execchain.MainClientExec - Proxy auth state: UNCHALLENGED
21:53:12.785 [Test worker] DEBUG org.apache.http.headers - http-outgoing-6 >> POST /booking HTTP/1.1
21:53:12.785 [Test worker] DEBUG org.apache.http.headers - http-outgoing-6 >> Content-Type: application/json; charset=UTF-8
21:53:12.785 [Test worker] DEBUG org.apache.http.headers - http-outgoing-6 >> Accept: 
21:53:12.786 [Test worker] DEBUG org.apache.http.headers - http-outgoing-6 >> Content-Length: 170
21:53:12.786 [Test worker] DEBUG org.apache.http.headers - http-outgoing-6 >> Host: restful-booker.herokuapp.com
21:53:12.786 [Test worker] DEBUG org.apache.http.headers - http-outgoing-6 >> Connection: Keep-Alive
21:53:12.786 [Test worker] DEBUG org.apache.http.headers - http-outgoing-6 >> User-Agent: Apache-HttpClient/4.5.13 (Java/11.0.8)
21:53:12.786 [Test worker] DEBUG org.apache.http.headers - http-outgoing-6 >> Accept-Encoding: gzip,deflate
21:53:12.786 [Test worker] DEBUG org.apache.http.wire - http-outgoing-6 >> "POST /booking HTTP/1.1[\r][\n]"
21:53:12.786 [Test worker] DEBUG org.apache.http.wire - http-outgoing-6 >> "Content-Type: application/json; charset=UTF-8[\r][\n]"
21:53:12.786 [Test worker] DEBUG org.apache.http.wire - http-outgoing-6 >> "Accept: [\r][\n]"
21:53:12.786 [Test worker] DEBUG org.apache.http.wire - http-outgoing-6 >> "Content-Length: 170[\r][\n]"
21:53:12.787 [Test worker] DEBUG org.apache.http.wire - http-outgoing-6 >> "Host: restful-booker.herokuapp.com[\r][\n]"
21:53:12.787 [Test worker] DEBUG org.apache.http.wire - http-outgoing-6 >> "Connection: Keep-Alive[\r][\n]"
21:53:12.787 [Test worker] DEBUG org.apache.http.wire - http-outgoing-6 >> "User-Agent: Apache-HttpClient/4.5.13 (Java/11.0.8)[\r][\n]"
21:53:12.787 [Test worker] DEBUG org.apache.http.wire - http-outgoing-6 >> "Accept-Encoding: gzip,deflate[\r][\n]"
21:53:12.787 [Test worker] DEBUG org.apache.http.wire - http-outgoing-6 >> "[\r][\n]"
[...]
[THYMELEAF]             * [* {th:placeholder,data-th-placeholder}] [1000]: org.thymeleaf.standard.processor.StandardRemovableAttributeTagProcessor
[THYMELEAF]             * [* {th:width,data-th-width}] [1000]: org.thymeleaf.standard.processor.StandardRemovableAttributeTagProcessor
[THYMELEAF]             * [* {th:maxlength,data-th-maxlength}] [1000]: org.thymeleaf.standard.processor.StandardRemovableAttributeTagProcessor
[THYMELEAF]             * [* {th:dir,data-th-dir}] [1000]: org.thymeleaf.standard.processor.StandardRemovableAttributeTagProcessor
[THYMELEAF]             * [* {th:marginheight,data-th-marginheight}] [1000]: org.thymeleaf.standard.processor.StandardRemovableAttributeTagProcessor
[THYMELEAF]             * [* {th:formenctype,data-th-formenctype}] [1000]: org.thymeleaf.standard.processor.StandardRemovableAttributeTagProcessor
[THYMELEAF]             * [* {th:keytype,data-th-keytype}] [1000]: org.thymeleaf.standard.processor.StandardRemovableAttributeTagProcessor
[THYMELEAF]             * [* {th:summary,data-th-summary}] [1000]: org.thymeleaf.standard.processor.StandardRemovableAttributeTagProcessor
[THYMELEAF]             * [* {th:step,data-th-step}] [1000]: org.thymeleaf.standard.processor.StandardRemovableAttributeTagProcessor
[THYMELEAF]             * [* {th:codebase,data-th-codebase}] [1000]: org.thymeleaf.standard.processor.StandardRemovableAttributeTagProcessor
[THYMELEAF]             * [* {th:high,data-th-high}] [1000]: org.thymeleaf.standard.processor.StandardRemovableAttributeTagProcessor
[THYMELEAF]             * [* {th:media,data-th-media}] [1000]: org.thymeleaf.standard.processor.StandardRemovableAttributeTagProcessor
[THYMELEAF]             * [* {th:longdesc,data-th-longdesc}] [1000]: org.thymeleaf.standard.processor.StandardRemovableAttributeTagProcessor
[THYMELEAF]             * [* {th:sandbox,data-th-sandbox}] [1000]: org.thymeleaf.standard.processor.StandardRemovableAttributeTagProcessor
[THYMELEAF]             * [* {th:data,data-th-data}] [1000]: org.thymeleaf.standard.processor.StandardRemovableAttributeTagProcessor
[THYMELEAF]             * [* {th:standby,data-th-standby}] [1000]: org.thymeleaf.standard.processor.StandardRemovableAttributeTagProcessor
[THYMELEAF]             * [* {th:vspace,data-th-vspace}] [1000]: org.thymeleaf.standard.processor.StandardRemovableAttributeTagProcessor
[THYMELEAF]             * [* {th:label,data-th-label}] [1000]: org.thymeleaf.standard.processor.StandardRemovableAttributeTagProcessor
[THYMELEAF]             * [* {th:lang,data-th-lang}] [1000]: org.thymeleaf.standard.processor.StandardRemovableAttributeTagProcessor
[THYMELEAF]             * [* {th:align,data-th-align}] [1000]: org.thymeleaf.standard.processor.StandardRemovableAttributeTagProcessor
[THYMELEAF]             * [* {th:style,data-th-style}] [1000]: org.thymeleaf.standard.processor.StandardRemovableAttributeTagProcessor
[THYMELEAF]             * [* {th:axis,data-th-axis}] [1000]: org.thymeleaf.standard.processor.StandardRemovableAttributeTagProcessor
[THYMELEAF]             * [* {th:http-equiv,data-th-http-equiv}] [1000]: org.thymeleaf.standard.processor.StandardRemovableAttributeTagProcessor
[THYMELEAF]             * [* {th:height,data-th-height}] [1000]: org.thymeleaf.standard.processor.StandardRemovableAttributeTagProcessor
[THYMELEAF]             * [* {th:marginwidth,data-th-marginwidth}] [1000]: org.thymeleaf.standard.processor.StandardRemovableAttributeTagProcessor
[THYMELEAF]             * [* {th:srclang,data-th-srclang}] [1000]: org.thymeleaf.standard.processor.StandardRemovableAttributeTagProcessor
[THYMELEAF]             * [* {th:rows,data-th-rows}] [1000]: org.thymeleaf.standard.processor.StandardRemovableAttributeTagProcessor
[THYMELEAF]             * [* {th:manifest,data-th-manifest}] [1000]: org.thymeleaf.standard.processor.StandardRemovableAttributeTagProcessor
[THYMELEAF]             * [* {th:class,data-th-class}] [1000]: org.thymeleaf.standard.processor.StandardRemovableAttributeTagProcessor
[THYMELEAF]             * [* {th:pattern,data-th-pattern}] [1000]: org.thymeleaf.standard.processor.StandardRemovableAttributeTagProcessor
[THYMELEAF]             * [* {th:datetime,data-th-datetime}] [1000]: org.thymeleaf.standard.processor.StandardRemovableAttributeTagProcessor
[THYMELEAF]             * [* {th:draggable,data-th-draggable}] [1000]: org.thymeleaf.standard.processor.StandardRemovableAttributeTagProcessor
[THYMELEAF]             * [* {th:tabindex,data-th-tabindex}] [1000]: org.thymeleaf.standard.processor.StandardRemovableAttributeTagProcessor
[THYMELEAF]             * [* {th:charset,data-th-charset}] [1000]: org.thymeleaf.standard.processor.StandardRemovableAttributeTagProcessor
[THYMELEAF]             * [* {th:id,data-th-id}] [1000]: org.thymeleaf.standard.processor.StandardRemovableAttributeTagProcessor
[THYMELEAF]             * [* {th:radiogroup,data-th-radiogroup}] [1000]: org.thymeleaf.standard.processor.StandardRemovableAttributeTagProcessor
[THYMELEAF]             * [* {th:size,data-th-size}] [1000]: org.thymeleaf.standard.processor.StandardRemovableAttributeTagProcessor
[THYMELEAF]             * [* {th:src,data-th-src}] [1000]: org.thymeleaf.standard.processor.StandardSrcTagProcessor
[THYMELEAF]             * [* {th:value,data-th-value}] [1000]: org.thymeleaf.standard.processor.StandardValueTagProcessor
[THYMELEAF]             * [* {th:xmlbase,data-th-xmlbase}] [1000]: org.thymeleaf.standard.processor.StandardXmlBaseTagProcessor
[THYMELEAF]             * [* {th:xmllang,data-th-xmllang}] [1000]: org.thymeleaf.standard.processor.StandardXmlLangTagProcessor
[THYMELEAF]             * [* {xmlns:th}] [1000]: org.thymeleaf.standard.processor.StandardXmlNsTagProcessor
[THYMELEAF]             * [* {th:xmlspace,data-th-xmlspace}] [1000]: org.thymeleaf.standard.processor.StandardXmlSpaceTagProcessor
[THYMELEAF]             * [* {th:classappend,data-th-classappend}] [1100]: org.thymeleaf.standard.processor.StandardClassappendTagProcessor
[THYMELEAF]             * [* {th:styleappend,data-th-styleappend}] [1100]: org.thymeleaf.standard.processor.StandardStyleappendTagProcessor
[THYMELEAF]             * [* {th:text,data-th-text}] [1300]: org.thymeleaf.standard.processor.StandardTextTagProcessor
[THYMELEAF]             * [* {th:utext,data-th-utext}] [1400]: org.thymeleaf.standard.processor.StandardUtextTagProcessor
[THYMELEAF]             * [* {th:fragment,data-th-fragment}] [1500]: org.thymeleaf.standard.processor.StandardFragmentTagProcessor
[THYMELEAF]             * [* {th:assert,data-th-assert}] [1550]: org.thymeleaf.standard.processor.StandardAssertTagProcessor
[THYMELEAF]             * [* {th:remove,data-th-remove}] [1600]: org.thymeleaf.standard.processor.StandardRemoveTagProcessor
[THYMELEAF]             * [* {th:ref,data-th-ref}] [10000]: org.thymeleaf.standard.processor.StandardRefAttributeTagProcessor
[THYMELEAF]             * [{th:block,th-block} *] [100000]: org.thymeleaf.standard.processor.StandardBlockTagProcessor
[THYMELEAF]             * [* th:*] [2147483647]: org.thymeleaf.standard.processor.StandardDefaultAttributesTagProcessor
[THYMELEAF]         * Text Processors by [precedence]:
[THYMELEAF]             * [1000]: org.thymeleaf.standard.processor.StandardInliningTextProcessor
[THYMELEAF]         * DOCTYPE Processors by [precedence]:
[THYMELEAF]             * [1000]: org.thymeleaf.standard.processor.StandardTranslationDocTypeProcessor
[THYMELEAF]         * CDATA Section Processors by [precedence]:
[THYMELEAF]             * [1000]: org.thymeleaf.standard.processor.StandardInliningCDATASectionProcessor
[THYMELEAF]         * Comment Processors by [precedence]:
[THYMELEAF]             * [1000]: org.thymeleaf.standard.processor.StandardInliningCommentProcessor
[THYMELEAF]             * [1100]: org.thymeleaf.standard.processor.StandardConditionalCommentProcessor
[THYMELEAF]     * Processors for Template Mode: XML
[THYMELEAF]         * Element Tag Processors by [matching element and attribute name] [precedence]:
[THYMELEAF]             * [* {th:include}] [100]: org.thymeleaf.standard.processor.StandardIncludeTagProcessor
[THYMELEAF]             * [* {th:insert}] [100]: org.thymeleaf.standard.processor.StandardInsertTagProcessor
[THYMELEAF]             * [* {th:replace}] [100]: org.thymeleaf.standard.processor.StandardReplaceTagProcessor
[THYMELEAF]             * [* {th:substituteby}] [100]: org.thymeleaf.standard.processor.StandardSubstituteByTagProcessor
[THYMELEAF]             * [* {th:each}] [200]: com.intuit.karate.template.KarateEachTagProcessor
[THYMELEAF]             * [* {th:switch}] [250]: org.thymeleaf.standard.processor.StandardSwitchTagProcessor
[THYMELEAF]             * [* {th:case}] [275]: org.thymeleaf.standard.processor.StandardCaseTagProcessor
[THYMELEAF]             * [* {th:if}] [300]: org.thymeleaf.standard.processor.StandardIfTagProcessor
[THYMELEAF]             * [* {th:unless}] [400]: org.thymeleaf.standard.processor.StandardUnlessTagProcessor
[THYMELEAF]             * [* {th:object}] [500]: org.thymeleaf.standard.processor.StandardObjectTagProcessor
[THYMELEAF]             * [* {th:with}] [600]: com.intuit.karate.template.KarateWithTagProcessor
[THYMELEAF]             * [* {th:attr}] [700]: com.intuit.karate.template.KarateAttributeTagProcessor.KarateAttrTagProcessor
[THYMELEAF]             * [* {th:attrappend}] [900]: com.intuit.karate.template.KarateAttributeTagProcessor.KarateAttrappendTagProcessor
[THYMELEAF]             * [* {th:attrprepend}] [900]: com.intuit.karate.template.KarateAttributeTagProcessor.KarateAttrprependTagProcessor
[THYMELEAF]             * [* {th:inline}] [1000]: org.thymeleaf.standard.processor.StandardInlineXMLTagProcessor
[THYMELEAF]             * [* {xmlns:th}] [1000]: org.thymeleaf.standard.processor.StandardXmlNsTagProcessor
[THYMELEAF]             * [* {th:text}] [1300]: org.thymeleaf.standard.processor.StandardTextTagProcessor
[THYMELEAF]             * [* {th:utext}] [1400]: org.thymeleaf.standard.processor.StandardUtextTagProcessor
[THYMELEAF]             * [* {th:fragment}] [1500]: org.thymeleaf.standard.processor.StandardFragmentTagProcessor
[THYMELEAF]             * [* {th:assert}] [1550]: org.thymeleaf.standard.processor.StandardAssertTagProcessor
[THYMELEAF]             * [* {th:remove}] [1600]: org.thymeleaf.standard.processor.StandardRemoveTagProcessor
[THYMELEAF]             * [* {th:ref}] [10000]: org.thymeleaf.standard.processor.StandardRefAttributeTagProcessor
[THYMELEAF]             * [{th:block} *] [100000]: org.thymeleaf.standard.processor.StandardBlockTagProcessor
[THYMELEAF]             * [* th:*] [2147483647]: org.thymeleaf.standard.processor.StandardDefaultAttributesTagProcessor
[THYMELEAF]         * Text Processors by [precedence]:
[THYMELEAF]             * [1000]: org.thymeleaf.standard.processor.StandardInliningTextProcessor
[THYMELEAF]         * CDATA Section Processors by [precedence]:
[THYMELEAF]             * [1000]: org.thymeleaf.standard.processor.StandardInliningCDATASectionProcessor
[THYMELEAF]         * Comment Processors by [precedence]:
[THYMELEAF]             * [1000]: org.thymeleaf.standard.processor.StandardInliningCommentProcessor
[THYMELEAF]     * Processors for Template Mode: TEXT
[THYMELEAF]         * Element Tag Processors by [matching element and attribute name] [precedence]:
[THYMELEAF]             * [* {th:insert}] [100]: org.thymeleaf.standard.processor.StandardInsertTagProcessor
[THYMELEAF]             * [* {th:replace}] [100]: org.thymeleaf.standard.processor.StandardReplaceTagProcessor
[THYMELEAF]             * [* {th:each}] [200]: com.intuit.karate.template.KarateEachTagProcessor
[THYMELEAF]             * [* {th:switch}] [250]: org.thymeleaf.standard.processor.StandardSwitchTagProcessor
[THYMELEAF]             * [* {th:case}] [275]: org.thymeleaf.standard.processor.StandardCaseTagProcessor
[THYMELEAF]             * [* {th:if}] [300]: org.thymeleaf.standard.processor.StandardIfTagProcessor
[THYMELEAF]             * [* {th:unless}] [400]: org.thymeleaf.standard.processor.StandardUnlessTagProcessor
[THYMELEAF]             * [* {th:object}] [500]: org.thymeleaf.standard.processor.StandardObjectTagProcessor
[THYMELEAF]             * [* {th:with}] [600]: com.intuit.karate.template.KarateWithTagProcessor
[THYMELEAF]             * [* {th:inline}] [1000]: org.thymeleaf.standard.processor.StandardInlineTextualTagProcessor
[THYMELEAF]             * [* {th:text}] [1300]: org.thymeleaf.standard.processor.StandardTextTagProcessor
[THYMELEAF]             * [* {th:utext}] [1400]: org.thymeleaf.standard.processor.StandardUtextTagProcessor
[THYMELEAF]             * [* {th:assert}] [1550]: org.thymeleaf.standard.processor.StandardAssertTagProcessor
[THYMELEAF]             * [* {th:remove}] [1600]: org.thymeleaf.standard.processor.StandardRemoveTagProcessor
[THYMELEAF]             * [{th:block} *] [100000]: org.thymeleaf.standard.processor.StandardBlockTagProcessor
[THYMELEAF]             * [* 100000] [org.thymeleaf.standard.processor.StandardBlockTagProcessor]: {}
[THYMELEAF]         * Text Processors by [precedence]:
[THYMELEAF]             * [1000]: org.thymeleaf.standard.processor.StandardInliningTextProcessor
[THYMELEAF]     * Processors for Template Mode: JAVASCRIPT
[THYMELEAF]         * Element Tag Processors by [matching element and attribute name] [precedence]:
[THYMELEAF]             * [* {th:insert}] [100]: org.thymeleaf.standard.processor.StandardInsertTagProcessor
[THYMELEAF]             * [* {th:replace}] [100]: org.thymeleaf.standard.processor.StandardReplaceTagProcessor
[THYMELEAF]             * [* {th:each}] [200]: com.intuit.karate.template.KarateEachTagProcessor
[THYMELEAF]             * [* {th:switch}] [250]: org.thymeleaf.standard.processor.StandardSwitchTagProcessor
[THYMELEAF]             * [* {th:case}] [275]: org.thymeleaf.standard.processor.StandardCaseTagProcessor
[THYMELEAF]             * [* {th:if}] [300]: org.thymeleaf.standard.processor.StandardIfTagProcessor
[THYMELEAF]             * [* {th:unless}] [400]: org.thymeleaf.standard.processor.StandardUnlessTagProcessor
[THYMELEAF]             * [* {th:object}] [500]: org.thymeleaf.standard.processor.StandardObjectTagProcessor
[THYMELEAF]             * [* {th:with}] [600]: com.intuit.karate.template.KarateWithTagProcessor
[THYMELEAF]             * [* {th:inline}] [1000]: org.thymeleaf.standard.processor.StandardInlineTextualTagProcessor
[THYMELEAF]             * [* {th:text}] [1300]: org.thymeleaf.standard.processor.StandardTextTagProcessor
[THYMELEAF]             * [* {th:utext}] [1400]: org.thymeleaf.standard.processor.StandardUtextTagProcessor
[THYMELEAF]             * [* {th:assert}] [1550]: org.thymeleaf.standard.processor.StandardAssertTagProcessor
[THYMELEAF]             * [* {th:remove}] [1600]: org.thymeleaf.standard.processor.StandardRemoveTagProcessor
[THYMELEAF]             * [* 100000] [org.thymeleaf.standard.processor.StandardBlockTagProcessor]: {}
[THYMELEAF]             * [{th:block} *] [100000]: org.thymeleaf.standard.processor.StandardBlockTagProcessor
[THYMELEAF]         * Text Processors by [precedence]:
[THYMELEAF]             * [1000]: org.thymeleaf.standard.processor.StandardInliningTextProcessor
[THYMELEAF]     * Processors for Template Mode: CSS
[THYMELEAF]         * Element Tag Processors by [matching element and attribute name] [precedence]:
[THYMELEAF]             * [* {th:insert}] [100]: org.thymeleaf.standard.processor.StandardInsertTagProcessor
[THYMELEAF]             * [* {th:replace}] [100]: org.thymeleaf.standard.processor.StandardReplaceTagProcessor
[THYMELEAF]             * [* {th:each}] [200]: com.intuit.karate.template.KarateEachTagProcessor
[THYMELEAF]             * [* {th:switch}] [250]: org.thymeleaf.standard.processor.StandardSwitchTagProcessor
[THYMELEAF]             * [* {th:case}] [275]: org.thymeleaf.standard.processor.StandardCaseTagProcessor
[THYMELEAF]             * [* {th:if}] [300]: org.thymeleaf.standard.processor.StandardIfTagProcessor
[THYMELEAF]             * [* {th:unless}] [400]: org.thymeleaf.standard.processor.StandardUnlessTagProcessor
[THYMELEAF]             * [* {th:object}] [500]: org.thymeleaf.standard.processor.StandardObjectTagProcessor
[THYMELEAF]             * [* {th:with}] [600]: com.intuit.karate.template.KarateWithTagProcessor
[THYMELEAF]             * [* {th:inline}] [1000]: org.thymeleaf.standard.processor.StandardInlineTextualTagProcessor
[THYMELEAF]             * [* {th:text}] [1300]: org.thymeleaf.standard.processor.StandardTextTagProcessor
[THYMELEAF]             * [* {th:utext}] [1400]: org.thymeleaf.standard.processor.StandardUtextTagProcessor
[THYMELEAF]             * [* {th:assert}] [1550]: org.thymeleaf.standard.processor.StandardAssertTagProcessor
[THYMELEAF]             * [* {th:remove}] [1600]: org.thymeleaf.standard.processor.StandardRemoveTagProcessor
[THYMELEAF]             * [* 100000] [org.thymeleaf.standard.processor.StandardBlockTagProcessor]: {}
[THYMELEAF]             * [{th:block} *] [100000]: org.thymeleaf.standard.processor.StandardBlockTagProcessor
[THYMELEAF]         * Text Processors by [precedence]:
[THYMELEAF]             * [1000]: org.thymeleaf.standard.processor.StandardInliningTextProcessor
[THYMELEAF]     * Expression Objects:
[THYMELEAF]         * #ctx
[THYMELEAF]         * #root
[THYMELEAF]         * #vars
[THYMELEAF]         * #object
[THYMELEAF]         * #locale
[THYMELEAF]         * #request
[THYMELEAF]         * #response
[THYMELEAF]         * #session
[THYMELEAF]         * #servletContext
[THYMELEAF]         * #conversions
[THYMELEAF]         * #uris
[THYMELEAF]         * #calendars
[THYMELEAF]         * #dates
[THYMELEAF]         * #bools
[THYMELEAF]         * #numbers
[THYMELEAF]         * #objects
[THYMELEAF]         * #strings
[THYMELEAF]         * #arrays
[THYMELEAF]         * #lists
[THYMELEAF]         * #sets
[THYMELEAF]         * #maps
[THYMELEAF]         * #aggregates
[THYMELEAF]         * #messages
[THYMELEAF]         * #ids
[THYMELEAF]         * #execInfo
[THYMELEAF]         * #httpServletRequest
[THYMELEAF]         * #httpSession
[THYMELEAF]     * Execution Attributes:
[THYMELEAF]         * "StandardExpressionParser": com.intuit.karate.template.KarateStandardDialect@4491eaeb
[THYMELEAF]         * "StandardJavaScriptSerializer": org.thymeleaf.standard.serializer.StandardJavaScriptSerializer@7976e536
[THYMELEAF]         * "StandardCSSSerializer": org.thymeleaf.standard.serializer.StandardCSSSerializer@670a4738
[THYMELEAF]         * "StandardVariableExpressionEvaluator": com.intuit.karate.template.KarateStandardDialect@4491eaeb
[THYMELEAF]         * "StandardConversionService": org.thymeleaf.standard.expression.StandardConversionService@47ffdbba
[THYMELEAF] * Dialect [2 of 2]: karate (com.intuit.karate.template.KarateScriptDialect)
[THYMELEAF]     * Prefix: "ka"
[THYMELEAF]     * Processors for Template Mode: HTML
[THYMELEAF]         * Element Tag Processors by [matching element and attribute name] [precedence]:
[THYMELEAF]             * [* {src}] [1000]: com.intuit.karate.template.KaScriptAttrProcessor
[THYMELEAF]         * Element Model Processors by [matching element and attribute name] [precedence]:
[THYMELEAF]             * [{script} {ka:scope,data-ka-scope}] [1000]: com.intuit.karate.template.KaScriptElemProcessor
[THYMELEAF]             * [* {ka:set,data-ka-set}] [1000]: com.intuit.karate.template.KaSetElemProcessor
[THYMELEAF] TEMPLATE ENGINE CONFIGURED OK
21:53:21.931 [Test worker] DEBUG org.thymeleaf.TemplateEngine - [THYMELEAF] TEMPLATE ENGINE INITIALIZED

HTML report: (paste into browser to view) | Karate version: 1.2.0
file:///C:/Users/DYLAN/Desktop/T-evolvers/Reto1ApiKarate/BookerAutomation/build/karate-reports/karate-summary.html
===================================================================

]]></system-out>
  <system-err><![CDATA[]]></system-err>
</testsuite>
